{
  "uid" : "99d6098bb83aa860",
  "name" : "Profil információk módosítása",
  "fullName" : "ForumTest.modify_profile_informations",
  "historyId" : "e258eb02211bb9da3bdb1a057ad5987b",
  "time" : {
    "start" : 1629901064146,
    "stop" : 1629901091304,
    "duration" : 27158
  },
  "description" : "",
  "status" : "broken",
  "statusMessage" : "Expected condition failed: waiting for visibility of element located by By.xpath: //*[contains(@name,'homepage')] (tried for 10 second(s) with 500 milliseconds interval)",
  "statusTrace" : "org.openqa.selenium.TimeoutException: Expected condition failed: waiting for visibility of element located by By.xpath: //*[contains(@name,'homepage')] (tried for 10 second(s) with 500 milliseconds interval)\n\tat org.openqa.selenium.support.ui.WebDriverWait.timeoutException(WebDriverWait.java:95)\n\tat org.openqa.selenium.support.ui.FluentWait.until(FluentWait.java:272)\n\tat Settings.modify_data(Settings.java:108)\n\tat ForumTest.modify_profile_informations(ForumTest.java:132)\n\tat java.base/jdk.internal.reflect.NativeMethodAccessorImpl.invoke0(Native Method)\n\tat java.base/jdk.internal.reflect.NativeMethodAccessorImpl.invoke(NativeMethodAccessorImpl.java:78)\n\tat java.base/jdk.internal.reflect.DelegatingMethodAccessorImpl.invoke(DelegatingMethodAccessorImpl.java:43)\n\tat java.base/java.lang.reflect.Method.invoke(Method.java:567)\n\tat org.junit.platform.commons.util.ReflectionUtils.invokeMethod(ReflectionUtils.java:725)\n\tat org.junit.jupiter.engine.execution.MethodInvocation.proceed(MethodInvocation.java:60)\n\tat org.junit.jupiter.engine.execution.InvocationInterceptorChain$ValidatingInvocation.proceed(InvocationInterceptorChain.java:131)\n\tat org.junit.jupiter.api.extension.InvocationInterceptor.interceptTestMethod(InvocationInterceptor.java:118)\n\tat org.junit.jupiter.engine.execution.ExecutableInvoker$ReflectiveInterceptorCall.lambda$ofVoidMethod$0(ExecutableInvoker.java:115)\n\tat org.junit.jupiter.engine.execution.ExecutableInvoker.lambda$invoke$0(ExecutableInvoker.java:105)\n\tat org.junit.jupiter.engine.execution.InvocationInterceptorChain$InterceptedInvocation.proceed(InvocationInterceptorChain.java:106)\n\tat org.junit.jupiter.engine.extension.TimeoutExtension.intercept(TimeoutExtension.java:149)\n\tat org.junit.jupiter.engine.extension.TimeoutExtension.interceptTestableMethod(TimeoutExtension.java:140)\n\tat org.junit.jupiter.engine.extension.TimeoutExtension.interceptTestMethod(TimeoutExtension.java:84)\n\tat org.junit.jupiter.engine.execution.ExecutableInvoker$ReflectiveInterceptorCall.lambda$ofVoidMethod$0(ExecutableInvoker.java:115)\n\tat org.junit.jupiter.engine.execution.ExecutableInvoker.lambda$invoke$0(ExecutableInvoker.java:105)\n\tat org.junit.jupiter.engine.execution.InvocationInterceptorChain$InterceptedInvocation.proceed(InvocationInterceptorChain.java:106)\n\tat org.junit.jupiter.engine.execution.InvocationInterceptorChain.proceed(InvocationInterceptorChain.java:64)\n\tat org.junit.jupiter.engine.execution.InvocationInterceptorChain.chainAndInvoke(InvocationInterceptorChain.java:45)\n\tat org.junit.jupiter.engine.execution.InvocationInterceptorChain.invoke(InvocationInterceptorChain.java:37)\n\tat org.junit.jupiter.engine.execution.ExecutableInvoker.invoke(ExecutableInvoker.java:104)\n\tat org.junit.jupiter.engine.execution.ExecutableInvoker.invoke(ExecutableInvoker.java:98)\n\tat org.junit.jupiter.engine.descriptor.TestMethodTestDescriptor.lambda$invokeTestMethod$7(TestMethodTestDescriptor.java:214)\n\tat org.junit.platform.engine.support.hierarchical.ThrowableCollector.execute(ThrowableCollector.java:73)\n\tat org.junit.jupiter.engine.descriptor.TestMethodTestDescriptor.invokeTestMethod(TestMethodTestDescriptor.java:210)\n\tat org.junit.jupiter.engine.descriptor.TestMethodTestDescriptor.execute(TestMethodTestDescriptor.java:135)\n\tat org.junit.jupiter.engine.descriptor.TestMethodTestDescriptor.execute(TestMethodTestDescriptor.java:66)\n\tat org.junit.platform.engine.support.hierarchical.NodeTestTask.lambda$executeRecursively$5(NodeTestTask.java:139)\n\tat org.junit.platform.engine.support.hierarchical.ThrowableCollector.execute(ThrowableCollector.java:73)\n\tat org.junit.platform.engine.support.hierarchical.NodeTestTask.lambda$executeRecursively$7(NodeTestTask.java:129)\n\tat org.junit.platform.engine.support.hierarchical.Node.around(Node.java:137)\n\tat org.junit.platform.engine.support.hierarchical.NodeTestTask.lambda$executeRecursively$8(NodeTestTask.java:127)\n\tat org.junit.platform.engine.support.hierarchical.ThrowableCollector.execute(ThrowableCollector.java:73)\n\tat org.junit.platform.engine.support.hierarchical.NodeTestTask.executeRecursively(NodeTestTask.java:126)\n\tat org.junit.platform.engine.support.hierarchical.NodeTestTask.execute(NodeTestTask.java:84)\n\tat org.junit.platform.engine.support.hierarchical.ForkJoinPoolHierarchicalTestExecutorService$ExclusiveTask.compute(ForkJoinPoolHierarchicalTestExecutorService.java:185)\n\tat org.junit.platform.engine.support.hierarchical.ForkJoinPoolHierarchicalTestExecutorService.executeNonConcurrentTasks(ForkJoinPoolHierarchicalTestExecutorService.java:155)\n\tat org.junit.platform.engine.support.hierarchical.ForkJoinPoolHierarchicalTestExecutorService.invokeAll(ForkJoinPoolHierarchicalTestExecutorService.java:135)\n\tat org.junit.platform.engine.support.hierarchical.NodeTestTask.lambda$executeRecursively$5(NodeTestTask.java:143)\n\tat org.junit.platform.engine.support.hierarchical.ThrowableCollector.execute(ThrowableCollector.java:73)\n\tat org.junit.platform.engine.support.hierarchical.NodeTestTask.lambda$executeRecursively$7(NodeTestTask.java:129)\n\tat org.junit.platform.engine.support.hierarchical.Node.around(Node.java:137)\n\tat org.junit.platform.engine.support.hierarchical.NodeTestTask.lambda$executeRecursively$8(NodeTestTask.java:127)\n\tat org.junit.platform.engine.support.hierarchical.ThrowableCollector.execute(ThrowableCollector.java:73)\n\tat org.junit.platform.engine.support.hierarchical.NodeTestTask.executeRecursively(NodeTestTask.java:126)\n\tat org.junit.platform.engine.support.hierarchical.NodeTestTask.execute(NodeTestTask.java:84)\n\tat org.junit.platform.engine.support.hierarchical.ForkJoinPoolHierarchicalTestExecutorService$ExclusiveTask.compute(ForkJoinPoolHierarchicalTestExecutorService.java:185)\n\tat org.junit.platform.engine.support.hierarchical.ForkJoinPoolHierarchicalTestExecutorService.invokeAll(ForkJoinPoolHierarchicalTestExecutorService.java:129)\n\tat org.junit.platform.engine.support.hierarchical.NodeTestTask.lambda$executeRecursively$5(NodeTestTask.java:143)\n\tat org.junit.platform.engine.support.hierarchical.ThrowableCollector.execute(ThrowableCollector.java:73)\n\tat org.junit.platform.engine.support.hierarchical.NodeTestTask.lambda$executeRecursively$7(NodeTestTask.java:129)\n\tat org.junit.platform.engine.support.hierarchical.Node.around(Node.java:137)\n\tat org.junit.platform.engine.support.hierarchical.NodeTestTask.lambda$executeRecursively$8(NodeTestTask.java:127)\n\tat org.junit.platform.engine.support.hierarchical.ThrowableCollector.execute(ThrowableCollector.java:73)\n\tat org.junit.platform.engine.support.hierarchical.NodeTestTask.executeRecursively(NodeTestTask.java:126)\n\tat org.junit.platform.engine.support.hierarchical.NodeTestTask.execute(NodeTestTask.java:84)\n\tat org.junit.platform.engine.support.hierarchical.ForkJoinPoolHierarchicalTestExecutorService$ExclusiveTask.compute(ForkJoinPoolHierarchicalTestExecutorService.java:185)\n\tat java.base/java.util.concurrent.RecursiveAction.exec(RecursiveAction.java:194)\n\tat java.base/java.util.concurrent.ForkJoinTask.doExec(ForkJoinTask.java:295)\n\tat java.base/java.util.concurrent.ForkJoinPool$WorkQueue.topLevelExec(ForkJoinPool.java:1016)\n\tat java.base/java.util.concurrent.ForkJoinPool.scan(ForkJoinPool.java:1665)\n\tat java.base/java.util.concurrent.ForkJoinPool.runWorker(ForkJoinPool.java:1598)\n\tat java.base/java.util.concurrent.ForkJoinWorkerThread.run(ForkJoinWorkerThread.java:183)\nCaused by: org.openqa.selenium.NoSuchElementException: no such element: Unable to locate element: {\"method\":\"xpath\",\"selector\":\"//*[contains(@name,'homepage')]\"}\n  (Session info: headless chrome=92.0.4515.131)\nFor documentation on this error, please visit: https://www.seleniumhq.org/exceptions/no_such_element.html\nBuild info: version: '3.141.59', revision: 'e82be7d358', time: '2018-11-14T08:17:03'\nSystem info: host: 'fv-az77-272', ip: '10.1.0.32', os.name: 'Linux', os.arch: 'amd64', os.version: '5.8.0-1039-azure', java.version: '16.0.2'\nDriver info: org.openqa.selenium.chrome.ChromeDriver\nCapabilities {acceptInsecureCerts: false, browserName: chrome, browserVersion: 92.0.4515.131, chrome: {chromedriverVersion: 92.0.4515.107 (87a818b10553..., userDataDir: /tmp/.com.google.Chrome.eISTJJ}, goog:chromeOptions: {debuggerAddress: localhost:9222}, javascriptEnabled: true, networkConnectionEnabled: false, pageLoadStrategy: normal, platform: LINUX, platformName: LINUX, proxy: Proxy(), setWindowRect: true, strictFileInteractability: false, timeouts: {implicit: 0, pageLoad: 300000, script: 30000}, unhandledPromptBehavior: dismiss and notify, webauthn:extension:credBlob: true, webauthn:extension:largeBlob: true, webauthn:virtualAuthenticators: true}\nSession ID: 087f75fbe6639002e7be92a368a0017b\n*** Element info: {Using=xpath, value=//*[contains(@name,'homepage')]}\n\tat jdk.internal.reflect.GeneratedConstructorAccessor16.newInstance(Unknown Source)\n\tat java.base/jdk.internal.reflect.DelegatingConstructorAccessorImpl.newInstance(DelegatingConstructorAccessorImpl.java:45)\n\tat java.base/java.lang.reflect.Constructor.newInstanceWithCaller(Constructor.java:499)\n\tat java.base/java.lang.reflect.Constructor.newInstance(Constructor.java:480)\n\tat org.openqa.selenium.remote.http.W3CHttpResponseCodec.createException(W3CHttpResponseCodec.java:187)\n\tat org.openqa.selenium.remote.http.W3CHttpResponseCodec.decode(W3CHttpResponseCodec.java:122)\n\tat org.openqa.selenium.remote.http.W3CHttpResponseCodec.decode(W3CHttpResponseCodec.java:49)\n\tat org.openqa.selenium.remote.HttpCommandExecutor.execute(HttpCommandExecutor.java:158)\n\tat org.openqa.selenium.remote.service.DriverCommandExecutor.execute(DriverCommandExecutor.java:83)\n\tat org.openqa.selenium.remote.RemoteWebDriver.execute(RemoteWebDriver.java:552)\n\tat org.openqa.selenium.remote.RemoteWebDriver.findElement(RemoteWebDriver.java:323)\n\tat org.openqa.selenium.remote.RemoteWebDriver.findElementByXPath(RemoteWebDriver.java:428)\n\tat org.openqa.selenium.By$ByXPath.findElement(By.java:353)\n\tat org.openqa.selenium.remote.RemoteWebDriver.findElement(RemoteWebDriver.java:315)\n\tat org.openqa.selenium.support.ui.ExpectedConditions$7.apply(ExpectedConditions.java:205)\n\tat org.openqa.selenium.support.ui.ExpectedConditions$7.apply(ExpectedConditions.java:201)\n\tat org.openqa.selenium.support.ui.FluentWait.until(FluentWait.java:249)\n\t... 65 more\n",
  "flaky" : false,
  "newFailed" : false,
  "beforeStages" : [ {
    "name" : "Setup",
    "time" : {
      "start" : 1629901064160,
      "stop" : 1629901077485,
      "duration" : 13325
    },
    "status" : "passed",
    "steps" : [ ],
    "attachments" : [ ],
    "parameters" : [ ],
    "stepsCount" : 0,
    "attachmentsCount" : 0,
    "shouldDisplayMessage" : false,
    "hasContent" : false
  } ],
  "afterStages" : [ {
    "name" : "Close",
    "time" : {
      "start" : 1629901091177,
      "stop" : 1629901091295,
      "duration" : 118
    },
    "status" : "passed",
    "steps" : [ ],
    "attachments" : [ ],
    "parameters" : [ ],
    "stepsCount" : 0,
    "attachmentsCount" : 0,
    "shouldDisplayMessage" : false,
    "hasContent" : false
  } ],
  "labels" : [ {
    "name" : "host",
    "value" : "fv-az77-272"
  }, {
    "name" : "thread",
    "value" : "3191@fv-az77-272.ForkJoinPool-1-worker-3(16)"
  }, {
    "name" : "framework",
    "value" : "junit-platform"
  }, {
    "name" : "language",
    "value" : "java"
  }, {
    "name" : "package",
    "value" : "ForumTest"
  }, {
    "name" : "testClass",
    "value" : "ForumTest"
  }, {
    "name" : "testMethod",
    "value" : "modify_profile_informations"
  }, {
    "name" : "suite",
    "value" : "ForumTest"
  }, {
    "name" : "resultFormat",
    "value" : "allure2"
  } ],
  "parameters" : [ ],
  "links" : [ ],
  "hidden" : false,
  "retry" : false,
  "extra" : {
    "severity" : "normal",
    "retries" : [ {
      "uid" : "2bdf14accd2d8509",
      "status" : "passed",
      "time" : {
        "start" : 1629898437279,
        "stop" : 1629898451578,
        "duration" : 14299
      }
    }, {
      "uid" : "bcfa4de83f172f37",
      "status" : "passed",
      "time" : {
        "start" : 1629889759761,
        "stop" : 1629889773271,
        "duration" : 13510
      }
    }, {
      "uid" : "497ce62dc2592c9",
      "status" : "broken",
      "statusDetails" : "Expected condition failed: waiting for visibility of element located by By.xpath: //*[@class=' css-k8o10q'] (tried for 5 second(s) with 500 milliseconds interval)",
      "time" : {
        "start" : 1629889183281,
        "stop" : 1629889199908,
        "duration" : 16627
      }
    } ],
    "categories" : [ {
      "name" : "Test defects",
      "matchedStatuses" : [ ],
      "flaky" : false
    } ],
    "history" : {
      "statistic" : {
        "failed" : 0,
        "broken" : 5,
        "skipped" : 0,
        "passed" : 0,
        "unknown" : 0,
        "total" : 5
      },
      "items" : [ {
        "uid" : "f8208507ac7cdeea",
        "reportUrl" : "https://Christopher9411.github.io/ExamworkProject/41//#testresult/f8208507ac7cdeea",
        "status" : "broken",
        "statusDetails" : "element click intercepted: Element <li>...</li> is not clickable at point (108, 254). Other element would receive the click: <p>...</p>\n  (Session info: headless chrome=92.0.4515.131)\nBuild info: version: '3.141.59', revision: 'e82be7d358', time: '2018-11-14T08:17:03'\nSystem info: host: 'fv-az42-204', ip: '10.1.0.9', os.name: 'Linux', os.arch: 'amd64', os.version: '5.8.0-1039-azure', java.version: '16.0.2'\nDriver info: org.openqa.selenium.chrome.ChromeDriver\nCapabilities {acceptInsecureCerts: false, browserName: chrome, browserVersion: 92.0.4515.131, chrome: {chromedriverVersion: 92.0.4515.107 (87a818b10553..., userDataDir: /tmp/.com.google.Chrome.pZmJfZ}, goog:chromeOptions: {debuggerAddress: localhost:9222}, javascriptEnabled: true, networkConnectionEnabled: false, pageLoadStrategy: normal, platform: LINUX, platformName: LINUX, proxy: Proxy(), setWindowRect: true, strictFileInteractability: false, timeouts: {implicit: 0, pageLoad: 300000, script: 30000}, unhandledPromptBehavior: dismiss and notify, webauthn:extension:credBlob: true, webauthn:extension:largeBlob: true, webauthn:virtualAuthenticators: true}\nSession ID: 2269067cd5f59d89be206187e3dec57a",
        "time" : {
          "start" : 1629898789552,
          "stop" : 1629898817401,
          "duration" : 27849
        }
      }, {
        "uid" : "daf563d9b73086d0",
        "reportUrl" : "https://Christopher9411.github.io/ExamworkProject/40//#testresult/daf563d9b73086d0",
        "status" : "broken",
        "statusDetails" : "unknown error: Chrome failed to start: exited abnormally.\n  (chrome not reachable)\n  (The process started from chrome location /usr/bin/google-chrome is no longer running, so ChromeDriver is assuming that Chrome has crashed.)\nBuild info: version: '3.141.59', revision: 'e82be7d358', time: '2018-11-14T08:17:03'\nSystem info: host: 'fv-az77-272', ip: '10.1.0.71', os.name: 'Linux', os.arch: 'amd64', os.version: '5.8.0-1039-azure', java.version: '16.0.2'\nDriver info: driver.version: ChromeDriver\nremote stacktrace: #0 0x5569157c2a63 <unknown>\n#1 0x556915537458 <unknown>\n#2 0x55691555a2e3 <unknown>\n#3 0x556915555e9f <unknown>\n#4 0x55691558fb72 <unknown>\n#5 0x556915589fd3 <unknown>\n#6 0x556915560514 <unknown>\n#7 0x556915561505 <unknown>\n#8 0x5569157eee2e <unknown>\n#9 0x556915804886 <unknown>\n#10 0x5569157efd75 <unknown>\n#11 0x556915805d94 <unknown>\n#12 0x5569157e68eb <unknown>\n#13 0x556915820cd8 <unknown>\n#14 0x556915820e58 <unknown>\n#15 0x55691583adfd <unknown>\n#16 0x7f0610c4c609 start_thread\n",
        "time" : {
          "start" : 1629897848390,
          "stop" : 1629897851287,
          "duration" : 2897
        }
      }, {
        "uid" : "6875a83329e7444d",
        "reportUrl" : "https://Christopher9411.github.io/ExamworkProject/39//#testresult/6875a83329e7444d",
        "status" : "broken",
        "statusDetails" : "Expected condition failed: waiting for visibility of element located by By.xpath: //*[contains(@name,'homepage')] (tried for 10 second(s) with 500 milliseconds interval)",
        "time" : {
          "start" : 1629893078339,
          "stop" : 1629893104536,
          "duration" : 26197
        }
      }, {
        "uid" : "55eb798bae70972d",
        "reportUrl" : "https://Christopher9411.github.io/ExamworkProject/38//#testresult/55eb798bae70972d",
        "status" : "broken",
        "statusDetails" : "unknown error: Chrome failed to start: exited abnormally.\n  (chrome not reachable)\n  (The process started from chrome location /usr/bin/google-chrome is no longer running, so ChromeDriver is assuming that Chrome has crashed.)\nBuild info: version: '3.141.59', revision: 'e82be7d358', time: '2018-11-14T08:17:03'\nSystem info: host: 'fv-az36-263', ip: '10.1.0.9', os.name: 'Linux', os.arch: 'amd64', os.version: '5.8.0-1039-azure', java.version: '16.0.2'\nDriver info: driver.version: ChromeDriver\nremote stacktrace: #0 0x563d08749a63 <unknown>\n#1 0x563d084be458 <unknown>\n#2 0x563d084e12e3 <unknown>\n#3 0x563d084dce9f <unknown>\n#4 0x563d08516b72 <unknown>\n#5 0x563d08510fd3 <unknown>\n#6 0x563d084e7514 <unknown>\n#7 0x563d084e8505 <unknown>\n#8 0x563d08775e2e <unknown>\n#9 0x563d0878b886 <unknown>\n#10 0x563d08776d75 <unknown>\n#11 0x563d0878cd94 <unknown>\n#12 0x563d0876d8eb <unknown>\n#13 0x563d087a7cd8 <unknown>\n#14 0x563d087a7e58 <unknown>\n#15 0x563d087c1dfd <unknown>\n#16 0x7f652b3df609 start_thread\n",
        "time" : {
          "start" : 1629889706788,
          "stop" : 1629889710123,
          "duration" : 3335
        }
      } ]
    },
    "tags" : [ ]
  },
  "source" : "99d6098bb83aa860.json",
  "parameterValues" : [ ]
}