{
  "uid" : "d022ca08b60559a3",
  "name" : "Bejelentkezési adatok beolvasása fájlból",
  "fullName" : "ForumTest.Read_from_file",
  "historyId" : "fa64ebe5001b2891b17c88accb16f4ff",
  "time" : {
    "start" : 1644407278262,
    "stop" : 1644407294211,
    "duration" : 15949
  },
  "description" : "",
  "status" : "broken",
  "statusMessage" : "Expected condition failed: waiting for visibility of element located by By.xpath: //a[@href='/Rights/logout'] (tried for 5 second(s) with 500 milliseconds interval)",
  "statusTrace" : "org.openqa.selenium.TimeoutException: Expected condition failed: waiting for visibility of element located by By.xpath: //a[@href='/Rights/logout'] (tried for 5 second(s) with 500 milliseconds interval)\n\tat org.openqa.selenium.support.ui.WebDriverWait.timeoutException(WebDriverWait.java:95)\n\tat org.openqa.selenium.support.ui.FluentWait.until(FluentWait.java:272)\n\tat Main_page.fileread(Main_page.java:98)\n\tat ForumTest.Read_from_file(ForumTest.java:72)\n\tat java.base/jdk.internal.reflect.NativeMethodAccessorImpl.invoke0(Native Method)\n\tat java.base/jdk.internal.reflect.NativeMethodAccessorImpl.invoke(NativeMethodAccessorImpl.java:78)\n\tat java.base/jdk.internal.reflect.DelegatingMethodAccessorImpl.invoke(DelegatingMethodAccessorImpl.java:43)\n\tat java.base/java.lang.reflect.Method.invoke(Method.java:567)\n\tat org.junit.platform.commons.util.ReflectionUtils.invokeMethod(ReflectionUtils.java:725)\n\tat org.junit.jupiter.engine.execution.MethodInvocation.proceed(MethodInvocation.java:60)\n\tat org.junit.jupiter.engine.execution.InvocationInterceptorChain$ValidatingInvocation.proceed(InvocationInterceptorChain.java:131)\n\tat org.junit.jupiter.api.extension.InvocationInterceptor.interceptTestMethod(InvocationInterceptor.java:118)\n\tat org.junit.jupiter.engine.execution.ExecutableInvoker$ReflectiveInterceptorCall.lambda$ofVoidMethod$0(ExecutableInvoker.java:115)\n\tat org.junit.jupiter.engine.execution.ExecutableInvoker.lambda$invoke$0(ExecutableInvoker.java:105)\n\tat org.junit.jupiter.engine.execution.InvocationInterceptorChain$InterceptedInvocation.proceed(InvocationInterceptorChain.java:106)\n\tat org.junit.jupiter.engine.extension.TimeoutExtension.intercept(TimeoutExtension.java:149)\n\tat org.junit.jupiter.engine.extension.TimeoutExtension.interceptTestableMethod(TimeoutExtension.java:140)\n\tat org.junit.jupiter.engine.extension.TimeoutExtension.interceptTestMethod(TimeoutExtension.java:84)\n\tat org.junit.jupiter.engine.execution.ExecutableInvoker$ReflectiveInterceptorCall.lambda$ofVoidMethod$0(ExecutableInvoker.java:115)\n\tat org.junit.jupiter.engine.execution.ExecutableInvoker.lambda$invoke$0(ExecutableInvoker.java:105)\n\tat org.junit.jupiter.engine.execution.InvocationInterceptorChain$InterceptedInvocation.proceed(InvocationInterceptorChain.java:106)\n\tat org.junit.jupiter.engine.execution.InvocationInterceptorChain.proceed(InvocationInterceptorChain.java:64)\n\tat org.junit.jupiter.engine.execution.InvocationInterceptorChain.chainAndInvoke(InvocationInterceptorChain.java:45)\n\tat org.junit.jupiter.engine.execution.InvocationInterceptorChain.invoke(InvocationInterceptorChain.java:37)\n\tat org.junit.jupiter.engine.execution.ExecutableInvoker.invoke(ExecutableInvoker.java:104)\n\tat org.junit.jupiter.engine.execution.ExecutableInvoker.invoke(ExecutableInvoker.java:98)\n\tat org.junit.jupiter.engine.descriptor.TestMethodTestDescriptor.lambda$invokeTestMethod$7(TestMethodTestDescriptor.java:214)\n\tat org.junit.platform.engine.support.hierarchical.ThrowableCollector.execute(ThrowableCollector.java:73)\n\tat org.junit.jupiter.engine.descriptor.TestMethodTestDescriptor.invokeTestMethod(TestMethodTestDescriptor.java:210)\n\tat org.junit.jupiter.engine.descriptor.TestMethodTestDescriptor.execute(TestMethodTestDescriptor.java:135)\n\tat org.junit.jupiter.engine.descriptor.TestMethodTestDescriptor.execute(TestMethodTestDescriptor.java:66)\n\tat org.junit.platform.engine.support.hierarchical.NodeTestTask.lambda$executeRecursively$5(NodeTestTask.java:139)\n\tat org.junit.platform.engine.support.hierarchical.ThrowableCollector.execute(ThrowableCollector.java:73)\n\tat org.junit.platform.engine.support.hierarchical.NodeTestTask.lambda$executeRecursively$7(NodeTestTask.java:129)\n\tat org.junit.platform.engine.support.hierarchical.Node.around(Node.java:137)\n\tat org.junit.platform.engine.support.hierarchical.NodeTestTask.lambda$executeRecursively$8(NodeTestTask.java:127)\n\tat org.junit.platform.engine.support.hierarchical.ThrowableCollector.execute(ThrowableCollector.java:73)\n\tat org.junit.platform.engine.support.hierarchical.NodeTestTask.executeRecursively(NodeTestTask.java:126)\n\tat org.junit.platform.engine.support.hierarchical.NodeTestTask.execute(NodeTestTask.java:84)\n\tat org.junit.platform.engine.support.hierarchical.ForkJoinPoolHierarchicalTestExecutorService$ExclusiveTask.compute(ForkJoinPoolHierarchicalTestExecutorService.java:185)\n\tat org.junit.platform.engine.support.hierarchical.ForkJoinPoolHierarchicalTestExecutorService.executeNonConcurrentTasks(ForkJoinPoolHierarchicalTestExecutorService.java:155)\n\tat org.junit.platform.engine.support.hierarchical.ForkJoinPoolHierarchicalTestExecutorService.invokeAll(ForkJoinPoolHierarchicalTestExecutorService.java:135)\n\tat org.junit.platform.engine.support.hierarchical.NodeTestTask.lambda$executeRecursively$5(NodeTestTask.java:143)\n\tat org.junit.platform.engine.support.hierarchical.ThrowableCollector.execute(ThrowableCollector.java:73)\n\tat org.junit.platform.engine.support.hierarchical.NodeTestTask.lambda$executeRecursively$7(NodeTestTask.java:129)\n\tat org.junit.platform.engine.support.hierarchical.Node.around(Node.java:137)\n\tat org.junit.platform.engine.support.hierarchical.NodeTestTask.lambda$executeRecursively$8(NodeTestTask.java:127)\n\tat org.junit.platform.engine.support.hierarchical.ThrowableCollector.execute(ThrowableCollector.java:73)\n\tat org.junit.platform.engine.support.hierarchical.NodeTestTask.executeRecursively(NodeTestTask.java:126)\n\tat org.junit.platform.engine.support.hierarchical.NodeTestTask.execute(NodeTestTask.java:84)\n\tat org.junit.platform.engine.support.hierarchical.ForkJoinPoolHierarchicalTestExecutorService$ExclusiveTask.compute(ForkJoinPoolHierarchicalTestExecutorService.java:185)\n\tat org.junit.platform.engine.support.hierarchical.ForkJoinPoolHierarchicalTestExecutorService.invokeAll(ForkJoinPoolHierarchicalTestExecutorService.java:129)\n\tat org.junit.platform.engine.support.hierarchical.NodeTestTask.lambda$executeRecursively$5(NodeTestTask.java:143)\n\tat org.junit.platform.engine.support.hierarchical.ThrowableCollector.execute(ThrowableCollector.java:73)\n\tat org.junit.platform.engine.support.hierarchical.NodeTestTask.lambda$executeRecursively$7(NodeTestTask.java:129)\n\tat org.junit.platform.engine.support.hierarchical.Node.around(Node.java:137)\n\tat org.junit.platform.engine.support.hierarchical.NodeTestTask.lambda$executeRecursively$8(NodeTestTask.java:127)\n\tat org.junit.platform.engine.support.hierarchical.ThrowableCollector.execute(ThrowableCollector.java:73)\n\tat org.junit.platform.engine.support.hierarchical.NodeTestTask.executeRecursively(NodeTestTask.java:126)\n\tat org.junit.platform.engine.support.hierarchical.NodeTestTask.execute(NodeTestTask.java:84)\n\tat org.junit.platform.engine.support.hierarchical.ForkJoinPoolHierarchicalTestExecutorService$ExclusiveTask.compute(ForkJoinPoolHierarchicalTestExecutorService.java:185)\n\tat java.base/java.util.concurrent.RecursiveAction.exec(RecursiveAction.java:194)\n\tat java.base/java.util.concurrent.ForkJoinTask.doExec(ForkJoinTask.java:295)\n\tat java.base/java.util.concurrent.ForkJoinPool$WorkQueue.topLevelExec(ForkJoinPool.java:1016)\n\tat java.base/java.util.concurrent.ForkJoinPool.scan(ForkJoinPool.java:1665)\n\tat java.base/java.util.concurrent.ForkJoinPool.runWorker(ForkJoinPool.java:1598)\n\tat java.base/java.util.concurrent.ForkJoinWorkerThread.run(ForkJoinWorkerThread.java:183)\nCaused by: org.openqa.selenium.NoSuchElementException: no such element: Unable to locate element: {\"method\":\"xpath\",\"selector\":\"//a[@href='/Rights/logout']\"}\n  (Session info: headless chrome=97.0.4692.99)\nFor documentation on this error, please visit: https://www.seleniumhq.org/exceptions/no_such_element.html\nBuild info: version: '3.141.59', revision: 'e82be7d358', time: '2018-11-14T08:17:03'\nSystem info: host: 'fv-az126-754', ip: '10.1.0.235', os.name: 'Linux', os.arch: 'amd64', os.version: '5.11.0-1028-azure', java.version: '16.0.2'\nDriver info: org.openqa.selenium.chrome.ChromeDriver\nCapabilities {acceptInsecureCerts: false, browserName: chrome, browserVersion: 97.0.4692.99, chrome: {chromedriverVersion: 97.0.4692.71 (adefa7837d02a..., userDataDir: /tmp/.com.google.Chrome.HguGSk}, goog:chromeOptions: {debuggerAddress: localhost:40493}, javascriptEnabled: true, networkConnectionEnabled: false, pageLoadStrategy: normal, platform: LINUX, platformName: LINUX, proxy: Proxy(), setWindowRect: true, strictFileInteractability: false, timeouts: {implicit: 0, pageLoad: 300000, script: 30000}, unhandledPromptBehavior: dismiss and notify, webauthn:extension:credBlob: true, webauthn:extension:largeBlob: true, webauthn:virtualAuthenticators: true}\nSession ID: bb7e6380d447c091a01cf89620f98e06\n*** Element info: {Using=xpath, value=//a[@href='/Rights/logout']}\n\tat jdk.internal.reflect.GeneratedConstructorAccessor16.newInstance(Unknown Source)\n\tat java.base/jdk.internal.reflect.DelegatingConstructorAccessorImpl.newInstance(DelegatingConstructorAccessorImpl.java:45)\n\tat java.base/java.lang.reflect.Constructor.newInstanceWithCaller(Constructor.java:499)\n\tat java.base/java.lang.reflect.Constructor.newInstance(Constructor.java:480)\n\tat org.openqa.selenium.remote.http.W3CHttpResponseCodec.createException(W3CHttpResponseCodec.java:187)\n\tat org.openqa.selenium.remote.http.W3CHttpResponseCodec.decode(W3CHttpResponseCodec.java:122)\n\tat org.openqa.selenium.remote.http.W3CHttpResponseCodec.decode(W3CHttpResponseCodec.java:49)\n\tat org.openqa.selenium.remote.HttpCommandExecutor.execute(HttpCommandExecutor.java:158)\n\tat org.openqa.selenium.remote.service.DriverCommandExecutor.execute(DriverCommandExecutor.java:83)\n\tat org.openqa.selenium.remote.RemoteWebDriver.execute(RemoteWebDriver.java:552)\n\tat org.openqa.selenium.remote.RemoteWebDriver.findElement(RemoteWebDriver.java:323)\n\tat org.openqa.selenium.remote.RemoteWebDriver.findElementByXPath(RemoteWebDriver.java:428)\n\tat org.openqa.selenium.By$ByXPath.findElement(By.java:353)\n\tat org.openqa.selenium.remote.RemoteWebDriver.findElement(RemoteWebDriver.java:315)\n\tat org.openqa.selenium.support.ui.ExpectedConditions$7.apply(ExpectedConditions.java:205)\n\tat org.openqa.selenium.support.ui.ExpectedConditions$7.apply(ExpectedConditions.java:201)\n\tat org.openqa.selenium.support.ui.FluentWait.until(FluentWait.java:249)\n\t... 65 more\n",
  "flaky" : false,
  "newFailed" : false,
  "beforeStages" : [ {
    "name" : "Setup",
    "time" : {
      "start" : 1644407278262,
      "stop" : 1644407285914,
      "duration" : 7652
    },
    "status" : "passed",
    "steps" : [ ],
    "attachments" : [ ],
    "parameters" : [ ],
    "stepsCount" : 0,
    "attachmentsCount" : 0,
    "shouldDisplayMessage" : false,
    "hasContent" : false
  } ],
  "afterStages" : [ {
    "name" : "Close",
    "time" : {
      "start" : 1644407294100,
      "stop" : 1644407294210,
      "duration" : 110
    },
    "status" : "passed",
    "steps" : [ ],
    "attachments" : [ ],
    "parameters" : [ ],
    "stepsCount" : 0,
    "attachmentsCount" : 0,
    "shouldDisplayMessage" : false,
    "hasContent" : false
  } ],
  "labels" : [ {
    "name" : "host",
    "value" : "fv-az126-754"
  }, {
    "name" : "thread",
    "value" : "2892@fv-az126-754.ForkJoinPool-1-worker-3(16)"
  }, {
    "name" : "framework",
    "value" : "junit-platform"
  }, {
    "name" : "language",
    "value" : "java"
  }, {
    "name" : "package",
    "value" : "ForumTest"
  }, {
    "name" : "testClass",
    "value" : "ForumTest"
  }, {
    "name" : "testMethod",
    "value" : "Read_from_file"
  }, {
    "name" : "suite",
    "value" : "ForumTest"
  }, {
    "name" : "resultFormat",
    "value" : "allure2"
  } ],
  "parameters" : [ ],
  "links" : [ ],
  "hidden" : false,
  "retry" : false,
  "extra" : {
    "severity" : "normal",
    "retries" : [ {
      "uid" : "39bd0d594bc74c75",
      "status" : "passed",
      "time" : {
        "start" : 1630047466646,
        "stop" : 1630047472317,
        "duration" : 5671
      }
    }, {
      "uid" : "c7521492520fd628",
      "status" : "passed",
      "time" : {
        "start" : 1630047153728,
        "stop" : 1630047160117,
        "duration" : 6389
      }
    }, {
      "uid" : "e167ddba7d4b7ac3",
      "status" : "passed",
      "time" : {
        "start" : 1629981260388,
        "stop" : 1629981266504,
        "duration" : 6116
      }
    }, {
      "uid" : "d3cfc0329bdd829f",
      "status" : "passed",
      "time" : {
        "start" : 1629980651570,
        "stop" : 1629980661747,
        "duration" : 10177
      }
    }, {
      "uid" : "278021da33de3bce",
      "status" : "broken",
      "statusDetails" : "session not created\nfrom disconnected: unable to connect to renderer\n  (Session info: chrome=92.0.4515.159)\nBuild info: version: '3.141.59', revision: 'e82be7d358', time: '2018-11-14T08:17:03'\nSystem info: host: 'DESKTOP-JJVKPMQ', ip: '192.168.56.1', os.name: 'Windows 10', os.arch: 'amd64', os.version: '10.0', java.version: '16.0.2'\nDriver info: driver.version: ChromeDriver\nremote stacktrace: Backtrace:\n\tOrdinal0 [0x00682A33+2501171]\n\tOrdinal0 [0x0061D1C1+2085313]\n\tOrdinal0 [0x00521FA8+1056680]\n\tOrdinal0 [0x0051316E+995694]\n\tOrdinal0 [0x005231C0+1061312]\n\tOrdinal0 [0x0056A93B+1354043]\n\tOrdinal0 [0x0056960A+1349130]\n\tOrdinal0 [0x0056551B+1332507]\n\tOrdinal0 [0x00541D74+1187188]\n\tOrdinal0 [0x00542BD9+1190873]\n\tGetHandleVerifier [0x007FEFE6+1504438]\n\tGetHandleVerifier [0x008ADDA5+2220661]\n\tGetHandleVerifier [0x00705589+481881]\n\tGetHandleVerifier [0x00704639+477961]\n\tOrdinal0 [0x006228BD+2107581]\n\tOrdinal0 [0x00626728+2123560]\n\tOrdinal0 [0x00626862+2123874]\n\tOrdinal0 [0x0062FA81+2161281]\n\tBaseThreadInitThunk [0x7647FA29+25]\n\tRtlGetAppContainerNamedObjectPath [0x77607A7E+286]\n\tRtlGetAppContainerNamedObjectPath [0x77607A4E+238]\n",
      "time" : {
        "start" : 1629979661021,
        "stop" : 1629979662284,
        "duration" : 1263
      }
    }, {
      "uid" : "8c9f0dd050de3a57",
      "status" : "broken",
      "statusDetails" : "session not created\nfrom disconnected: unable to connect to renderer\n  (Session info: headless chrome=92.0.4515.159)\nBuild info: version: '3.141.59', revision: 'e82be7d358', time: '2018-11-14T08:17:03'\nSystem info: host: 'DESKTOP-JJVKPMQ', ip: '192.168.56.1', os.name: 'Windows 10', os.arch: 'amd64', os.version: '10.0', java.version: '16.0.2'\nDriver info: driver.version: ChromeDriver\nremote stacktrace: Backtrace:\n\tOrdinal0 [0x00682A33+2501171]\n\tOrdinal0 [0x0061D1C1+2085313]\n\tOrdinal0 [0x00521FA8+1056680]\n\tOrdinal0 [0x0051316E+995694]\n\tOrdinal0 [0x005231C0+1061312]\n\tOrdinal0 [0x0056A93B+1354043]\n\tOrdinal0 [0x0056960A+1349130]\n\tOrdinal0 [0x0056551B+1332507]\n\tOrdinal0 [0x00541D74+1187188]\n\tOrdinal0 [0x00542BD9+1190873]\n\tGetHandleVerifier [0x007FEFE6+1504438]\n\tGetHandleVerifier [0x008ADDA5+2220661]\n\tGetHandleVerifier [0x00705589+481881]\n\tGetHandleVerifier [0x00704639+477961]\n\tOrdinal0 [0x006228BD+2107581]\n\tOrdinal0 [0x00626728+2123560]\n\tOrdinal0 [0x00626862+2123874]\n\tOrdinal0 [0x0062FA81+2161281]\n\tBaseThreadInitThunk [0x7647FA29+25]\n\tRtlGetAppContainerNamedObjectPath [0x77607A7E+286]\n\tRtlGetAppContainerNamedObjectPath [0x77607A4E+238]\n",
      "time" : {
        "start" : 1629979383036,
        "stop" : 1629979383433,
        "duration" : 397
      }
    }, {
      "uid" : "a0df13fbf34dbe4f",
      "status" : "broken",
      "statusDetails" : "session not created\nfrom disconnected: unable to connect to renderer\n  (Session info: headless chrome=92.0.4515.159)\nBuild info: version: '3.141.59', revision: 'e82be7d358', time: '2018-11-14T08:17:03'\nSystem info: host: 'DESKTOP-JJVKPMQ', ip: '192.168.56.1', os.name: 'Windows 10', os.arch: 'amd64', os.version: '10.0', java.version: '16.0.2'\nDriver info: driver.version: ChromeDriver\nremote stacktrace: Backtrace:\n\tOrdinal0 [0x00802A33+2501171]\n\tOrdinal0 [0x0079D1C1+2085313]\n\tOrdinal0 [0x006A1FA8+1056680]\n\tOrdinal0 [0x0069316E+995694]\n\tOrdinal0 [0x006A31C0+1061312]\n\tOrdinal0 [0x006EA93B+1354043]\n\tOrdinal0 [0x006E960A+1349130]\n\tOrdinal0 [0x006E551B+1332507]\n\tOrdinal0 [0x006C1D74+1187188]\n\tOrdinal0 [0x006C2BD9+1190873]\n\tGetHandleVerifier [0x0097EFE6+1504438]\n\tGetHandleVerifier [0x00A2DDA5+2220661]\n\tGetHandleVerifier [0x00885589+481881]\n\tGetHandleVerifier [0x00884639+477961]\n\tOrdinal0 [0x007A28BD+2107581]\n\tOrdinal0 [0x007A6728+2123560]\n\tOrdinal0 [0x007A6862+2123874]\n\tOrdinal0 [0x007AFA81+2161281]\n\tBaseThreadInitThunk [0x7655FA29+25]\n\tRtlGetAppContainerNamedObjectPath [0x777E7A7E+286]\n\tRtlGetAppContainerNamedObjectPath [0x777E7A4E+238]\n",
      "time" : {
        "start" : 1629974577771,
        "stop" : 1629974578207,
        "duration" : 436
      }
    }, {
      "uid" : "18ed49cf2aeabe82",
      "status" : "passed",
      "time" : {
        "start" : 1629974411972,
        "stop" : 1629974418754,
        "duration" : 6782
      }
    }, {
      "uid" : "93326ddaba55a20d",
      "status" : "broken",
      "statusDetails" : "session not created\nfrom disconnected: unable to connect to renderer\n  (Session info: headless chrome=92.0.4515.159)\nBuild info: version: '3.141.59', revision: 'e82be7d358', time: '2018-11-14T08:17:03'\nSystem info: host: 'DESKTOP-JJVKPMQ', ip: '192.168.56.1', os.name: 'Windows 10', os.arch: 'amd64', os.version: '10.0', java.version: '16.0.2'\nDriver info: driver.version: ChromeDriver\nremote stacktrace: Backtrace:\n\tOrdinal0 [0x00802A33+2501171]\n\tOrdinal0 [0x0079D1C1+2085313]\n\tOrdinal0 [0x006A1FA8+1056680]\n\tOrdinal0 [0x0069316E+995694]\n\tOrdinal0 [0x006A31C0+1061312]\n\tOrdinal0 [0x006EA93B+1354043]\n\tOrdinal0 [0x006E960A+1349130]\n\tOrdinal0 [0x006E551B+1332507]\n\tOrdinal0 [0x006C1D74+1187188]\n\tOrdinal0 [0x006C2BD9+1190873]\n\tGetHandleVerifier [0x0097EFE6+1504438]\n\tGetHandleVerifier [0x00A2DDA5+2220661]\n\tGetHandleVerifier [0x00885589+481881]\n\tGetHandleVerifier [0x00884639+477961]\n\tOrdinal0 [0x007A28BD+2107581]\n\tOrdinal0 [0x007A6728+2123560]\n\tOrdinal0 [0x007A6862+2123874]\n\tOrdinal0 [0x007AFA81+2161281]\n\tBaseThreadInitThunk [0x7655FA29+25]\n\tRtlGetAppContainerNamedObjectPath [0x777E7A7E+286]\n\tRtlGetAppContainerNamedObjectPath [0x777E7A4E+238]\n",
      "time" : {
        "start" : 1629974165924,
        "stop" : 1629974166984,
        "duration" : 1060
      }
    }, {
      "uid" : "627422548ee4d45c",
      "status" : "broken",
      "statusDetails" : "session not created\nfrom disconnected: unable to connect to renderer\n  (Session info: headless chrome=92.0.4515.159)\nBuild info: version: '3.141.59', revision: 'e82be7d358', time: '2018-11-14T08:17:03'\nSystem info: host: 'DESKTOP-JJVKPMQ', ip: '192.168.56.1', os.name: 'Windows 10', os.arch: 'amd64', os.version: '10.0', java.version: '16.0.2'\nDriver info: driver.version: ChromeDriver\nremote stacktrace: Backtrace:\n\tOrdinal0 [0x00802A33+2501171]\n\tOrdinal0 [0x0079D1C1+2085313]\n\tOrdinal0 [0x006A1FA8+1056680]\n\tOrdinal0 [0x0069316E+995694]\n\tOrdinal0 [0x006A31C0+1061312]\n\tOrdinal0 [0x006EA93B+1354043]\n\tOrdinal0 [0x006E960A+1349130]\n\tOrdinal0 [0x006E551B+1332507]\n\tOrdinal0 [0x006C1D74+1187188]\n\tOrdinal0 [0x006C2BD9+1190873]\n\tGetHandleVerifier [0x0097EFE6+1504438]\n\tGetHandleVerifier [0x00A2DDA5+2220661]\n\tGetHandleVerifier [0x00885589+481881]\n\tGetHandleVerifier [0x00884639+477961]\n\tOrdinal0 [0x007A28BD+2107581]\n\tOrdinal0 [0x007A6728+2123560]\n\tOrdinal0 [0x007A6862+2123874]\n\tOrdinal0 [0x007AFA81+2161281]\n\tBaseThreadInitThunk [0x7655FA29+25]\n\tRtlGetAppContainerNamedObjectPath [0x777E7A7E+286]\n\tRtlGetAppContainerNamedObjectPath [0x777E7A4E+238]\n",
      "time" : {
        "start" : 1629974129199,
        "stop" : 1629974129591,
        "duration" : 392
      }
    }, {
      "uid" : "cef505dcf97614a4",
      "status" : "broken",
      "statusDetails" : "session not created\nfrom disconnected: unable to connect to renderer\n  (Session info: headless chrome=92.0.4515.159)\nBuild info: version: '3.141.59', revision: 'e82be7d358', time: '2018-11-14T08:17:03'\nSystem info: host: 'DESKTOP-JJVKPMQ', ip: '192.168.56.1', os.name: 'Windows 10', os.arch: 'amd64', os.version: '10.0', java.version: '16.0.2'\nDriver info: driver.version: ChromeDriver\nremote stacktrace: Backtrace:\n\tOrdinal0 [0x00692A33+2501171]\n\tOrdinal0 [0x0062D1C1+2085313]\n\tOrdinal0 [0x00531FA8+1056680]\n\tOrdinal0 [0x0052316E+995694]\n\tOrdinal0 [0x005331C0+1061312]\n\tOrdinal0 [0x0057A93B+1354043]\n\tOrdinal0 [0x0057960A+1349130]\n\tOrdinal0 [0x0057551B+1332507]\n\tOrdinal0 [0x00551D74+1187188]\n\tOrdinal0 [0x00552BD9+1190873]\n\tGetHandleVerifier [0x0080EFE6+1504438]\n\tGetHandleVerifier [0x008BDDA5+2220661]\n\tGetHandleVerifier [0x00715589+481881]\n\tGetHandleVerifier [0x00714639+477961]\n\tOrdinal0 [0x006328BD+2107581]\n\tOrdinal0 [0x00636728+2123560]\n\tOrdinal0 [0x00636862+2123874]\n\tOrdinal0 [0x0063FA81+2161281]\n\tBaseThreadInitThunk [0x75BDFA29+25]\n\tRtlGetAppContainerNamedObjectPath [0x77257A7E+286]\n\tRtlGetAppContainerNamedObjectPath [0x77257A4E+238]\n",
      "time" : {
        "start" : 1629973908713,
        "stop" : 1629973909103,
        "duration" : 390
      }
    }, {
      "uid" : "35c19aae6908edd0",
      "status" : "passed",
      "time" : {
        "start" : 1629973643360,
        "stop" : 1629973650389,
        "duration" : 7029
      }
    }, {
      "uid" : "3757f2dcdc89217",
      "status" : "passed",
      "time" : {
        "start" : 1629898524931,
        "stop" : 1629898536073,
        "duration" : 11142
      }
    }, {
      "uid" : "9974edbdeb7e4952",
      "status" : "passed",
      "time" : {
        "start" : 1629889848265,
        "stop" : 1629889858432,
        "duration" : 10167
      }
    }, {
      "uid" : "2ad26f60347d6369",
      "status" : "broken",
      "statusDetails" : "Expected condition failed: waiting for visibility of element located by By.xpath: //*[@class=' css-k8o10q'] (tried for 5 second(s) with 500 milliseconds interval)",
      "time" : {
        "start" : 1629889302198,
        "stop" : 1629889316247,
        "duration" : 14049
      }
    } ],
    "categories" : [ {
      "name" : "Test defects",
      "matchedStatuses" : [ ],
      "flaky" : false
    } ],
    "history" : {
      "statistic" : {
        "failed" : 0,
        "broken" : 9,
        "skipped" : 0,
        "passed" : 10,
        "unknown" : 0,
        "total" : 19
      },
      "items" : [ {
        "uid" : "5a096eae1c71a468",
        "reportUrl" : "https://Christopher9411.github.io/ExamworkProject/55//#testresult/5a096eae1c71a468",
        "status" : "passed",
        "time" : {
          "start" : 1630212061023,
          "stop" : 1630212071292,
          "duration" : 10269
        }
      }, {
        "uid" : "b9fd50f231385c5d",
        "reportUrl" : "https://Christopher9411.github.io/ExamworkProject/54//#testresult/b9fd50f231385c5d",
        "status" : "passed",
        "time" : {
          "start" : 1630211705435,
          "stop" : 1630211715596,
          "duration" : 10161
        }
      }, {
        "uid" : "1a72568e81bda366",
        "reportUrl" : "https://Christopher9411.github.io/ExamworkProject/53//#testresult/1a72568e81bda366",
        "status" : "passed",
        "time" : {
          "start" : 1630211687467,
          "stop" : 1630211697614,
          "duration" : 10147
        }
      }, {
        "uid" : "7f2d932b53aeb46e",
        "reportUrl" : "https://Christopher9411.github.io/ExamworkProject/52//#testresult/7f2d932b53aeb46e",
        "status" : "passed",
        "time" : {
          "start" : 1630130074084,
          "stop" : 1630130084317,
          "duration" : 10233
        }
      }, {
        "uid" : "7fc8604887da5d07",
        "reportUrl" : "https://Christopher9411.github.io/ExamworkProject/51//#testresult/7fc8604887da5d07",
        "status" : "passed",
        "time" : {
          "start" : 1630129524682,
          "stop" : 1630129535044,
          "duration" : 10362
        }
      }, {
        "uid" : "132d28d78a95ee3e",
        "reportUrl" : "https://Christopher9411.github.io/ExamworkProject/50//#testresult/132d28d78a95ee3e",
        "status" : "passed",
        "time" : {
          "start" : 1630047549092,
          "stop" : 1630047559497,
          "duration" : 10405
        }
      }, {
        "uid" : "8e28ce547424a713",
        "reportUrl" : "https://Christopher9411.github.io/ExamworkProject/49//#testresult/8e28ce547424a713",
        "status" : "passed",
        "time" : {
          "start" : 1630047500786,
          "stop" : 1630047511051,
          "duration" : 10265
        }
      }, {
        "uid" : "ca93415076170b60",
        "reportUrl" : "https://Christopher9411.github.io/ExamworkProject/48//#testresult/ca93415076170b60",
        "status" : "passed",
        "time" : {
          "start" : 1630035467026,
          "stop" : 1630035477101,
          "duration" : 10075
        }
      }, {
        "uid" : "3d3582c436654245",
        "reportUrl" : "https://Christopher9411.github.io/ExamworkProject/47//#testresult/3d3582c436654245",
        "status" : "passed",
        "time" : {
          "start" : 1630035439164,
          "stop" : 1630035449413,
          "duration" : 10249
        }
      }, {
        "uid" : "4b9b494205941ef6",
        "reportUrl" : "https://Christopher9411.github.io/ExamworkProject/46//#testresult/4b9b494205941ef6",
        "status" : "passed",
        "time" : {
          "start" : 1629981523172,
          "stop" : 1629981532858,
          "duration" : 9686
        }
      }, {
        "uid" : "5cb2a5f88f9229a8",
        "reportUrl" : "https://Christopher9411.github.io/ExamworkProject/45//#testresult/5cb2a5f88f9229a8",
        "status" : "broken",
        "statusDetails" : "unknown error: Chrome failed to start: exited abnormally.\n  (unknown error: DevToolsActivePort file doesn't exist)\n  (The process started from chrome location /usr/bin/google-chrome is no longer running, so ChromeDriver is assuming that Chrome has crashed.)\nBuild info: version: '3.141.59', revision: 'e82be7d358', time: '2018-11-14T08:17:03'\nSystem info: host: 'fv-az74-462', ip: '10.1.0.222', os.name: 'Linux', os.arch: 'amd64', os.version: '5.8.0-1039-azure', java.version: '16.0.2'\nDriver info: driver.version: ChromeDriver\nremote stacktrace: #0 0x55a7a78c2a63 <unknown>\n#1 0x55a7a7637458 <unknown>\n#2 0x55a7a765a2e3 <unknown>\n#3 0x55a7a7655e9f <unknown>\n#4 0x55a7a768fb72 <unknown>\n#5 0x55a7a7689fd3 <unknown>\n#6 0x55a7a7660514 <unknown>\n#7 0x55a7a7661505 <unknown>\n#8 0x55a7a78eee2e <unknown>\n#9 0x55a7a7904886 <unknown>\n#10 0x55a7a78efd75 <unknown>\n#11 0x55a7a7905d94 <unknown>\n#12 0x55a7a78e68eb <unknown>\n#13 0x55a7a7920cd8 <unknown>\n#14 0x55a7a7920e58 <unknown>\n#15 0x55a7a793adfd <unknown>\n#16 0x7f4115b50609 start_thread\n",
        "time" : {
          "start" : 1629980971347,
          "stop" : 1629980971497,
          "duration" : 150
        }
      }, {
        "uid" : "4c8063e60fa09e06",
        "reportUrl" : "https://Christopher9411.github.io/ExamworkProject/44//#testresult/4c8063e60fa09e06",
        "status" : "broken",
        "statusDetails" : "unknown error: unable to discover open pages\nBuild info: version: '3.141.59', revision: 'e82be7d358', time: '2018-11-14T08:17:03'\nSystem info: host: 'fv-az39-461', ip: '10.1.0.37', os.name: 'Linux', os.arch: 'amd64', os.version: '5.8.0-1039-azure', java.version: '16.0.2'\nDriver info: driver.version: ChromeDriver\nremote stacktrace: #0 0x556077162a63 <unknown>\n#1 0x556076ed7458 <unknown>\n#2 0x556076efdeed <unknown>\n#3 0x556076ef96c3 <unknown>\n#4 0x556076ef5e9f <unknown>\n#5 0x556076f2fb72 <unknown>\n#6 0x556076f29fd3 <unknown>\n#7 0x556076f00514 <unknown>\n#8 0x556076f01505 <unknown>\n#9 0x55607718ee2e <unknown>\n#10 0x5560771a4886 <unknown>\n#11 0x55607718fd75 <unknown>\n#12 0x5560771a5d94 <unknown>\n#13 0x5560771868eb <unknown>\n#14 0x5560771c0cd8 <unknown>\n#15 0x5560771c0e58 <unknown>\n#16 0x5560771dadfd <unknown>\n#17 0x7f2a0ad37609 start_thread\n",
        "time" : {
          "start" : 1629974163229,
          "stop" : 1629974224015,
          "duration" : 60786
        }
      }, {
        "uid" : "5399b00c7e438526",
        "reportUrl" : "https://Christopher9411.github.io/ExamworkProject/43//#testresult/5399b00c7e438526",
        "status" : "broken",
        "statusDetails" : "unknown error: unable to discover open pages\nBuild info: version: '3.141.59', revision: 'e82be7d358', time: '2018-11-14T08:17:03'\nSystem info: host: 'fv-az74-462', ip: '10.1.0.25', os.name: 'Linux', os.arch: 'amd64', os.version: '5.8.0-1039-azure', java.version: '16.0.2'\nDriver info: driver.version: ChromeDriver\nremote stacktrace: #0 0x563287d10a63 <unknown>\n#1 0x563287a85458 <unknown>\n#2 0x563287aabeed <unknown>\n#3 0x563287aa76c3 <unknown>\n#4 0x563287aa3e9f <unknown>\n#5 0x563287addb72 <unknown>\n#6 0x563287ad7fd3 <unknown>\n#7 0x563287aae514 <unknown>\n#8 0x563287aaf505 <unknown>\n#9 0x563287d3ce2e <unknown>\n#10 0x563287d52886 <unknown>\n#11 0x563287d3dd75 <unknown>\n#12 0x563287d53d94 <unknown>\n#13 0x563287d348eb <unknown>\n#14 0x563287d6ecd8 <unknown>\n#15 0x563287d6ee58 <unknown>\n#16 0x563287d88dfd <unknown>\n#17 0x7f4bcc7d1609 start_thread\n",
        "time" : {
          "start" : 1629964841013,
          "stop" : 1629964901657,
          "duration" : 60644
        }
      }, {
        "uid" : "7400fbcc6e1049c0",
        "reportUrl" : "https://Christopher9411.github.io/ExamworkProject/42//#testresult/7400fbcc6e1049c0",
        "status" : "broken",
        "statusDetails" : "unknown error: unable to discover open pages\nBuild info: version: '3.141.59', revision: 'e82be7d358', time: '2018-11-14T08:17:03'\nSystem info: host: 'fv-az77-272', ip: '10.1.0.32', os.name: 'Linux', os.arch: 'amd64', os.version: '5.8.0-1039-azure', java.version: '16.0.2'\nDriver info: driver.version: ChromeDriver\nremote stacktrace: #0 0x56353585da63 <unknown>\n#1 0x5635355d2458 <unknown>\n#2 0x5635355f8eed <unknown>\n#3 0x5635355f46c3 <unknown>\n#4 0x5635355f0e9f <unknown>\n#5 0x56353562ab72 <unknown>\n#6 0x563535624fd3 <unknown>\n#7 0x5635355fb514 <unknown>\n#8 0x5635355fc505 <unknown>\n#9 0x563535889e2e <unknown>\n#10 0x56353589f886 <unknown>\n#11 0x56353588ad75 <unknown>\n#12 0x5635358a0d94 <unknown>\n#13 0x5635358818eb <unknown>\n#14 0x5635358bbcd8 <unknown>\n#15 0x5635358bbe58 <unknown>\n#16 0x5635358d5dfd <unknown>\n#17 0x7f99480d5609 start_thread\n",
        "time" : {
          "start" : 1629901336648,
          "stop" : 1629901396868,
          "duration" : 60220
        }
      }, {
        "uid" : "2ed6bf034333e703",
        "reportUrl" : "https://Christopher9411.github.io/ExamworkProject/41//#testresult/2ed6bf034333e703",
        "status" : "broken",
        "statusDetails" : "unknown error: unable to discover open pages\nBuild info: version: '3.141.59', revision: 'e82be7d358', time: '2018-11-14T08:17:03'\nSystem info: host: 'fv-az42-204', ip: '10.1.0.9', os.name: 'Linux', os.arch: 'amd64', os.version: '5.8.0-1039-azure', java.version: '16.0.2'\nDriver info: driver.version: ChromeDriver\nremote stacktrace: #0 0x55bf7653ba63 <unknown>\n#1 0x55bf762b0458 <unknown>\n#2 0x55bf762d6eed <unknown>\n#3 0x55bf762d26c3 <unknown>\n#4 0x55bf762cee9f <unknown>\n#5 0x55bf76308b72 <unknown>\n#6 0x55bf76302fd3 <unknown>\n#7 0x55bf762d9514 <unknown>\n#8 0x55bf762da505 <unknown>\n#9 0x55bf76567e2e <unknown>\n#10 0x55bf7657d886 <unknown>\n#11 0x55bf76568d75 <unknown>\n#12 0x55bf7657ed94 <unknown>\n#13 0x55bf7655f8eb <unknown>\n#14 0x55bf76599cd8 <unknown>\n#15 0x55bf76599e58 <unknown>\n#16 0x55bf765b3dfd <unknown>\n#17 0x7fa0a5974609 start_thread\n",
        "time" : {
          "start" : 1629899063168,
          "stop" : 1629899124083,
          "duration" : 60915
        }
      }, {
        "uid" : "8355b56c8fdd0681",
        "reportUrl" : "https://Christopher9411.github.io/ExamworkProject/40//#testresult/8355b56c8fdd0681",
        "status" : "broken",
        "statusDetails" : "unknown error: Chrome failed to start: exited abnormally.\n  (chrome not reachable)\n  (The process started from chrome location /usr/bin/google-chrome is no longer running, so ChromeDriver is assuming that Chrome has crashed.)\nBuild info: version: '3.141.59', revision: 'e82be7d358', time: '2018-11-14T08:17:03'\nSystem info: host: 'fv-az77-272', ip: '10.1.0.71', os.name: 'Linux', os.arch: 'amd64', os.version: '5.8.0-1039-azure', java.version: '16.0.2'\nDriver info: driver.version: ChromeDriver\nremote stacktrace: #0 0x559de9dcda63 <unknown>\n#1 0x559de9b42458 <unknown>\n#2 0x559de9b652e3 <unknown>\n#3 0x559de9b60e9f <unknown>\n#4 0x559de9b9ab72 <unknown>\n#5 0x559de9b94fd3 <unknown>\n#6 0x559de9b6b514 <unknown>\n#7 0x559de9b6c505 <unknown>\n#8 0x559de9df9e2e <unknown>\n#9 0x559de9e0f886 <unknown>\n#10 0x559de9dfad75 <unknown>\n#11 0x559de9e10d94 <unknown>\n#12 0x559de9df18eb <unknown>\n#13 0x559de9e2bcd8 <unknown>\n#14 0x559de9e2be58 <unknown>\n#15 0x559de9e45dfd <unknown>\n#16 0x7f1e0a0b4609 start_thread\n",
        "time" : {
          "start" : 1629897860225,
          "stop" : 1629897861282,
          "duration" : 1057
        }
      }, {
        "uid" : "84d11456169be832",
        "reportUrl" : "https://Christopher9411.github.io/ExamworkProject/39//#testresult/84d11456169be832",
        "status" : "broken",
        "statusDetails" : "unknown error: unable to discover open pages\nBuild info: version: '3.141.59', revision: 'e82be7d358', time: '2018-11-14T08:17:03'\nSystem info: host: 'fv-az36-263', ip: '10.1.0.109', os.name: 'Linux', os.arch: 'amd64', os.version: '5.8.0-1039-azure', java.version: '16.0.2'\nDriver info: driver.version: ChromeDriver\nremote stacktrace: #0 0x560f324a4a63 <unknown>\n#1 0x560f32219458 <unknown>\n#2 0x560f3223feed <unknown>\n#3 0x560f3223b6c3 <unknown>\n#4 0x560f32237e9f <unknown>\n#5 0x560f32271b72 <unknown>\n#6 0x560f3226bfd3 <unknown>\n#7 0x560f32242514 <unknown>\n#8 0x560f32243505 <unknown>\n#9 0x560f324d0e2e <unknown>\n#10 0x560f324e6886 <unknown>\n#11 0x560f324d1d75 <unknown>\n#12 0x560f324e7d94 <unknown>\n#13 0x560f324c88eb <unknown>\n#14 0x560f32502cd8 <unknown>\n#15 0x560f32502e58 <unknown>\n#16 0x560f3251cdfd <unknown>\n#17 0x7fb2b5057609 start_thread\n",
        "time" : {
          "start" : 1629893349551,
          "stop" : 1629893410407,
          "duration" : 60856
        }
      }, {
        "uid" : "a43327038a835ea9",
        "reportUrl" : "https://Christopher9411.github.io/ExamworkProject/38//#testresult/a43327038a835ea9",
        "status" : "broken",
        "statusDetails" : "unknown error: Chrome failed to start: exited abnormally.\n  (chrome not reachable)\n  (The process started from chrome location /usr/bin/google-chrome is no longer running, so ChromeDriver is assuming that Chrome has crashed.)\nBuild info: version: '3.141.59', revision: 'e82be7d358', time: '2018-11-14T08:17:03'\nSystem info: host: 'fv-az36-263', ip: '10.1.0.9', os.name: 'Linux', os.arch: 'amd64', os.version: '5.8.0-1039-azure', java.version: '16.0.2'\nDriver info: driver.version: ChromeDriver\nremote stacktrace: #0 0x5589d2e10a63 <unknown>\n#1 0x5589d2b85458 <unknown>\n#2 0x5589d2ba82e3 <unknown>\n#3 0x5589d2ba3e9f <unknown>\n#4 0x5589d2bddb72 <unknown>\n#5 0x5589d2bd7fd3 <unknown>\n#6 0x5589d2bae514 <unknown>\n#7 0x5589d2baf505 <unknown>\n#8 0x5589d2e3ce2e <unknown>\n#9 0x5589d2e52886 <unknown>\n#10 0x5589d2e3dd75 <unknown>\n#11 0x5589d2e53d94 <unknown>\n#12 0x5589d2e348eb <unknown>\n#13 0x5589d2e6ecd8 <unknown>\n#14 0x5589d2e6ee58 <unknown>\n#15 0x5589d2e88dfd <unknown>\n#16 0x7f4287ca2609 start_thread\n",
        "time" : {
          "start" : 1629889719034,
          "stop" : 1629889720091,
          "duration" : 1057
        }
      } ]
    },
    "tags" : [ ]
  },
  "source" : "d022ca08b60559a3.json",
  "parameterValues" : [ ]
}