{
  "uid" : "e51ca3982744b7be",
  "name" : "Profil információk módosítása",
  "fullName" : "ForumTest.modify_profile_informations",
  "historyId" : "e258eb02211bb9da3bdb1a057ad5987b",
  "time" : {
    "start" : 1630035313934,
    "stop" : 1630035341824,
    "duration" : 27890
  },
  "description" : "",
  "status" : "broken",
  "statusMessage" : "Expected condition failed: waiting for visibility of element located by By.cssSelector: tr.mainsettings:nth-child(6) > td:nth-child(2) > input (tried for 10 second(s) with 500 milliseconds interval)",
  "statusTrace" : "org.openqa.selenium.TimeoutException: Expected condition failed: waiting for visibility of element located by By.cssSelector: tr.mainsettings:nth-child(6) > td:nth-child(2) > input (tried for 10 second(s) with 500 milliseconds interval)\n\tat org.openqa.selenium.support.ui.WebDriverWait.timeoutException(WebDriverWait.java:95)\n\tat org.openqa.selenium.support.ui.FluentWait.until(FluentWait.java:272)\n\tat Settings.modify_data(Settings.java:108)\n\tat ForumTest.modify_profile_informations(ForumTest.java:132)\n\tat java.base/jdk.internal.reflect.NativeMethodAccessorImpl.invoke0(Native Method)\n\tat java.base/jdk.internal.reflect.NativeMethodAccessorImpl.invoke(NativeMethodAccessorImpl.java:78)\n\tat java.base/jdk.internal.reflect.DelegatingMethodAccessorImpl.invoke(DelegatingMethodAccessorImpl.java:43)\n\tat java.base/java.lang.reflect.Method.invoke(Method.java:567)\n\tat org.junit.platform.commons.util.ReflectionUtils.invokeMethod(ReflectionUtils.java:725)\n\tat org.junit.jupiter.engine.execution.MethodInvocation.proceed(MethodInvocation.java:60)\n\tat org.junit.jupiter.engine.execution.InvocationInterceptorChain$ValidatingInvocation.proceed(InvocationInterceptorChain.java:131)\n\tat org.junit.jupiter.api.extension.InvocationInterceptor.interceptTestMethod(InvocationInterceptor.java:118)\n\tat org.junit.jupiter.engine.execution.ExecutableInvoker$ReflectiveInterceptorCall.lambda$ofVoidMethod$0(ExecutableInvoker.java:115)\n\tat org.junit.jupiter.engine.execution.ExecutableInvoker.lambda$invoke$0(ExecutableInvoker.java:105)\n\tat org.junit.jupiter.engine.execution.InvocationInterceptorChain$InterceptedInvocation.proceed(InvocationInterceptorChain.java:106)\n\tat org.junit.jupiter.engine.extension.TimeoutExtension.intercept(TimeoutExtension.java:149)\n\tat org.junit.jupiter.engine.extension.TimeoutExtension.interceptTestableMethod(TimeoutExtension.java:140)\n\tat org.junit.jupiter.engine.extension.TimeoutExtension.interceptTestMethod(TimeoutExtension.java:84)\n\tat org.junit.jupiter.engine.execution.ExecutableInvoker$ReflectiveInterceptorCall.lambda$ofVoidMethod$0(ExecutableInvoker.java:115)\n\tat org.junit.jupiter.engine.execution.ExecutableInvoker.lambda$invoke$0(ExecutableInvoker.java:105)\n\tat org.junit.jupiter.engine.execution.InvocationInterceptorChain$InterceptedInvocation.proceed(InvocationInterceptorChain.java:106)\n\tat org.junit.jupiter.engine.execution.InvocationInterceptorChain.proceed(InvocationInterceptorChain.java:64)\n\tat org.junit.jupiter.engine.execution.InvocationInterceptorChain.chainAndInvoke(InvocationInterceptorChain.java:45)\n\tat org.junit.jupiter.engine.execution.InvocationInterceptorChain.invoke(InvocationInterceptorChain.java:37)\n\tat org.junit.jupiter.engine.execution.ExecutableInvoker.invoke(ExecutableInvoker.java:104)\n\tat org.junit.jupiter.engine.execution.ExecutableInvoker.invoke(ExecutableInvoker.java:98)\n\tat org.junit.jupiter.engine.descriptor.TestMethodTestDescriptor.lambda$invokeTestMethod$7(TestMethodTestDescriptor.java:214)\n\tat org.junit.platform.engine.support.hierarchical.ThrowableCollector.execute(ThrowableCollector.java:73)\n\tat org.junit.jupiter.engine.descriptor.TestMethodTestDescriptor.invokeTestMethod(TestMethodTestDescriptor.java:210)\n\tat org.junit.jupiter.engine.descriptor.TestMethodTestDescriptor.execute(TestMethodTestDescriptor.java:135)\n\tat org.junit.jupiter.engine.descriptor.TestMethodTestDescriptor.execute(TestMethodTestDescriptor.java:66)\n\tat org.junit.platform.engine.support.hierarchical.NodeTestTask.lambda$executeRecursively$5(NodeTestTask.java:139)\n\tat org.junit.platform.engine.support.hierarchical.ThrowableCollector.execute(ThrowableCollector.java:73)\n\tat org.junit.platform.engine.support.hierarchical.NodeTestTask.lambda$executeRecursively$7(NodeTestTask.java:129)\n\tat org.junit.platform.engine.support.hierarchical.Node.around(Node.java:137)\n\tat org.junit.platform.engine.support.hierarchical.NodeTestTask.lambda$executeRecursively$8(NodeTestTask.java:127)\n\tat org.junit.platform.engine.support.hierarchical.ThrowableCollector.execute(ThrowableCollector.java:73)\n\tat org.junit.platform.engine.support.hierarchical.NodeTestTask.executeRecursively(NodeTestTask.java:126)\n\tat org.junit.platform.engine.support.hierarchical.NodeTestTask.execute(NodeTestTask.java:84)\n\tat org.junit.platform.engine.support.hierarchical.ForkJoinPoolHierarchicalTestExecutorService$ExclusiveTask.compute(ForkJoinPoolHierarchicalTestExecutorService.java:185)\n\tat org.junit.platform.engine.support.hierarchical.ForkJoinPoolHierarchicalTestExecutorService.executeNonConcurrentTasks(ForkJoinPoolHierarchicalTestExecutorService.java:155)\n\tat org.junit.platform.engine.support.hierarchical.ForkJoinPoolHierarchicalTestExecutorService.invokeAll(ForkJoinPoolHierarchicalTestExecutorService.java:135)\n\tat org.junit.platform.engine.support.hierarchical.NodeTestTask.lambda$executeRecursively$5(NodeTestTask.java:143)\n\tat org.junit.platform.engine.support.hierarchical.ThrowableCollector.execute(ThrowableCollector.java:73)\n\tat org.junit.platform.engine.support.hierarchical.NodeTestTask.lambda$executeRecursively$7(NodeTestTask.java:129)\n\tat org.junit.platform.engine.support.hierarchical.Node.around(Node.java:137)\n\tat org.junit.platform.engine.support.hierarchical.NodeTestTask.lambda$executeRecursively$8(NodeTestTask.java:127)\n\tat org.junit.platform.engine.support.hierarchical.ThrowableCollector.execute(ThrowableCollector.java:73)\n\tat org.junit.platform.engine.support.hierarchical.NodeTestTask.executeRecursively(NodeTestTask.java:126)\n\tat org.junit.platform.engine.support.hierarchical.NodeTestTask.execute(NodeTestTask.java:84)\n\tat org.junit.platform.engine.support.hierarchical.ForkJoinPoolHierarchicalTestExecutorService$ExclusiveTask.compute(ForkJoinPoolHierarchicalTestExecutorService.java:185)\n\tat org.junit.platform.engine.support.hierarchical.ForkJoinPoolHierarchicalTestExecutorService.invokeAll(ForkJoinPoolHierarchicalTestExecutorService.java:129)\n\tat org.junit.platform.engine.support.hierarchical.NodeTestTask.lambda$executeRecursively$5(NodeTestTask.java:143)\n\tat org.junit.platform.engine.support.hierarchical.ThrowableCollector.execute(ThrowableCollector.java:73)\n\tat org.junit.platform.engine.support.hierarchical.NodeTestTask.lambda$executeRecursively$7(NodeTestTask.java:129)\n\tat org.junit.platform.engine.support.hierarchical.Node.around(Node.java:137)\n\tat org.junit.platform.engine.support.hierarchical.NodeTestTask.lambda$executeRecursively$8(NodeTestTask.java:127)\n\tat org.junit.platform.engine.support.hierarchical.ThrowableCollector.execute(ThrowableCollector.java:73)\n\tat org.junit.platform.engine.support.hierarchical.NodeTestTask.executeRecursively(NodeTestTask.java:126)\n\tat org.junit.platform.engine.support.hierarchical.NodeTestTask.execute(NodeTestTask.java:84)\n\tat org.junit.platform.engine.support.hierarchical.ForkJoinPoolHierarchicalTestExecutorService$ExclusiveTask.compute(ForkJoinPoolHierarchicalTestExecutorService.java:185)\n\tat java.base/java.util.concurrent.RecursiveAction.exec(RecursiveAction.java:194)\n\tat java.base/java.util.concurrent.ForkJoinTask.doExec(ForkJoinTask.java:295)\n\tat java.base/java.util.concurrent.ForkJoinPool$WorkQueue.topLevelExec(ForkJoinPool.java:1016)\n\tat java.base/java.util.concurrent.ForkJoinPool.scan(ForkJoinPool.java:1665)\n\tat java.base/java.util.concurrent.ForkJoinPool.runWorker(ForkJoinPool.java:1598)\n\tat java.base/java.util.concurrent.ForkJoinWorkerThread.run(ForkJoinWorkerThread.java:183)\nCaused by: org.openqa.selenium.NoSuchElementException: no such element: Unable to locate element: {\"method\":\"css selector\",\"selector\":\"tr.mainsettings:nth-child(6) > td:nth-child(2) > input\"}\n  (Session info: headless chrome=92.0.4515.131)\nFor documentation on this error, please visit: https://www.seleniumhq.org/exceptions/no_such_element.html\nBuild info: version: '3.141.59', revision: 'e82be7d358', time: '2018-11-14T08:17:03'\nSystem info: host: 'fv-az74-462', ip: '10.1.0.18', os.name: 'Linux', os.arch: 'amd64', os.version: '5.8.0-1039-azure', java.version: '16.0.2'\nDriver info: org.openqa.selenium.chrome.ChromeDriver\nCapabilities {acceptInsecureCerts: false, browserName: chrome, browserVersion: 92.0.4515.131, chrome: {chromedriverVersion: 92.0.4515.107 (87a818b10553..., userDataDir: /tmp/.com.google.Chrome.xEl86k}, goog:chromeOptions: {debuggerAddress: localhost:42641}, javascriptEnabled: true, networkConnectionEnabled: false, pageLoadStrategy: normal, platform: LINUX, platformName: LINUX, proxy: Proxy(), setWindowRect: true, strictFileInteractability: false, timeouts: {implicit: 0, pageLoad: 300000, script: 30000}, unhandledPromptBehavior: dismiss and notify, webauthn:extension:credBlob: true, webauthn:extension:largeBlob: true, webauthn:virtualAuthenticators: true}\nSession ID: bc555e510e9ca348bbf56f96a958cf7e\n*** Element info: {Using=css selector, value=tr.mainsettings:nth-child(6) > td:nth-child(2) > input}\n\tat jdk.internal.reflect.GeneratedConstructorAccessor16.newInstance(Unknown Source)\n\tat java.base/jdk.internal.reflect.DelegatingConstructorAccessorImpl.newInstance(DelegatingConstructorAccessorImpl.java:45)\n\tat java.base/java.lang.reflect.Constructor.newInstanceWithCaller(Constructor.java:499)\n\tat java.base/java.lang.reflect.Constructor.newInstance(Constructor.java:480)\n\tat org.openqa.selenium.remote.http.W3CHttpResponseCodec.createException(W3CHttpResponseCodec.java:187)\n\tat org.openqa.selenium.remote.http.W3CHttpResponseCodec.decode(W3CHttpResponseCodec.java:122)\n\tat org.openqa.selenium.remote.http.W3CHttpResponseCodec.decode(W3CHttpResponseCodec.java:49)\n\tat org.openqa.selenium.remote.HttpCommandExecutor.execute(HttpCommandExecutor.java:158)\n\tat org.openqa.selenium.remote.service.DriverCommandExecutor.execute(DriverCommandExecutor.java:83)\n\tat org.openqa.selenium.remote.RemoteWebDriver.execute(RemoteWebDriver.java:552)\n\tat org.openqa.selenium.remote.RemoteWebDriver.findElement(RemoteWebDriver.java:323)\n\tat org.openqa.selenium.remote.RemoteWebDriver.findElementByCssSelector(RemoteWebDriver.java:420)\n\tat org.openqa.selenium.By$ByCssSelector.findElement(By.java:431)\n\tat org.openqa.selenium.remote.RemoteWebDriver.findElement(RemoteWebDriver.java:315)\n\tat org.openqa.selenium.support.ui.ExpectedConditions$7.apply(ExpectedConditions.java:205)\n\tat org.openqa.selenium.support.ui.ExpectedConditions$7.apply(ExpectedConditions.java:201)\n\tat org.openqa.selenium.support.ui.FluentWait.until(FluentWait.java:249)\n\t... 65 more\n",
  "flaky" : false,
  "newFailed" : false,
  "beforeStages" : [ {
    "name" : "Setup",
    "time" : {
      "start" : 1630035313949,
      "stop" : 1630035327893,
      "duration" : 13944
    },
    "status" : "passed",
    "steps" : [ ],
    "attachments" : [ ],
    "parameters" : [ ],
    "stepsCount" : 0,
    "attachmentsCount" : 0,
    "shouldDisplayMessage" : false,
    "hasContent" : false
  } ],
  "afterStages" : [ {
    "name" : "Close",
    "time" : {
      "start" : 1630035341745,
      "stop" : 1630035341817,
      "duration" : 72
    },
    "status" : "passed",
    "steps" : [ ],
    "attachments" : [ ],
    "parameters" : [ ],
    "stepsCount" : 0,
    "attachmentsCount" : 0,
    "shouldDisplayMessage" : false,
    "hasContent" : false
  } ],
  "labels" : [ {
    "name" : "host",
    "value" : "fv-az74-462"
  }, {
    "name" : "thread",
    "value" : "3276@fv-az74-462.ForkJoinPool-1-worker-3(16)"
  }, {
    "name" : "framework",
    "value" : "junit-platform"
  }, {
    "name" : "language",
    "value" : "java"
  }, {
    "name" : "package",
    "value" : "ForumTest"
  }, {
    "name" : "testClass",
    "value" : "ForumTest"
  }, {
    "name" : "testMethod",
    "value" : "modify_profile_informations"
  }, {
    "name" : "suite",
    "value" : "ForumTest"
  }, {
    "name" : "resultFormat",
    "value" : "allure2"
  } ],
  "parameters" : [ ],
  "links" : [ ],
  "hidden" : false,
  "retry" : false,
  "extra" : {
    "severity" : "normal",
    "retries" : [ {
      "uid" : "8227ab4fc89f5db3",
      "status" : "passed",
      "time" : {
        "start" : 1629981191615,
        "stop" : 1629981202627,
        "duration" : 11012
      }
    }, {
      "uid" : "96027c6bac6f89f1",
      "status" : "passed",
      "time" : {
        "start" : 1629980844634,
        "stop" : 1629980857992,
        "duration" : 13358
      }
    }, {
      "uid" : "92edb028021f8ac1",
      "status" : "broken",
      "statusDetails" : "no such element: Unable to locate element: {\"method\":\"xpath\",\"selector\":\"//input[@type='text' and @name='homepage']\"}\n  (Session info: chrome=92.0.4515.159)\nFor documentation on this error, please visit: https://www.seleniumhq.org/exceptions/no_such_element.html\nBuild info: version: '3.141.59', revision: 'e82be7d358', time: '2018-11-14T08:17:03'\nSystem info: host: 'DESKTOP-JJVKPMQ', ip: '192.168.56.1', os.name: 'Windows 10', os.arch: 'amd64', os.version: '10.0', java.version: '16.0.2'\nDriver info: org.openqa.selenium.chrome.ChromeDriver\nCapabilities {acceptInsecureCerts: false, browserName: chrome, browserVersion: 92.0.4515.159, chrome: {chromedriverVersion: 92.0.4515.107 (87a818b10553..., userDataDir: C:\\Users\\TATSUY~1\\AppData\\L...}, goog:chromeOptions: {debuggerAddress: localhost:58670}, javascriptEnabled: true, networkConnectionEnabled: false, pageLoadStrategy: normal, platform: WINDOWS, platformName: WINDOWS, proxy: Proxy(), setWindowRect: true, strictFileInteractability: false, timeouts: {implicit: 0, pageLoad: 300000, script: 30000}, unhandledPromptBehavior: dismiss and notify, webauthn:extension:credBlob: true, webauthn:extension:largeBlob: true, webauthn:virtualAuthenticators: true}\nSession ID: f7c2b57da4058058e3ee371b82bf38c7\n*** Element info: {Using=xpath, value=//input[@type='text' and @name='homepage']}",
      "time" : {
        "start" : 1629980557332,
        "stop" : 1629980570176,
        "duration" : 12844
      }
    }, {
      "uid" : "f1dabc07e6ad8527",
      "status" : "broken",
      "statusDetails" : "session not created\nfrom disconnected: unable to connect to renderer\n  (Session info: headless chrome=92.0.4515.159)\nBuild info: version: '3.141.59', revision: 'e82be7d358', time: '2018-11-14T08:17:03'\nSystem info: host: 'DESKTOP-JJVKPMQ', ip: '192.168.56.1', os.name: 'Windows 10', os.arch: 'amd64', os.version: '10.0', java.version: '16.0.2'\nDriver info: driver.version: ChromeDriver\nremote stacktrace: Backtrace:\n\tOrdinal0 [0x00682A33+2501171]\n\tOrdinal0 [0x0061D1C1+2085313]\n\tOrdinal0 [0x00521FA8+1056680]\n\tOrdinal0 [0x0051316E+995694]\n\tOrdinal0 [0x005231C0+1061312]\n\tOrdinal0 [0x0056A93B+1354043]\n\tOrdinal0 [0x0056960A+1349130]\n\tOrdinal0 [0x0056551B+1332507]\n\tOrdinal0 [0x00541D74+1187188]\n\tOrdinal0 [0x00542BD9+1190873]\n\tGetHandleVerifier [0x007FEFE6+1504438]\n\tGetHandleVerifier [0x008ADDA5+2220661]\n\tGetHandleVerifier [0x00705589+481881]\n\tGetHandleVerifier [0x00704639+477961]\n\tOrdinal0 [0x006228BD+2107581]\n\tOrdinal0 [0x00626728+2123560]\n\tOrdinal0 [0x00626862+2123874]\n\tOrdinal0 [0x0062FA81+2161281]\n\tBaseThreadInitThunk [0x7647FA29+25]\n\tRtlGetAppContainerNamedObjectPath [0x77607A7E+286]\n\tRtlGetAppContainerNamedObjectPath [0x77607A4E+238]\n",
      "time" : {
        "start" : 1629979584381,
        "stop" : 1629979585480,
        "duration" : 1099
      }
    }, {
      "uid" : "3b7b146702eb8b9e",
      "status" : "passed",
      "time" : {
        "start" : 1629979337826,
        "stop" : 1629979349238,
        "duration" : 11412
      }
    }, {
      "uid" : "5682c39c0e27b5e",
      "status" : "passed",
      "time" : {
        "start" : 1629974535092,
        "stop" : 1629974544114,
        "duration" : 9022
      }
    }, {
      "uid" : "8bf68e70b8af4a78",
      "status" : "passed",
      "time" : {
        "start" : 1629974083900,
        "stop" : 1629974095364,
        "duration" : 11464
      }
    }, {
      "uid" : "df56823e77f95c73",
      "status" : "broken",
      "statusDetails" : "session not created\nfrom disconnected: unable to connect to renderer\n  (Session info: headless chrome=92.0.4515.159)\nBuild info: version: '3.141.59', revision: 'e82be7d358', time: '2018-11-14T08:17:03'\nSystem info: host: 'DESKTOP-JJVKPMQ', ip: '192.168.56.1', os.name: 'Windows 10', os.arch: 'amd64', os.version: '10.0', java.version: '16.0.2'\nDriver info: driver.version: ChromeDriver\nremote stacktrace: Backtrace:\n\tOrdinal0 [0x00692A33+2501171]\n\tOrdinal0 [0x0062D1C1+2085313]\n\tOrdinal0 [0x00531FA8+1056680]\n\tOrdinal0 [0x0052316E+995694]\n\tOrdinal0 [0x005331C0+1061312]\n\tOrdinal0 [0x0057A93B+1354043]\n\tOrdinal0 [0x0057960A+1349130]\n\tOrdinal0 [0x0057551B+1332507]\n\tOrdinal0 [0x00551D74+1187188]\n\tOrdinal0 [0x00552BD9+1190873]\n\tGetHandleVerifier [0x0080EFE6+1504438]\n\tGetHandleVerifier [0x008BDDA5+2220661]\n\tGetHandleVerifier [0x00715589+481881]\n\tGetHandleVerifier [0x00714639+477961]\n\tOrdinal0 [0x006328BD+2107581]\n\tOrdinal0 [0x00636728+2123560]\n\tOrdinal0 [0x00636862+2123874]\n\tOrdinal0 [0x0063FA81+2161281]\n\tBaseThreadInitThunk [0x75BDFA29+25]\n\tRtlGetAppContainerNamedObjectPath [0x77257A7E+286]\n\tRtlGetAppContainerNamedObjectPath [0x77257A4E+238]\n",
      "time" : {
        "start" : 1629973903505,
        "stop" : 1629973904574,
        "duration" : 1069
      }
    }, {
      "uid" : "55b0c555906ced76",
      "status" : "passed",
      "time" : {
        "start" : 1629973748468,
        "stop" : 1629973757042,
        "duration" : 8574
      }
    }, {
      "uid" : "b360e9c798505eec",
      "status" : "passed",
      "time" : {
        "start" : 1629898437279,
        "stop" : 1629898451578,
        "duration" : 14299
      }
    }, {
      "uid" : "30e0ec55f25c2a7",
      "status" : "passed",
      "time" : {
        "start" : 1629889759761,
        "stop" : 1629889773271,
        "duration" : 13510
      }
    }, {
      "uid" : "9181dd1c7637f950",
      "status" : "broken",
      "statusDetails" : "Expected condition failed: waiting for visibility of element located by By.xpath: //*[@class=' css-k8o10q'] (tried for 5 second(s) with 500 milliseconds interval)",
      "time" : {
        "start" : 1629889183281,
        "stop" : 1629889199908,
        "duration" : 16627
      }
    } ],
    "categories" : [ {
      "name" : "Test defects",
      "matchedStatuses" : [ ],
      "flaky" : false
    } ],
    "history" : {
      "statistic" : {
        "failed" : 0,
        "broken" : 10,
        "skipped" : 0,
        "passed" : 0,
        "unknown" : 0,
        "total" : 10
      },
      "items" : [ {
        "uid" : "f8ea35801c53164",
        "reportUrl" : "https://Christopher9411.github.io/ExamworkProject/46//#testresult/f8ea35801c53164",
        "status" : "broken",
        "statusDetails" : "Expected condition failed: waiting for visibility of element located by By.cssSelector: tr.mainsettings:nth-child(6) > td:nth-child(2) > input (tried for 10 second(s) with 500 milliseconds interval)",
        "time" : {
          "start" : 1629981397128,
          "stop" : 1629981429319,
          "duration" : 32191
        }
      }, {
        "uid" : "7f3f6d9dadbf5153",
        "reportUrl" : "https://Christopher9411.github.io/ExamworkProject/45//#testresult/7f3f6d9dadbf5153",
        "status" : "broken",
        "statusDetails" : "unknown error: Chrome failed to start: exited abnormally.\n  (unknown error: DevToolsActivePort file doesn't exist)\n  (The process started from chrome location /usr/bin/google-chrome is no longer running, so ChromeDriver is assuming that Chrome has crashed.)\nBuild info: version: '3.141.59', revision: 'e82be7d358', time: '2018-11-14T08:17:03'\nSystem info: host: 'fv-az74-462', ip: '10.1.0.222', os.name: 'Linux', os.arch: 'amd64', os.version: '5.8.0-1039-azure', java.version: '16.0.2'\nDriver info: driver.version: ChromeDriver\nremote stacktrace: #0 0x55b5aea2ea63 <unknown>\n#1 0x55b5ae7a3458 <unknown>\n#2 0x55b5ae7c62e3 <unknown>\n#3 0x55b5ae7c1e9f <unknown>\n#4 0x55b5ae7fbb72 <unknown>\n#5 0x55b5ae7f5fd3 <unknown>\n#6 0x55b5ae7cc514 <unknown>\n#7 0x55b5ae7cd505 <unknown>\n#8 0x55b5aea5ae2e <unknown>\n#9 0x55b5aea70886 <unknown>\n#10 0x55b5aea5bd75 <unknown>\n#11 0x55b5aea71d94 <unknown>\n#12 0x55b5aea528eb <unknown>\n#13 0x55b5aea8ccd8 <unknown>\n#14 0x55b5aea8ce58 <unknown>\n#15 0x55b5aeaa6dfd <unknown>\n#16 0x7fb263e44609 start_thread\n",
        "time" : {
          "start" : 1629980964253,
          "stop" : 1629980969603,
          "duration" : 5350
        }
      }, {
        "uid" : "12d1a4fd34857267",
        "reportUrl" : "https://Christopher9411.github.io/ExamworkProject/44//#testresult/12d1a4fd34857267",
        "status" : "broken",
        "statusDetails" : "Expected condition failed: waiting for visibility of element located by By.xpath: //*[contains(@name,'homepage')] (tried for 10 second(s) with 500 milliseconds interval)",
        "time" : {
          "start" : 1629973890523,
          "stop" : 1629973917830,
          "duration" : 27307
        }
      }, {
        "uid" : "7eba96bca3959271",
        "reportUrl" : "https://Christopher9411.github.io/ExamworkProject/43//#testresult/7eba96bca3959271",
        "status" : "broken",
        "statusDetails" : "element click intercepted: Element <li>...</li> is not clickable at point (108, 254). Other element would receive the click: <p>...</p>\n  (Session info: headless chrome=92.0.4515.131)\nBuild info: version: '3.141.59', revision: 'e82be7d358', time: '2018-11-14T08:17:03'\nSystem info: host: 'fv-az74-462', ip: '10.1.0.25', os.name: 'Linux', os.arch: 'amd64', os.version: '5.8.0-1039-azure', java.version: '16.0.2'\nDriver info: org.openqa.selenium.chrome.ChromeDriver\nCapabilities {acceptInsecureCerts: false, browserName: chrome, browserVersion: 92.0.4515.131, chrome: {chromedriverVersion: 92.0.4515.107 (87a818b10553..., userDataDir: /tmp/.com.google.Chrome.w2tWu4}, goog:chromeOptions: {debuggerAddress: localhost:9222}, javascriptEnabled: true, networkConnectionEnabled: false, pageLoadStrategy: normal, platform: LINUX, platformName: LINUX, proxy: Proxy(), setWindowRect: true, strictFileInteractability: false, timeouts: {implicit: 0, pageLoad: 300000, script: 30000}, unhandledPromptBehavior: dismiss and notify, webauthn:extension:credBlob: true, webauthn:extension:largeBlob: true, webauthn:virtualAuthenticators: true}\nSession ID: 720d5a131fdde638952d2c84301361b7",
        "time" : {
          "start" : 1629964564984,
          "stop" : 1629964587652,
          "duration" : 22668
        }
      }, {
        "uid" : "99d6098bb83aa860",
        "reportUrl" : "https://Christopher9411.github.io/ExamworkProject/42//#testresult/99d6098bb83aa860",
        "status" : "broken",
        "statusDetails" : "Expected condition failed: waiting for visibility of element located by By.xpath: //*[contains(@name,'homepage')] (tried for 10 second(s) with 500 milliseconds interval)",
        "time" : {
          "start" : 1629901064146,
          "stop" : 1629901091304,
          "duration" : 27158
        }
      }, {
        "uid" : "f8208507ac7cdeea",
        "reportUrl" : "https://Christopher9411.github.io/ExamworkProject/41//#testresult/f8208507ac7cdeea",
        "status" : "broken",
        "statusDetails" : "element click intercepted: Element <li>...</li> is not clickable at point (108, 254). Other element would receive the click: <p>...</p>\n  (Session info: headless chrome=92.0.4515.131)\nBuild info: version: '3.141.59', revision: 'e82be7d358', time: '2018-11-14T08:17:03'\nSystem info: host: 'fv-az42-204', ip: '10.1.0.9', os.name: 'Linux', os.arch: 'amd64', os.version: '5.8.0-1039-azure', java.version: '16.0.2'\nDriver info: org.openqa.selenium.chrome.ChromeDriver\nCapabilities {acceptInsecureCerts: false, browserName: chrome, browserVersion: 92.0.4515.131, chrome: {chromedriverVersion: 92.0.4515.107 (87a818b10553..., userDataDir: /tmp/.com.google.Chrome.pZmJfZ}, goog:chromeOptions: {debuggerAddress: localhost:9222}, javascriptEnabled: true, networkConnectionEnabled: false, pageLoadStrategy: normal, platform: LINUX, platformName: LINUX, proxy: Proxy(), setWindowRect: true, strictFileInteractability: false, timeouts: {implicit: 0, pageLoad: 300000, script: 30000}, unhandledPromptBehavior: dismiss and notify, webauthn:extension:credBlob: true, webauthn:extension:largeBlob: true, webauthn:virtualAuthenticators: true}\nSession ID: 2269067cd5f59d89be206187e3dec57a",
        "time" : {
          "start" : 1629898789552,
          "stop" : 1629898817401,
          "duration" : 27849
        }
      }, {
        "uid" : "daf563d9b73086d0",
        "reportUrl" : "https://Christopher9411.github.io/ExamworkProject/40//#testresult/daf563d9b73086d0",
        "status" : "broken",
        "statusDetails" : "unknown error: Chrome failed to start: exited abnormally.\n  (chrome not reachable)\n  (The process started from chrome location /usr/bin/google-chrome is no longer running, so ChromeDriver is assuming that Chrome has crashed.)\nBuild info: version: '3.141.59', revision: 'e82be7d358', time: '2018-11-14T08:17:03'\nSystem info: host: 'fv-az77-272', ip: '10.1.0.71', os.name: 'Linux', os.arch: 'amd64', os.version: '5.8.0-1039-azure', java.version: '16.0.2'\nDriver info: driver.version: ChromeDriver\nremote stacktrace: #0 0x5569157c2a63 <unknown>\n#1 0x556915537458 <unknown>\n#2 0x55691555a2e3 <unknown>\n#3 0x556915555e9f <unknown>\n#4 0x55691558fb72 <unknown>\n#5 0x556915589fd3 <unknown>\n#6 0x556915560514 <unknown>\n#7 0x556915561505 <unknown>\n#8 0x5569157eee2e <unknown>\n#9 0x556915804886 <unknown>\n#10 0x5569157efd75 <unknown>\n#11 0x556915805d94 <unknown>\n#12 0x5569157e68eb <unknown>\n#13 0x556915820cd8 <unknown>\n#14 0x556915820e58 <unknown>\n#15 0x55691583adfd <unknown>\n#16 0x7f0610c4c609 start_thread\n",
        "time" : {
          "start" : 1629897848390,
          "stop" : 1629897851287,
          "duration" : 2897
        }
      }, {
        "uid" : "6875a83329e7444d",
        "reportUrl" : "https://Christopher9411.github.io/ExamworkProject/39//#testresult/6875a83329e7444d",
        "status" : "broken",
        "statusDetails" : "Expected condition failed: waiting for visibility of element located by By.xpath: //*[contains(@name,'homepage')] (tried for 10 second(s) with 500 milliseconds interval)",
        "time" : {
          "start" : 1629893078339,
          "stop" : 1629893104536,
          "duration" : 26197
        }
      }, {
        "uid" : "55eb798bae70972d",
        "reportUrl" : "https://Christopher9411.github.io/ExamworkProject/38//#testresult/55eb798bae70972d",
        "status" : "broken",
        "statusDetails" : "unknown error: Chrome failed to start: exited abnormally.\n  (chrome not reachable)\n  (The process started from chrome location /usr/bin/google-chrome is no longer running, so ChromeDriver is assuming that Chrome has crashed.)\nBuild info: version: '3.141.59', revision: 'e82be7d358', time: '2018-11-14T08:17:03'\nSystem info: host: 'fv-az36-263', ip: '10.1.0.9', os.name: 'Linux', os.arch: 'amd64', os.version: '5.8.0-1039-azure', java.version: '16.0.2'\nDriver info: driver.version: ChromeDriver\nremote stacktrace: #0 0x563d08749a63 <unknown>\n#1 0x563d084be458 <unknown>\n#2 0x563d084e12e3 <unknown>\n#3 0x563d084dce9f <unknown>\n#4 0x563d08516b72 <unknown>\n#5 0x563d08510fd3 <unknown>\n#6 0x563d084e7514 <unknown>\n#7 0x563d084e8505 <unknown>\n#8 0x563d08775e2e <unknown>\n#9 0x563d0878b886 <unknown>\n#10 0x563d08776d75 <unknown>\n#11 0x563d0878cd94 <unknown>\n#12 0x563d0876d8eb <unknown>\n#13 0x563d087a7cd8 <unknown>\n#14 0x563d087a7e58 <unknown>\n#15 0x563d087c1dfd <unknown>\n#16 0x7f652b3df609 start_thread\n",
        "time" : {
          "start" : 1629889706788,
          "stop" : 1629889710123,
          "duration" : 3335
        }
      } ]
    },
    "tags" : [ ]
  },
  "source" : "e51ca3982744b7be.json",
  "parameterValues" : [ ]
}