{
  "uid" : "11142882301b09b0",
  "name" : "Fórum keresési találatokon keresztül történő loopolás",
  "fullName" : "ForumTestPOM.loop_through_list",
  "historyId" : "12b3e6d11d790d7df14aa190ffe81100",
  "time" : {
    "start" : 1629807456637,
    "stop" : 1629807471222,
    "duration" : 14585
  },
  "description" : "",
  "status" : "passed",
  "flaky" : false,
  "newFailed" : false,
  "beforeStages" : [ ],
  "afterStages" : [ {
    "name" : "Close",
    "time" : {
      "start" : 1629807471154,
      "stop" : 1629807471213,
      "duration" : 59
    },
    "status" : "passed",
    "steps" : [ ],
    "attachments" : [ ],
    "parameters" : [ ],
    "stepsCount" : 0,
    "attachmentsCount" : 0,
    "shouldDisplayMessage" : false,
    "hasContent" : false
  } ],
  "labels" : [ {
    "name" : "host",
    "value" : "DESKTOP-JJVKPMQ"
  }, {
    "name" : "thread",
    "value" : "13824@DESKTOP-JJVKPMQ.ForkJoinPool-1-worker-3(16)"
  }, {
    "name" : "framework",
    "value" : "junit-platform"
  }, {
    "name" : "language",
    "value" : "java"
  }, {
    "name" : "package",
    "value" : "ForumTestPOM"
  }, {
    "name" : "testClass",
    "value" : "ForumTestPOM"
  }, {
    "name" : "testMethod",
    "value" : "loop_through_list"
  }, {
    "name" : "suite",
    "value" : "ForumTestPOM"
  }, {
    "name" : "resultFormat",
    "value" : "allure2"
  } ],
  "parameters" : [ ],
  "links" : [ ],
  "hidden" : false,
  "retry" : false,
  "extra" : {
    "severity" : "normal",
    "retries" : [ {
      "uid" : "39a3726b5037aee5",
      "status" : "broken",
      "statusDetails" : "Session ID is null. Using WebDriver after calling quit()?\nBuild info: version: '3.141.59', revision: 'e82be7d358', time: '2018-11-14T08:17:03'\nSystem info: host: 'DESKTOP-JJVKPMQ', ip: '192.168.56.1', os.name: 'Windows 10', os.arch: 'amd64', os.version: '10.0', java.version: '16.0.2'\nDriver info: driver.version: RemoteWebDriver",
      "time" : {
        "start" : 1629802924543,
        "stop" : 1629802924547,
        "duration" : 4
      }
    }, {
      "uid" : "34ac2707ec897b3",
      "status" : "passed",
      "time" : {
        "start" : 1629713090452,
        "stop" : 1629713100894,
        "duration" : 10442
      }
    }, {
      "uid" : "3dfa38c2bf4ec491",
      "status" : "passed",
      "time" : {
        "start" : 1629711769508,
        "stop" : 1629711784453,
        "duration" : 14945
      }
    }, {
      "uid" : "f066e0a37e2cff1d",
      "status" : "broken",
      "statusDetails" : "stale element reference: element is not attached to the page document\n  (Session info: chrome=92.0.4515.159)\nFor documentation on this error, please visit: https://www.seleniumhq.org/exceptions/stale_element_reference.html\nBuild info: version: '3.141.59', revision: 'e82be7d358', time: '2018-11-14T08:17:03'\nSystem info: host: 'DESKTOP-JJVKPMQ', ip: '192.168.56.1', os.name: 'Windows 10', os.arch: 'amd64', os.version: '10.0', java.version: '16.0.2'\nDriver info: org.openqa.selenium.chrome.ChromeDriver\nCapabilities {acceptInsecureCerts: false, browserName: chrome, browserVersion: 92.0.4515.159, chrome: {chromedriverVersion: 92.0.4515.107 (87a818b10553..., userDataDir: C:\\Users\\TATSUY~1\\AppData\\L...}, goog:chromeOptions: {debuggerAddress: localhost:49612}, javascriptEnabled: true, networkConnectionEnabled: false, pageLoadStrategy: normal, platform: WINDOWS, platformName: WINDOWS, proxy: Proxy(), setWindowRect: true, strictFileInteractability: false, timeouts: {implicit: 0, pageLoad: 300000, script: 30000}, unhandledPromptBehavior: dismiss and notify, webauthn:extension:credBlob: true, webauthn:extension:largeBlob: true, webauthn:virtualAuthenticators: true}\nSession ID: 8457550b75b0835078155e636ef46ae6",
      "time" : {
        "start" : 1629711733165,
        "stop" : 1629711741079,
        "duration" : 7914
      }
    }, {
      "uid" : "7b8dfcaa40bcb529",
      "status" : "broken",
      "statusDetails" : "no such element: Unable to locate element: {\"method\":\"xpath\",\"selector\":\"/html/body/div[2]/div/table/tbody/tr[2]/td[2]/form[1]/table/tbody/tr/td[1]/a[10]\"}\n  (Session info: chrome=92.0.4515.159)\nFor documentation on this error, please visit: https://www.seleniumhq.org/exceptions/no_such_element.html\nBuild info: version: '3.141.59', revision: 'e82be7d358', time: '2018-11-14T08:17:03'\nSystem info: host: 'DESKTOP-JJVKPMQ', ip: '192.168.56.1', os.name: 'Windows 10', os.arch: 'amd64', os.version: '10.0', java.version: '16.0.2'\nDriver info: org.openqa.selenium.chrome.ChromeDriver\nCapabilities {acceptInsecureCerts: false, browserName: chrome, browserVersion: 92.0.4515.159, chrome: {chromedriverVersion: 92.0.4515.107 (87a818b10553..., userDataDir: C:\\Users\\TATSUY~1\\AppData\\L...}, goog:chromeOptions: {debuggerAddress: localhost:63108}, javascriptEnabled: true, networkConnectionEnabled: false, pageLoadStrategy: normal, platform: WINDOWS, platformName: WINDOWS, proxy: Proxy(), setWindowRect: true, strictFileInteractability: false, timeouts: {implicit: 0, pageLoad: 300000, script: 30000}, unhandledPromptBehavior: dismiss and notify, webauthn:extension:credBlob: true, webauthn:extension:largeBlob: true, webauthn:virtualAuthenticators: true}\nSession ID: 7e322b61102753c79ac3f77740b68cb4\n*** Element info: {Using=xpath, value=/html/body/div[2]/div/table/tbody/tr[2]/td[2]/form[1]/table/tbody/tr/td[1]/a[10]}",
      "time" : {
        "start" : 1629711663080,
        "stop" : 1629711673184,
        "duration" : 10104
      }
    }, {
      "uid" : "80473382f87a0031",
      "status" : "passed",
      "time" : {
        "start" : 1629711269825,
        "stop" : 1629711283978,
        "duration" : 14153
      }
    }, {
      "uid" : "12da52decf9b8c0c",
      "status" : "passed",
      "time" : {
        "start" : 1629710912500,
        "stop" : 1629710927737,
        "duration" : 15237
      }
    }, {
      "uid" : "8c16818f93815ac7",
      "status" : "passed",
      "time" : {
        "start" : 1629710808676,
        "stop" : 1629710823629,
        "duration" : 14953
      }
    }, {
      "uid" : "4ff43d458391ad79",
      "status" : "passed",
      "time" : {
        "start" : 1629441017751,
        "stop" : 1629441032483,
        "duration" : 14732
      }
    }, {
      "uid" : "82b9f6d16f2b69e1",
      "status" : "passed",
      "time" : {
        "start" : 1629436456847,
        "stop" : 1629436471175,
        "duration" : 14328
      }
    }, {
      "uid" : "41ec6870f1d2047f",
      "status" : "broken",
      "statusDetails" : "Expected condition failed: waiting for visibility of element located by By.xpath: /html/body/div[2]/div/table/tbody/tr[2]/td[2]/form[1]/table/tbody/tr/td[1]/a[7] (tried for 7 second(s) with 500 milliseconds interval)",
      "time" : {
        "start" : 1629436334696,
        "stop" : 1629436348314,
        "duration" : 13618
      }
    }, {
      "uid" : "a6b7b248e3655b07",
      "status" : "broken",
      "statusDetails" : "stale element reference: element is not attached to the page document\n  (Session info: chrome=92.0.4515.159)\nFor documentation on this error, please visit: https://www.seleniumhq.org/exceptions/stale_element_reference.html\nBuild info: version: '3.141.59', revision: 'e82be7d358', time: '2018-11-14T08:17:03'\nSystem info: host: 'DESKTOP-JJVKPMQ', ip: '192.168.56.1', os.name: 'Windows 10', os.arch: 'amd64', os.version: '10.0', java.version: '16.0.2'\nDriver info: org.openqa.selenium.chrome.ChromeDriver\nCapabilities {acceptInsecureCerts: false, browserName: chrome, browserVersion: 92.0.4515.159, chrome: {chromedriverVersion: 92.0.4515.107 (87a818b10553..., userDataDir: C:\\Users\\TATSUY~1\\AppData\\L...}, goog:chromeOptions: {debuggerAddress: localhost:54813}, javascriptEnabled: true, networkConnectionEnabled: false, pageLoadStrategy: normal, platform: WINDOWS, platformName: WINDOWS, proxy: Proxy(), setWindowRect: true, strictFileInteractability: false, timeouts: {implicit: 0, pageLoad: 300000, script: 30000}, unhandledPromptBehavior: dismiss and notify, webauthn:extension:credBlob: true, webauthn:extension:largeBlob: true, webauthn:virtualAuthenticators: true}\nSession ID: 5a38e5d81c4ba65f8ec3ab1b0156eb08",
      "time" : {
        "start" : 1629436203274,
        "stop" : 1629436212701,
        "duration" : 9427
      }
    }, {
      "uid" : "fa3f3a1701419f6a",
      "status" : "broken",
      "statusDetails" : "stale element reference: element is not attached to the page document\n  (Session info: chrome=92.0.4515.159)\nFor documentation on this error, please visit: https://www.seleniumhq.org/exceptions/stale_element_reference.html\nBuild info: version: '3.141.59', revision: 'e82be7d358', time: '2018-11-14T08:17:03'\nSystem info: host: 'DESKTOP-JJVKPMQ', ip: '192.168.56.1', os.name: 'Windows 10', os.arch: 'amd64', os.version: '10.0', java.version: '16.0.2'\nDriver info: org.openqa.selenium.chrome.ChromeDriver\nCapabilities {acceptInsecureCerts: false, browserName: chrome, browserVersion: 92.0.4515.159, chrome: {chromedriverVersion: 92.0.4515.107 (87a818b10553..., userDataDir: C:\\Users\\TATSUY~1\\AppData\\L...}, goog:chromeOptions: {debuggerAddress: localhost:57810}, javascriptEnabled: true, networkConnectionEnabled: false, pageLoadStrategy: normal, platform: WINDOWS, platformName: WINDOWS, proxy: Proxy(), setWindowRect: true, strictFileInteractability: false, timeouts: {implicit: 0, pageLoad: 300000, script: 30000}, unhandledPromptBehavior: dismiss and notify, webauthn:extension:credBlob: true, webauthn:extension:largeBlob: true, webauthn:virtualAuthenticators: true}\nSession ID: 0f28099f9a40621185d926e2610599aa",
      "time" : {
        "start" : 1629436100338,
        "stop" : 1629436103916,
        "duration" : 3578
      }
    }, {
      "uid" : "89bd2a92d8abe945",
      "status" : "failed",
      "statusDetails" : "expected:<...picResult?tr_start=2[4]0&tr_step=30&o=10&tq...> but was:<...picResult?tr_start=2[1]0&tr_step=30&o=10&tq...>",
      "time" : {
        "start" : 1629436033027,
        "stop" : 1629436042210,
        "duration" : 9183
      }
    }, {
      "uid" : "7dcaa61bcca15ca8",
      "status" : "broken",
      "statusDetails" : "stale element reference: element is not attached to the page document\n  (Session info: chrome=92.0.4515.159)\nFor documentation on this error, please visit: https://www.seleniumhq.org/exceptions/stale_element_reference.html\nBuild info: version: '3.141.59', revision: 'e82be7d358', time: '2018-11-14T08:17:03'\nSystem info: host: 'DESKTOP-JJVKPMQ', ip: '192.168.56.1', os.name: 'Windows 10', os.arch: 'amd64', os.version: '10.0', java.version: '16.0.2'\nDriver info: org.openqa.selenium.chrome.ChromeDriver\nCapabilities {acceptInsecureCerts: false, browserName: chrome, browserVersion: 92.0.4515.159, chrome: {chromedriverVersion: 92.0.4515.107 (87a818b10553..., userDataDir: C:\\Users\\TATSUY~1\\AppData\\L...}, goog:chromeOptions: {debuggerAddress: localhost:53317}, javascriptEnabled: true, networkConnectionEnabled: false, pageLoadStrategy: normal, platform: WINDOWS, platformName: WINDOWS, proxy: Proxy(), setWindowRect: true, strictFileInteractability: false, timeouts: {implicit: 0, pageLoad: 300000, script: 30000}, unhandledPromptBehavior: dismiss and notify, webauthn:extension:credBlob: true, webauthn:extension:largeBlob: true, webauthn:virtualAuthenticators: true}\nSession ID: c135e176430fdc6e7776e5900c34e464",
      "time" : {
        "start" : 1629435977076,
        "stop" : 1629435981297,
        "duration" : 4221
      }
    }, {
      "uid" : "88a08fe8475a5fad",
      "status" : "broken",
      "statusDetails" : "stale element reference: element is not attached to the page document\n  (Session info: chrome=92.0.4515.159)\nFor documentation on this error, please visit: https://www.seleniumhq.org/exceptions/stale_element_reference.html\nBuild info: version: '3.141.59', revision: 'e82be7d358', time: '2018-11-14T08:17:03'\nSystem info: host: 'DESKTOP-JJVKPMQ', ip: '192.168.56.1', os.name: 'Windows 10', os.arch: 'amd64', os.version: '10.0', java.version: '16.0.2'\nDriver info: org.openqa.selenium.chrome.ChromeDriver\nCapabilities {acceptInsecureCerts: false, browserName: chrome, browserVersion: 92.0.4515.159, chrome: {chromedriverVersion: 92.0.4515.107 (87a818b10553..., userDataDir: C:\\Users\\TATSUY~1\\AppData\\L...}, goog:chromeOptions: {debuggerAddress: localhost:61909}, javascriptEnabled: true, networkConnectionEnabled: false, pageLoadStrategy: normal, platform: WINDOWS, platformName: WINDOWS, proxy: Proxy(), setWindowRect: true, strictFileInteractability: false, timeouts: {implicit: 0, pageLoad: 300000, script: 30000}, unhandledPromptBehavior: dismiss and notify, webauthn:extension:credBlob: true, webauthn:extension:largeBlob: true, webauthn:virtualAuthenticators: true}\nSession ID: 8c36803c49a5ce6e8458fb04e49f87ca",
      "time" : {
        "start" : 1629435916592,
        "stop" : 1629435920874,
        "duration" : 4282
      }
    }, {
      "uid" : "b2d0d463187267e4",
      "status" : "broken",
      "statusDetails" : "no such element: Unable to locate element: {\"method\":\"xpath\",\"selector\":\"/html/body/div[2]/div/table/tbody/tr[2]/td[2]/form[1]/table/tbody/tr/td[1]/a[10]\"}\n  (Session info: chrome=92.0.4515.159)\nFor documentation on this error, please visit: https://www.seleniumhq.org/exceptions/no_such_element.html\nBuild info: version: '3.141.59', revision: 'e82be7d358', time: '2018-11-14T08:17:03'\nSystem info: host: 'DESKTOP-JJVKPMQ', ip: '192.168.56.1', os.name: 'Windows 10', os.arch: 'amd64', os.version: '10.0', java.version: '16.0.2'\nDriver info: org.openqa.selenium.chrome.ChromeDriver\nCapabilities {acceptInsecureCerts: false, browserName: chrome, browserVersion: 92.0.4515.159, chrome: {chromedriverVersion: 92.0.4515.107 (87a818b10553..., userDataDir: C:\\Users\\TATSUY~1\\AppData\\L...}, goog:chromeOptions: {debuggerAddress: localhost:58971}, javascriptEnabled: true, networkConnectionEnabled: false, pageLoadStrategy: normal, platform: WINDOWS, platformName: WINDOWS, proxy: Proxy(), setWindowRect: true, strictFileInteractability: false, timeouts: {implicit: 0, pageLoad: 300000, script: 30000}, unhandledPromptBehavior: dismiss and notify, webauthn:extension:credBlob: true, webauthn:extension:largeBlob: true, webauthn:virtualAuthenticators: true}\nSession ID: 52a82bbf7d97c281e0f05b1e4ee0703b\n*** Element info: {Using=xpath, value=/html/body/div[2]/div/table/tbody/tr[2]/td[2]/form[1]/table/tbody/tr/td[1]/a[10]}",
      "time" : {
        "start" : 1629435806180,
        "stop" : 1629435816842,
        "duration" : 10662
      }
    }, {
      "uid" : "b5c4bb9c333b2604",
      "status" : "broken",
      "statusDetails" : "Expected condition failed: waiting for visibility of element located by By.xpath: /html/body/div[2]/div/table/tbody/tr[2]/td[2]/form[1]/table/tbody/tr/td[1]/a[5] (tried for 5 second(s) with 500 milliseconds interval)",
      "time" : {
        "start" : 1629435782923,
        "stop" : 1629435791862,
        "duration" : 8939
      }
    }, {
      "uid" : "c57124e18322565f",
      "status" : "broken",
      "statusDetails" : "Expected condition failed: waiting for visibility of element located by By.xpath: /html/body/div[2]/div/table/tbody/tr[2]/td[2]/form[1]/table/tbody/tr/td[1]/a[7] (tried for 9 second(s) with 500 milliseconds interval)",
      "time" : {
        "start" : 1629435718887,
        "stop" : 1629435734158,
        "duration" : 15271
      }
    }, {
      "uid" : "fcba480057456030",
      "status" : "failed",
      "statusDetails" : "java.lang.AssertionError",
      "time" : {
        "start" : 1629435616116,
        "stop" : 1629435625977,
        "duration" : 9861
      }
    }, {
      "uid" : "247331db765bd3f2",
      "status" : "failed",
      "statusDetails" : "java.lang.AssertionError",
      "time" : {
        "start" : 1629433604854,
        "stop" : 1629433614053,
        "duration" : 9199
      }
    }, {
      "uid" : "8d2489bcbc5d6047",
      "status" : "broken",
      "statusDetails" : "stale element reference: element is not attached to the page document\n  (Session info: chrome=92.0.4515.159)\nFor documentation on this error, please visit: https://www.seleniumhq.org/exceptions/stale_element_reference.html\nBuild info: version: '3.141.59', revision: 'e82be7d358', time: '2018-11-14T08:17:03'\nSystem info: host: 'DESKTOP-JJVKPMQ', ip: '192.168.56.1', os.name: 'Windows 10', os.arch: 'amd64', os.version: '10.0', java.version: '16.0.2'\nDriver info: org.openqa.selenium.chrome.ChromeDriver\nCapabilities {acceptInsecureCerts: false, browserName: chrome, browserVersion: 92.0.4515.159, chrome: {chromedriverVersion: 92.0.4515.107 (87a818b10553..., userDataDir: C:\\Users\\TATSUY~1\\AppData\\L...}, goog:chromeOptions: {debuggerAddress: localhost:64257}, javascriptEnabled: true, networkConnectionEnabled: false, pageLoadStrategy: normal, platform: WINDOWS, platformName: WINDOWS, proxy: Proxy(), setWindowRect: true, strictFileInteractability: false, timeouts: {implicit: 0, pageLoad: 300000, script: 30000}, unhandledPromptBehavior: dismiss and notify, webauthn:extension:credBlob: true, webauthn:extension:largeBlob: true, webauthn:virtualAuthenticators: true}\nSession ID: 81dc37295e5b0f32a7dd0a90b6903c30",
      "time" : {
        "start" : 1629433579396,
        "stop" : 1629433585335,
        "duration" : 5939
      }
    }, {
      "uid" : "a2afcea7a28b9201",
      "status" : "broken",
      "statusDetails" : "no such element: Unable to locate element: {\"method\":\"xpath\",\"selector\":\"/html/body/div[2]/div/table/tbody/tr[2]/td[2]/form[1]/table/tbody/tr/td[1]/a[12]\"}\n  (Session info: chrome=92.0.4515.159)\nFor documentation on this error, please visit: https://www.seleniumhq.org/exceptions/no_such_element.html\nBuild info: version: '3.141.59', revision: 'e82be7d358', time: '2018-11-14T08:17:03'\nSystem info: host: 'DESKTOP-JJVKPMQ', ip: '192.168.56.1', os.name: 'Windows 10', os.arch: 'amd64', os.version: '10.0', java.version: '16.0.2'\nDriver info: org.openqa.selenium.chrome.ChromeDriver\nCapabilities {acceptInsecureCerts: false, browserName: chrome, browserVersion: 92.0.4515.159, chrome: {chromedriverVersion: 92.0.4515.107 (87a818b10553..., userDataDir: C:\\Users\\TATSUY~1\\AppData\\L...}, goog:chromeOptions: {debuggerAddress: localhost:54102}, javascriptEnabled: true, networkConnectionEnabled: false, pageLoadStrategy: normal, platform: WINDOWS, platformName: WINDOWS, proxy: Proxy(), setWindowRect: true, strictFileInteractability: false, timeouts: {implicit: 0, pageLoad: 300000, script: 30000}, unhandledPromptBehavior: dismiss and notify, webauthn:extension:credBlob: true, webauthn:extension:largeBlob: true, webauthn:virtualAuthenticators: true}\nSession ID: 03128983ad2dfec6e6621784e94b7e60\n*** Element info: {Using=xpath, value=/html/body/div[2]/div/table/tbody/tr[2]/td[2]/form[1]/table/tbody/tr/td[1]/a[12]}",
      "time" : {
        "start" : 1629433182851,
        "stop" : 1629433193118,
        "duration" : 10267
      }
    }, {
      "uid" : "c1788e962d2d16af",
      "status" : "failed",
      "statusDetails" : "expected:<...picResult?tr_start=2[1]0&tr_step=30&o=10&tq...> but was:<...picResult?tr_start=2[4]0&tr_step=30&o=10&tq...>",
      "time" : {
        "start" : 1629431267383,
        "stop" : 1629431277552,
        "duration" : 10169
      }
    }, {
      "uid" : "b88fada9ba1e095",
      "status" : "failed",
      "statusDetails" : "expected:<...picResult?tr_start=2[4]0&tr_step=30&o=10&tq...> but was:<...picResult?tr_start=2[1]0&tr_step=30&o=10&tq...>",
      "time" : {
        "start" : 1629431203124,
        "stop" : 1629431212957,
        "duration" : 9833
      }
    }, {
      "uid" : "cc1801797061f8af",
      "status" : "failed",
      "statusDetails" : "expected:<[  ]https://forum.index....> but was:<[]https://forum.index....>",
      "time" : {
        "start" : 1629431146337,
        "stop" : 1629431156966,
        "duration" : 10629
      }
    }, {
      "uid" : "59d302c16a10de60",
      "status" : "broken",
      "statusDetails" : "Expected condition failed: waiting for visibility of element located by By.xpath: /html/body/div[2]/div/table/tbody/tr[2]/td[2]/form[1]/table/tbody/tr/td[1]/a[5] (tried for 9 second(s) with 500 milliseconds interval)",
      "time" : {
        "start" : 1629431121978,
        "stop" : 1629431135097,
        "duration" : 13119
      }
    }, {
      "uid" : "369799035793847",
      "status" : "failed",
      "statusDetails" : "expected:<...picResult?tr_start=2[4]0&tr_step=30&o=10&tq...> but was:<...picResult?tr_start=2[1]0&tr_step=30&o=10&tq...>",
      "time" : {
        "start" : 1629431010672,
        "stop" : 1629431021600,
        "duration" : 10928
      }
    }, {
      "uid" : "d97605ad8bc78a46",
      "status" : "broken",
      "statusDetails" : "Expected condition failed: waiting for visibility of element located by By.xpath: /html/body/div[3]/div/table/tbody/tr[2]/td[2]/form[1]/table/tbody/tr/td[1]/a[10] (tried for 9 second(s) with 500 milliseconds interval)",
      "time" : {
        "start" : 1629430912920,
        "stop" : 1629430931803,
        "duration" : 18883
      }
    }, {
      "uid" : "b2c0321b5a5d31b9",
      "status" : "broken",
      "statusDetails" : "Expected condition failed: waiting for visibility of element located by By.xpath: /html/body/div[2]/div/table/tbody/tr[2]/td[2]/form[1]/table/tbody/tr/td[1]/a[5] (tried for 5 second(s) with 500 milliseconds interval)",
      "time" : {
        "start" : 1629430870784,
        "stop" : 1629430880096,
        "duration" : 9312
      }
    }, {
      "uid" : "7ddcaf0feffe7e71",
      "status" : "broken",
      "statusDetails" : "stale element reference: element is not attached to the page document\n  (Session info: chrome=92.0.4515.159)\nFor documentation on this error, please visit: https://www.seleniumhq.org/exceptions/stale_element_reference.html\nBuild info: version: '3.141.59', revision: 'e82be7d358', time: '2018-11-14T08:17:03'\nSystem info: host: 'DESKTOP-JJVKPMQ', ip: '192.168.56.1', os.name: 'Windows 10', os.arch: 'amd64', os.version: '10.0', java.version: '16.0.2'\nDriver info: org.openqa.selenium.chrome.ChromeDriver\nCapabilities {acceptInsecureCerts: false, browserName: chrome, browserVersion: 92.0.4515.159, chrome: {chromedriverVersion: 92.0.4515.107 (87a818b10553..., userDataDir: C:\\Users\\TATSUY~1\\AppData\\L...}, goog:chromeOptions: {debuggerAddress: localhost:52427}, javascriptEnabled: true, networkConnectionEnabled: false, pageLoadStrategy: normal, platform: WINDOWS, platformName: WINDOWS, proxy: Proxy(), setWindowRect: true, strictFileInteractability: false, timeouts: {implicit: 0, pageLoad: 300000, script: 30000}, unhandledPromptBehavior: dismiss and notify, webauthn:extension:credBlob: true, webauthn:extension:largeBlob: true, webauthn:virtualAuthenticators: true}\nSession ID: f59d6963d0650b6bb54fb61163ce6261",
      "time" : {
        "start" : 1629430762872,
        "stop" : 1629430770791,
        "duration" : 7919
      }
    }, {
      "uid" : "f244ec11eee0e8d4",
      "status" : "failed",
      "statusDetails" : "expected:<...opicResult?tr_start=[24]0&tr_step=30&o=10&tq...> but was:<...opicResult?tr_start=[18]0&tr_step=30&o=10&tq...>",
      "time" : {
        "start" : 1629430612858,
        "stop" : 1629430623045,
        "duration" : 10187
      }
    }, {
      "uid" : "c579b90ef7b7f898",
      "status" : "broken",
      "statusDetails" : "stale element reference: element is not attached to the page document\n  (Session info: chrome=92.0.4515.159)\nFor documentation on this error, please visit: https://www.seleniumhq.org/exceptions/stale_element_reference.html\nBuild info: version: '3.141.59', revision: 'e82be7d358', time: '2018-11-14T08:17:03'\nSystem info: host: 'DESKTOP-JJVKPMQ', ip: '192.168.56.1', os.name: 'Windows 10', os.arch: 'amd64', os.version: '10.0', java.version: '16.0.2'\nDriver info: org.openqa.selenium.chrome.ChromeDriver\nCapabilities {acceptInsecureCerts: false, browserName: chrome, browserVersion: 92.0.4515.159, chrome: {chromedriverVersion: 92.0.4515.107 (87a818b10553..., userDataDir: C:\\Users\\TATSUY~1\\AppData\\L...}, goog:chromeOptions: {debuggerAddress: localhost:55894}, javascriptEnabled: true, networkConnectionEnabled: false, pageLoadStrategy: normal, platform: WINDOWS, platformName: WINDOWS, proxy: Proxy(), setWindowRect: true, strictFileInteractability: false, timeouts: {implicit: 0, pageLoad: 300000, script: 30000}, unhandledPromptBehavior: dismiss and notify, webauthn:extension:credBlob: true, webauthn:extension:largeBlob: true, webauthn:virtualAuthenticators: true}\nSession ID: ef4abb64fb7ec3fca4d3cbee9f36a492",
      "time" : {
        "start" : 1629430456396,
        "stop" : 1629430461252,
        "duration" : 4856
      }
    }, {
      "uid" : "1d44700518e416a4",
      "status" : "broken",
      "statusDetails" : "Expected condition failed: waiting for visibility of element located by By.xpath: /html/body/div[2]/div/table/tbody/tr[2]/td[2]/form[1]/table/tbody/tr/td[1]/a[7] (tried for 5 second(s) with 500 milliseconds interval)",
      "time" : {
        "start" : 1629430397199,
        "stop" : 1629430409943,
        "duration" : 12744
      }
    }, {
      "uid" : "6bd8bcd881c15377",
      "status" : "broken",
      "statusDetails" : "stale element reference: element is not attached to the page document\n  (Session info: chrome=92.0.4515.159)\nFor documentation on this error, please visit: https://www.seleniumhq.org/exceptions/stale_element_reference.html\nBuild info: version: '3.141.59', revision: 'e82be7d358', time: '2018-11-14T08:17:03'\nSystem info: host: 'DESKTOP-JJVKPMQ', ip: '192.168.56.1', os.name: 'Windows 10', os.arch: 'amd64', os.version: '10.0', java.version: '16.0.2'\nDriver info: org.openqa.selenium.chrome.ChromeDriver\nCapabilities {acceptInsecureCerts: false, browserName: chrome, browserVersion: 92.0.4515.159, chrome: {chromedriverVersion: 92.0.4515.107 (87a818b10553..., userDataDir: C:\\Users\\TATSUY~1\\AppData\\L...}, goog:chromeOptions: {debuggerAddress: localhost:57984}, javascriptEnabled: true, networkConnectionEnabled: false, pageLoadStrategy: normal, platform: WINDOWS, platformName: WINDOWS, proxy: Proxy(), setWindowRect: true, strictFileInteractability: false, timeouts: {implicit: 0, pageLoad: 300000, script: 30000}, unhandledPromptBehavior: dismiss and notify, webauthn:extension:credBlob: true, webauthn:extension:largeBlob: true, webauthn:virtualAuthenticators: true}\nSession ID: 97f40352514d035f20debf1e2af99035",
      "time" : {
        "start" : 1629430298967,
        "stop" : 1629430310005,
        "duration" : 11038
      }
    }, {
      "uid" : "d377f8abb8bd8ec6",
      "status" : "broken",
      "statusDetails" : "stale element reference: element is not attached to the page document\n  (Session info: chrome=92.0.4515.159)\nFor documentation on this error, please visit: https://www.seleniumhq.org/exceptions/stale_element_reference.html\nBuild info: version: '3.141.59', revision: 'e82be7d358', time: '2018-11-14T08:17:03'\nSystem info: host: 'DESKTOP-JJVKPMQ', ip: '192.168.56.1', os.name: 'Windows 10', os.arch: 'amd64', os.version: '10.0', java.version: '16.0.2'\nDriver info: org.openqa.selenium.chrome.ChromeDriver\nCapabilities {acceptInsecureCerts: false, browserName: chrome, browserVersion: 92.0.4515.159, chrome: {chromedriverVersion: 92.0.4515.107 (87a818b10553..., userDataDir: C:\\Users\\TATSUY~1\\AppData\\L...}, goog:chromeOptions: {debuggerAddress: localhost:64144}, javascriptEnabled: true, networkConnectionEnabled: false, pageLoadStrategy: normal, platform: WINDOWS, platformName: WINDOWS, proxy: Proxy(), setWindowRect: true, strictFileInteractability: false, timeouts: {implicit: 0, pageLoad: 300000, script: 30000}, unhandledPromptBehavior: dismiss and notify, webauthn:extension:credBlob: true, webauthn:extension:largeBlob: true, webauthn:virtualAuthenticators: true}\nSession ID: 3b9a5177f60d1c9323e80b0aec368832",
      "time" : {
        "start" : 1629430201712,
        "stop" : 1629430206244,
        "duration" : 4532
      }
    }, {
      "uid" : "95995c89987b345f",
      "status" : "broken",
      "statusDetails" : "stale element reference: element is not attached to the page document\n  (Session info: chrome=92.0.4515.159)\nFor documentation on this error, please visit: https://www.seleniumhq.org/exceptions/stale_element_reference.html\nBuild info: version: '3.141.59', revision: 'e82be7d358', time: '2018-11-14T08:17:03'\nSystem info: host: 'DESKTOP-JJVKPMQ', ip: '192.168.56.1', os.name: 'Windows 10', os.arch: 'amd64', os.version: '10.0', java.version: '16.0.2'\nDriver info: org.openqa.selenium.chrome.ChromeDriver\nCapabilities {acceptInsecureCerts: false, browserName: chrome, browserVersion: 92.0.4515.159, chrome: {chromedriverVersion: 92.0.4515.107 (87a818b10553..., userDataDir: C:\\Users\\TATSUY~1\\AppData\\L...}, goog:chromeOptions: {debuggerAddress: localhost:59709}, javascriptEnabled: true, networkConnectionEnabled: false, pageLoadStrategy: normal, platform: WINDOWS, platformName: WINDOWS, proxy: Proxy(), setWindowRect: true, strictFileInteractability: false, timeouts: {implicit: 0, pageLoad: 300000, script: 30000}, unhandledPromptBehavior: dismiss and notify, webauthn:extension:credBlob: true, webauthn:extension:largeBlob: true, webauthn:virtualAuthenticators: true}\nSession ID: f7590624ee7e119e7dcf9ec67615b0d5",
      "time" : {
        "start" : 1629430129708,
        "stop" : 1629430134086,
        "duration" : 4378
      }
    }, {
      "uid" : "3eb80f51c5c4f061",
      "status" : "failed",
      "statusDetails" : "expected:<...opicResult?tr_start=[24]0&tr_step=30&o=10&tq...> but was:<...opicResult?tr_start=[18]0&tr_step=30&o=10&tq...>",
      "time" : {
        "start" : 1629430097727,
        "stop" : 1629430108673,
        "duration" : 10946
      }
    }, {
      "uid" : "5d636182d4624c45",
      "status" : "broken",
      "statusDetails" : "no such element: Unable to locate element: {\"method\":\"xpath\",\"selector\":\"/html/body/div[2]/div/table/tbody/tr[2]/td[2]/form[1]/table/tbody/tr/td[1]/a[5]\"}\n  (Session info: chrome=92.0.4515.159)\nFor documentation on this error, please visit: https://www.seleniumhq.org/exceptions/no_such_element.html\nBuild info: version: '3.141.59', revision: 'e82be7d358', time: '2018-11-14T08:17:03'\nSystem info: host: 'DESKTOP-JJVKPMQ', ip: '192.168.56.1', os.name: 'Windows 10', os.arch: 'amd64', os.version: '10.0', java.version: '16.0.2'\nDriver info: org.openqa.selenium.chrome.ChromeDriver\nCapabilities {acceptInsecureCerts: false, browserName: chrome, browserVersion: 92.0.4515.159, chrome: {chromedriverVersion: 92.0.4515.107 (87a818b10553..., userDataDir: C:\\Users\\TATSUY~1\\AppData\\L...}, goog:chromeOptions: {debuggerAddress: localhost:58470}, javascriptEnabled: true, networkConnectionEnabled: false, pageLoadStrategy: normal, platform: WINDOWS, platformName: WINDOWS, proxy: Proxy(), setWindowRect: true, strictFileInteractability: false, timeouts: {implicit: 0, pageLoad: 300000, script: 30000}, unhandledPromptBehavior: dismiss and notify, webauthn:extension:credBlob: true, webauthn:extension:largeBlob: true, webauthn:virtualAuthenticators: true}\nSession ID: fe5beeb679cd9387a24bb64cf895a6a1\n*** Element info: {Using=xpath, value=/html/body/div[2]/div/table/tbody/tr[2]/td[2]/form[1]/table/tbody/tr/td[1]/a[5]}",
      "time" : {
        "start" : 1629429795928,
        "stop" : 1629429799697,
        "duration" : 3769
      }
    }, {
      "uid" : "bb836d849e216759",
      "status" : "broken",
      "statusDetails" : "no such element: Unable to locate element: {\"method\":\"xpath\",\"selector\":\"//*[@id=\"maintd\"]/form[1]/table/tbody/tr/td[1]/a[3]\"}\n  (Session info: chrome=92.0.4515.159)\nFor documentation on this error, please visit: https://www.seleniumhq.org/exceptions/no_such_element.html\nBuild info: version: '3.141.59', revision: 'e82be7d358', time: '2018-11-14T08:17:03'\nSystem info: host: 'DESKTOP-JJVKPMQ', ip: '192.168.56.1', os.name: 'Windows 10', os.arch: 'amd64', os.version: '10.0', java.version: '16.0.2'\nDriver info: org.openqa.selenium.chrome.ChromeDriver\nCapabilities {acceptInsecureCerts: false, browserName: chrome, browserVersion: 92.0.4515.159, chrome: {chromedriverVersion: 92.0.4515.107 (87a818b10553..., userDataDir: C:\\Users\\TATSUY~1\\AppData\\L...}, goog:chromeOptions: {debuggerAddress: localhost:58933}, javascriptEnabled: true, networkConnectionEnabled: false, pageLoadStrategy: normal, platform: WINDOWS, platformName: WINDOWS, proxy: Proxy(), setWindowRect: true, strictFileInteractability: false, timeouts: {implicit: 0, pageLoad: 300000, script: 30000}, unhandledPromptBehavior: dismiss and notify, webauthn:extension:credBlob: true, webauthn:extension:largeBlob: true, webauthn:virtualAuthenticators: true}\nSession ID: 357aa4b492ba87e8b0aa2aa5025c58c8\n*** Element info: {Using=xpath, value=//*[@id=\"maintd\"]/form[1]/table/tbody/tr/td[1]/a[3]}",
      "time" : {
        "start" : 1629429704301,
        "stop" : 1629429707500,
        "duration" : 3199
      }
    }, {
      "uid" : "e712db339ecc2da9",
      "status" : "broken",
      "statusDetails" : "no such element: Unable to locate element: {\"method\":\"xpath\",\"selector\":\"//*[@id=\"maintd\"]/form[1]/table/tbody/tr/td[1]/a[6]\"}\n  (Session info: chrome=92.0.4515.159)\nFor documentation on this error, please visit: https://www.seleniumhq.org/exceptions/no_such_element.html\nBuild info: version: '3.141.59', revision: 'e82be7d358', time: '2018-11-14T08:17:03'\nSystem info: host: 'DESKTOP-JJVKPMQ', ip: '192.168.56.1', os.name: 'Windows 10', os.arch: 'amd64', os.version: '10.0', java.version: '16.0.2'\nDriver info: org.openqa.selenium.chrome.ChromeDriver\nCapabilities {acceptInsecureCerts: false, browserName: chrome, browserVersion: 92.0.4515.159, chrome: {chromedriverVersion: 92.0.4515.107 (87a818b10553..., userDataDir: C:\\Users\\TATSUY~1\\AppData\\L...}, goog:chromeOptions: {debuggerAddress: localhost:65256}, javascriptEnabled: true, networkConnectionEnabled: false, pageLoadStrategy: normal, platform: WINDOWS, platformName: WINDOWS, proxy: Proxy(), setWindowRect: true, strictFileInteractability: false, timeouts: {implicit: 0, pageLoad: 300000, script: 30000}, unhandledPromptBehavior: dismiss and notify, webauthn:extension:credBlob: true, webauthn:extension:largeBlob: true, webauthn:virtualAuthenticators: true}\nSession ID: 3145076bebcacc8409365000f09811ee\n*** Element info: {Using=xpath, value=//*[@id=\"maintd\"]/form[1]/table/tbody/tr/td[1]/a[6]}",
      "time" : {
        "start" : 1629429615407,
        "stop" : 1629429622802,
        "duration" : 7395
      }
    }, {
      "uid" : "a773c9e6e4a7660c",
      "status" : "broken",
      "statusDetails" : "no such element: Unable to locate element: {\"method\":\"xpath\",\"selector\":\"/html/body/div[2]/div/table/tbody/tr[2]/td[2]/form[1]/table/tbody/tr/td[1]/a[7]\"}\n  (Session info: chrome=92.0.4515.159)\nFor documentation on this error, please visit: https://www.seleniumhq.org/exceptions/no_such_element.html\nBuild info: version: '3.141.59', revision: 'e82be7d358', time: '2018-11-14T08:17:03'\nSystem info: host: 'DESKTOP-JJVKPMQ', ip: '192.168.56.1', os.name: 'Windows 10', os.arch: 'amd64', os.version: '10.0', java.version: '16.0.2'\nDriver info: org.openqa.selenium.chrome.ChromeDriver\nCapabilities {acceptInsecureCerts: false, browserName: chrome, browserVersion: 92.0.4515.159, chrome: {chromedriverVersion: 92.0.4515.107 (87a818b10553..., userDataDir: C:\\Users\\TATSUY~1\\AppData\\L...}, goog:chromeOptions: {debuggerAddress: localhost:58653}, javascriptEnabled: true, networkConnectionEnabled: false, pageLoadStrategy: normal, platform: WINDOWS, platformName: WINDOWS, proxy: Proxy(), setWindowRect: true, strictFileInteractability: false, timeouts: {implicit: 0, pageLoad: 300000, script: 30000}, unhandledPromptBehavior: dismiss and notify, webauthn:extension:credBlob: true, webauthn:extension:largeBlob: true, webauthn:virtualAuthenticators: true}\nSession ID: 96de62c0836451688caffedc07af367f\n*** Element info: {Using=xpath, value=/html/body/div[2]/div/table/tbody/tr[2]/td[2]/form[1]/table/tbody/tr/td[1]/a[7]}",
      "time" : {
        "start" : 1629393869144,
        "stop" : 1629393877189,
        "duration" : 8045
      }
    }, {
      "uid" : "785200fdcc4cde49",
      "status" : "broken",
      "statusDetails" : "no such element: Unable to locate element: {\"method\":\"xpath\",\"selector\":\"/html/body/div[2]/div/table/tbody/tr[2]/td[2]/form[1]/table/tbody/tr/td[1]/a[3]\"}\n  (Session info: chrome=92.0.4515.159)\nFor documentation on this error, please visit: https://www.seleniumhq.org/exceptions/no_such_element.html\nBuild info: version: '3.141.59', revision: 'e82be7d358', time: '2018-11-14T08:17:03'\nSystem info: host: 'DESKTOP-JJVKPMQ', ip: '192.168.56.1', os.name: 'Windows 10', os.arch: 'amd64', os.version: '10.0', java.version: '16.0.2'\nDriver info: org.openqa.selenium.chrome.ChromeDriver\nCapabilities {acceptInsecureCerts: false, browserName: chrome, browserVersion: 92.0.4515.159, chrome: {chromedriverVersion: 92.0.4515.107 (87a818b10553..., userDataDir: C:\\Users\\TATSUY~1\\AppData\\L...}, goog:chromeOptions: {debuggerAddress: localhost:55947}, javascriptEnabled: true, networkConnectionEnabled: false, pageLoadStrategy: normal, platform: WINDOWS, platformName: WINDOWS, proxy: Proxy(), setWindowRect: true, strictFileInteractability: false, timeouts: {implicit: 0, pageLoad: 300000, script: 30000}, unhandledPromptBehavior: dismiss and notify, webauthn:extension:credBlob: true, webauthn:extension:largeBlob: true, webauthn:virtualAuthenticators: true}\nSession ID: 22357ac8790bd168c2837c4426fba260\n*** Element info: {Using=xpath, value=/html/body/div[2]/div/table/tbody/tr[2]/td[2]/form[1]/table/tbody/tr/td[1]/a[3]}",
      "time" : {
        "start" : 1629393803198,
        "stop" : 1629393807035,
        "duration" : 3837
      }
    }, {
      "uid" : "8aaeec0cb29a904b",
      "status" : "broken",
      "statusDetails" : "Expected condition failed: waiting for visibility of element located by By.xpath: /html/body/div[2]/div/table/tbody/tr[2]/td[2]/form[1]/table/tbody/tr/td[1]/a[1] (tried for 5 second(s) with 500 milliseconds interval)",
      "time" : {
        "start" : 1629393710014,
        "stop" : 1629393715820,
        "duration" : 5806
      }
    }, {
      "uid" : "47447b613b790219",
      "status" : "broken",
      "statusDetails" : "no such element: Unable to locate element: {\"method\":\"xpath\",\"selector\":\"/html/body/div[2]/div/table/tbody/tr[2]/td[2]/form[1]/table/tbody/tr/td[1]/a[1]\"}\n  (Session info: chrome=92.0.4515.159)\nFor documentation on this error, please visit: https://www.seleniumhq.org/exceptions/no_such_element.html\nBuild info: version: '3.141.59', revision: 'e82be7d358', time: '2018-11-14T08:17:03'\nSystem info: host: 'DESKTOP-JJVKPMQ', ip: '192.168.56.1', os.name: 'Windows 10', os.arch: 'amd64', os.version: '10.0', java.version: '16.0.2'\nDriver info: org.openqa.selenium.chrome.ChromeDriver\nCapabilities {acceptInsecureCerts: false, browserName: chrome, browserVersion: 92.0.4515.159, chrome: {chromedriverVersion: 92.0.4515.107 (87a818b10553..., userDataDir: C:\\Users\\TATSUY~1\\AppData\\L...}, goog:chromeOptions: {debuggerAddress: localhost:49904}, javascriptEnabled: true, networkConnectionEnabled: false, pageLoadStrategy: normal, platform: WINDOWS, platformName: WINDOWS, proxy: Proxy(), setWindowRect: true, strictFileInteractability: false, timeouts: {implicit: 0, pageLoad: 300000, script: 30000}, unhandledPromptBehavior: dismiss and notify, webauthn:extension:credBlob: true, webauthn:extension:largeBlob: true, webauthn:virtualAuthenticators: true}\nSession ID: 3716533845ababbc0b7dd484388d313e\n*** Element info: {Using=xpath, value=/html/body/div[2]/div/table/tbody/tr[2]/td[2]/form[1]/table/tbody/tr/td[1]/a[1]}",
      "time" : {
        "start" : 1629393520445,
        "stop" : 1629393521973,
        "duration" : 1528
      }
    }, {
      "uid" : "8cca04a212357142",
      "status" : "broken",
      "statusDetails" : "invalid selector: Unable to locate an element with the xpath expression //*[@id=\\\"maintd\\\"]/form[1]/table/tbody/tr/td[1]/a[1] because of the following error:\nSyntaxError: Failed to execute 'evaluate' on 'Document': The string '//*[@id=\\\"maintd\\\"]/form[1]/table/tbody/tr/td[1]/a[1]' is not a valid XPath expression.\n  (Session info: chrome=92.0.4515.159)\nFor documentation on this error, please visit: https://www.seleniumhq.org/exceptions/invalid_selector_exception.html\nBuild info: version: '3.141.59', revision: 'e82be7d358', time: '2018-11-14T08:17:03'\nSystem info: host: 'DESKTOP-JJVKPMQ', ip: '192.168.56.1', os.name: 'Windows 10', os.arch: 'amd64', os.version: '10.0', java.version: '16.0.2'\nDriver info: org.openqa.selenium.chrome.ChromeDriver\nCapabilities {acceptInsecureCerts: false, browserName: chrome, browserVersion: 92.0.4515.159, chrome: {chromedriverVersion: 92.0.4515.107 (87a818b10553..., userDataDir: C:\\Users\\TATSUY~1\\AppData\\L...}, goog:chromeOptions: {debuggerAddress: localhost:60506}, javascriptEnabled: true, networkConnectionEnabled: false, pageLoadStrategy: normal, platform: WINDOWS, platformName: WINDOWS, proxy: Proxy(), setWindowRect: true, strictFileInteractability: false, timeouts: {implicit: 0, pageLoad: 300000, script: 30000}, unhandledPromptBehavior: dismiss and notify, webauthn:extension:credBlob: true, webauthn:extension:largeBlob: true, webauthn:virtualAuthenticators: true}\nSession ID: b5311fd062f10359a92b03a92080f65b\n*** Element info: {Using=xpath, value=//*[@id=\\\"maintd\\\"]/form[1]/table/tbody/tr/td[1]/a[1]}",
      "time" : {
        "start" : 1629393341099,
        "stop" : 1629393342690,
        "duration" : 1591
      }
    }, {
      "uid" : "1623ba80e5c1e50",
      "status" : "broken",
      "statusDetails" : "no such element: Unable to locate element: {\"method\":\"xpath\",\"selector\":\"/html/body/div[2]/div/table/tbody/tr[2]/td[2]/form[1]/table/tbody/tr/td[1]/a[1]\"}\n  (Session info: chrome=92.0.4515.159)\nFor documentation on this error, please visit: https://www.seleniumhq.org/exceptions/no_such_element.html\nBuild info: version: '3.141.59', revision: 'e82be7d358', time: '2018-11-14T08:17:03'\nSystem info: host: 'DESKTOP-JJVKPMQ', ip: '192.168.56.1', os.name: 'Windows 10', os.arch: 'amd64', os.version: '10.0', java.version: '16.0.2'\nDriver info: org.openqa.selenium.chrome.ChromeDriver\nCapabilities {acceptInsecureCerts: false, browserName: chrome, browserVersion: 92.0.4515.159, chrome: {chromedriverVersion: 92.0.4515.107 (87a818b10553..., userDataDir: C:\\Users\\TATSUY~1\\AppData\\L...}, goog:chromeOptions: {debuggerAddress: localhost:62828}, javascriptEnabled: true, networkConnectionEnabled: false, pageLoadStrategy: normal, platform: WINDOWS, platformName: WINDOWS, proxy: Proxy(), setWindowRect: true, strictFileInteractability: false, timeouts: {implicit: 0, pageLoad: 300000, script: 30000}, unhandledPromptBehavior: dismiss and notify, webauthn:extension:credBlob: true, webauthn:extension:largeBlob: true, webauthn:virtualAuthenticators: true}\nSession ID: 8cd6a2ef8a12fe91ab94ba141e9c3d8d\n*** Element info: {Using=xpath, value=/html/body/div[2]/div/table/tbody/tr[2]/td[2]/form[1]/table/tbody/tr/td[1]/a[1]}",
      "time" : {
        "start" : 1629393280555,
        "stop" : 1629393282023,
        "duration" : 1468
      }
    }, {
      "uid" : "3cf0505ef07da168",
      "status" : "broken",
      "statusDetails" : "no such element: Unable to locate element: {\"method\":\"xpath\",\"selector\":\"/html/body/div[2]/div/table/tbody/tr[2]/td[2]/form[1]/table/tbody/tr/td[1]/a[1]\"}\n  (Session info: chrome=92.0.4515.159)\nFor documentation on this error, please visit: https://www.seleniumhq.org/exceptions/no_such_element.html\nBuild info: version: '3.141.59', revision: 'e82be7d358', time: '2018-11-14T08:17:03'\nSystem info: host: 'DESKTOP-JJVKPMQ', ip: '192.168.56.1', os.name: 'Windows 10', os.arch: 'amd64', os.version: '10.0', java.version: '16.0.2'\nDriver info: org.openqa.selenium.chrome.ChromeDriver\nCapabilities {acceptInsecureCerts: false, browserName: chrome, browserVersion: 92.0.4515.159, chrome: {chromedriverVersion: 92.0.4515.107 (87a818b10553..., userDataDir: C:\\Users\\TATSUY~1\\AppData\\L...}, goog:chromeOptions: {debuggerAddress: localhost:54547}, javascriptEnabled: true, networkConnectionEnabled: false, pageLoadStrategy: normal, platform: WINDOWS, platformName: WINDOWS, proxy: Proxy(), setWindowRect: true, strictFileInteractability: false, timeouts: {implicit: 0, pageLoad: 300000, script: 30000}, unhandledPromptBehavior: dismiss and notify, webauthn:extension:credBlob: true, webauthn:extension:largeBlob: true, webauthn:virtualAuthenticators: true}\nSession ID: 413ef1734488d93bcd1ac6c63e5fc207\n*** Element info: {Using=xpath, value=/html/body/div[2]/div/table/tbody/tr[2]/td[2]/form[1]/table/tbody/tr/td[1]/a[1]}",
      "time" : {
        "start" : 1629393255025,
        "stop" : 1629393256611,
        "duration" : 1586
      }
    }, {
      "uid" : "4294b7eedaee12e1",
      "status" : "broken",
      "statusDetails" : "no such element: Unable to locate element: {\"method\":\"xpath\",\"selector\":\"/html/body/div[2]/div/table/tbody/tr[2]/td[2]/form[1]/table/tbody/tr/td[1]/a[3]\"}\n  (Session info: chrome=92.0.4515.159)\nFor documentation on this error, please visit: https://www.seleniumhq.org/exceptions/no_such_element.html\nBuild info: version: '3.141.59', revision: 'e82be7d358', time: '2018-11-14T08:17:03'\nSystem info: host: 'DESKTOP-JJVKPMQ', ip: '192.168.56.1', os.name: 'Windows 10', os.arch: 'amd64', os.version: '10.0', java.version: '16.0.2'\nDriver info: org.openqa.selenium.chrome.ChromeDriver\nCapabilities {acceptInsecureCerts: false, browserName: chrome, browserVersion: 92.0.4515.159, chrome: {chromedriverVersion: 92.0.4515.107 (87a818b10553..., userDataDir: C:\\Users\\TATSUY~1\\AppData\\L...}, goog:chromeOptions: {debuggerAddress: localhost:62564}, javascriptEnabled: true, networkConnectionEnabled: false, pageLoadStrategy: normal, platform: WINDOWS, platformName: WINDOWS, proxy: Proxy(), setWindowRect: true, strictFileInteractability: false, timeouts: {implicit: 0, pageLoad: 300000, script: 30000}, unhandledPromptBehavior: dismiss and notify, webauthn:extension:credBlob: true, webauthn:extension:largeBlob: true, webauthn:virtualAuthenticators: true}\nSession ID: 772af56270e5e3cc64cf87d9f66766c7\n*** Element info: {Using=xpath, value=/html/body/div[2]/div/table/tbody/tr[2]/td[2]/form[1]/table/tbody/tr/td[1]/a[3]}",
      "time" : {
        "start" : 1629393016723,
        "stop" : 1629393025237,
        "duration" : 8514
      }
    }, {
      "uid" : "46fdfb90650366c3",
      "status" : "broken",
      "statusDetails" : "no such element: Unable to locate element: {\"method\":\"xpath\",\"selector\":\"/html/body/div[2]/div/table/tbody/tr[2]/td[2]/form[1]/table/tbody/tr/td[1]/a[7]\"}\n  (Session info: chrome=92.0.4515.159)\nFor documentation on this error, please visit: https://www.seleniumhq.org/exceptions/no_such_element.html\nBuild info: version: '3.141.59', revision: 'e82be7d358', time: '2018-11-14T08:17:03'\nSystem info: host: 'DESKTOP-JJVKPMQ', ip: '192.168.56.1', os.name: 'Windows 10', os.arch: 'amd64', os.version: '10.0', java.version: '16.0.2'\nDriver info: org.openqa.selenium.chrome.ChromeDriver\nCapabilities {acceptInsecureCerts: false, browserName: chrome, browserVersion: 92.0.4515.159, chrome: {chromedriverVersion: 92.0.4515.107 (87a818b10553..., userDataDir: C:\\Users\\TATSUY~1\\AppData\\L...}, goog:chromeOptions: {debuggerAddress: localhost:58800}, javascriptEnabled: true, networkConnectionEnabled: false, pageLoadStrategy: normal, platform: WINDOWS, platformName: WINDOWS, proxy: Proxy(), setWindowRect: true, strictFileInteractability: false, timeouts: {implicit: 0, pageLoad: 300000, script: 30000}, unhandledPromptBehavior: dismiss and notify, webauthn:extension:credBlob: true, webauthn:extension:largeBlob: true, webauthn:virtualAuthenticators: true}\nSession ID: dc6d7c346185c51597eec31c7eb7de4a\n*** Element info: {Using=xpath, value=/html/body/div[2]/div/table/tbody/tr[2]/td[2]/form[1]/table/tbody/tr/td[1]/a[7]}",
      "time" : {
        "start" : 1629392822695,
        "stop" : 1629392834394,
        "duration" : 11699
      }
    }, {
      "uid" : "f63bee574d932f52",
      "status" : "broken",
      "statusDetails" : "no such element: Unable to locate element: {\"method\":\"xpath\",\"selector\":\"/html/body/div[2]/div/table/tbody/tr[2]/td[2]/form[1]/table/tbody/tr/td[1]/a[7]\"}\n  (Session info: chrome=92.0.4515.159)\nFor documentation on this error, please visit: https://www.seleniumhq.org/exceptions/no_such_element.html\nBuild info: version: '3.141.59', revision: 'e82be7d358', time: '2018-11-14T08:17:03'\nSystem info: host: 'DESKTOP-JJVKPMQ', ip: '192.168.56.1', os.name: 'Windows 10', os.arch: 'amd64', os.version: '10.0', java.version: '16.0.2'\nDriver info: org.openqa.selenium.chrome.ChromeDriver\nCapabilities {acceptInsecureCerts: false, browserName: chrome, browserVersion: 92.0.4515.159, chrome: {chromedriverVersion: 92.0.4515.107 (87a818b10553..., userDataDir: C:\\Users\\TATSUY~1\\AppData\\L...}, goog:chromeOptions: {debuggerAddress: localhost:57386}, javascriptEnabled: true, networkConnectionEnabled: false, pageLoadStrategy: normal, platform: WINDOWS, platformName: WINDOWS, proxy: Proxy(), setWindowRect: true, strictFileInteractability: false, timeouts: {implicit: 0, pageLoad: 300000, script: 30000}, unhandledPromptBehavior: dismiss and notify, webauthn:extension:credBlob: true, webauthn:extension:largeBlob: true, webauthn:virtualAuthenticators: true}\nSession ID: 0771742df82defb86923751e50f7ec7b\n*** Element info: {Using=xpath, value=/html/body/div[2]/div/table/tbody/tr[2]/td[2]/form[1]/table/tbody/tr/td[1]/a[7]}",
      "time" : {
        "start" : 1629392715961,
        "stop" : 1629392728017,
        "duration" : 12056
      }
    }, {
      "uid" : "a5d3c97c9898a0a7",
      "status" : "broken",
      "statusDetails" : "element click intercepted: Element <input type=\"submit\" value=\"Keresés\" class=\"btnok\"> is not clickable at point (161, 522). Other element would receive the click: <div height=\"969\" class=\"qc-cmp-cleanslate css-c7qsui\">...</div>\n  (Session info: chrome=92.0.4515.159)\nBuild info: version: '3.141.59', revision: 'e82be7d358', time: '2018-11-14T08:17:03'\nSystem info: host: 'DESKTOP-JJVKPMQ', ip: '192.168.56.1', os.name: 'Windows 10', os.arch: 'amd64', os.version: '10.0', java.version: '16.0.2'\nDriver info: org.openqa.selenium.chrome.ChromeDriver\nCapabilities {acceptInsecureCerts: false, browserName: chrome, browserVersion: 92.0.4515.159, chrome: {chromedriverVersion: 92.0.4515.107 (87a818b10553..., userDataDir: C:\\Users\\TATSUY~1\\AppData\\L...}, goog:chromeOptions: {debuggerAddress: localhost:51544}, javascriptEnabled: true, networkConnectionEnabled: false, pageLoadStrategy: normal, platform: WINDOWS, platformName: WINDOWS, proxy: Proxy(), setWindowRect: true, strictFileInteractability: false, timeouts: {implicit: 0, pageLoad: 300000, script: 30000}, unhandledPromptBehavior: dismiss and notify, webauthn:extension:credBlob: true, webauthn:extension:largeBlob: true, webauthn:virtualAuthenticators: true}\nSession ID: 376a0d02909c00cc5bce75552ae3794a",
      "time" : {
        "start" : 1629392667989,
        "stop" : 1629392669327,
        "duration" : 1338
      }
    }, {
      "uid" : "74d73c4b95a0da9a",
      "status" : "broken",
      "statusDetails" : "stale element reference: element is not attached to the page document\n  (Session info: chrome=92.0.4515.159)\nFor documentation on this error, please visit: https://www.seleniumhq.org/exceptions/stale_element_reference.html\nBuild info: version: '3.141.59', revision: 'e82be7d358', time: '2018-11-14T08:17:03'\nSystem info: host: 'DESKTOP-JJVKPMQ', ip: '192.168.56.1', os.name: 'Windows 10', os.arch: 'amd64', os.version: '10.0', java.version: '16.0.2'\nDriver info: org.openqa.selenium.chrome.ChromeDriver\nCapabilities {acceptInsecureCerts: false, browserName: chrome, browserVersion: 92.0.4515.159, chrome: {chromedriverVersion: 92.0.4515.107 (87a818b10553..., userDataDir: C:\\Users\\TATSUY~1\\AppData\\L...}, goog:chromeOptions: {debuggerAddress: localhost:53672}, javascriptEnabled: true, networkConnectionEnabled: false, pageLoadStrategy: normal, platform: WINDOWS, platformName: WINDOWS, proxy: Proxy(), setWindowRect: true, strictFileInteractability: false, timeouts: {implicit: 0, pageLoad: 300000, script: 30000}, unhandledPromptBehavior: dismiss and notify, webauthn:extension:credBlob: true, webauthn:extension:largeBlob: true, webauthn:virtualAuthenticators: true}\nSession ID: 09aa73e8f31c1454dd68a81e1d25a68e",
      "time" : {
        "start" : 1629392439617,
        "stop" : 1629392447236,
        "duration" : 7619
      }
    }, {
      "uid" : "475fe718f17b7757",
      "status" : "broken",
      "statusDetails" : "stale element reference: element is not attached to the page document\n  (Session info: chrome=92.0.4515.159)\nFor documentation on this error, please visit: https://www.seleniumhq.org/exceptions/stale_element_reference.html\nBuild info: version: '3.141.59', revision: 'e82be7d358', time: '2018-11-14T08:17:03'\nSystem info: host: 'DESKTOP-JJVKPMQ', ip: '192.168.56.1', os.name: 'Windows 10', os.arch: 'amd64', os.version: '10.0', java.version: '16.0.2'\nDriver info: org.openqa.selenium.chrome.ChromeDriver\nCapabilities {acceptInsecureCerts: false, browserName: chrome, browserVersion: 92.0.4515.159, chrome: {chromedriverVersion: 92.0.4515.107 (87a818b10553..., userDataDir: C:\\Users\\TATSUY~1\\AppData\\L...}, goog:chromeOptions: {debuggerAddress: localhost:63765}, javascriptEnabled: true, networkConnectionEnabled: false, pageLoadStrategy: normal, platform: WINDOWS, platformName: WINDOWS, proxy: Proxy(), setWindowRect: true, strictFileInteractability: false, timeouts: {implicit: 0, pageLoad: 300000, script: 30000}, unhandledPromptBehavior: dismiss and notify, webauthn:extension:credBlob: true, webauthn:extension:largeBlob: true, webauthn:virtualAuthenticators: true}\nSession ID: 503b33a930a361205206d57a0c99cecf",
      "time" : {
        "start" : 1629392302803,
        "stop" : 1629392306012,
        "duration" : 3209
      }
    }, {
      "uid" : "6c4c7db41db9d2a6",
      "status" : "broken",
      "statusDetails" : "stale element reference: element is not attached to the page document\n  (Session info: chrome=92.0.4515.159)\nFor documentation on this error, please visit: https://www.seleniumhq.org/exceptions/stale_element_reference.html\nBuild info: version: '3.141.59', revision: 'e82be7d358', time: '2018-11-14T08:17:03'\nSystem info: host: 'DESKTOP-JJVKPMQ', ip: '192.168.56.1', os.name: 'Windows 10', os.arch: 'amd64', os.version: '10.0', java.version: '16.0.2'\nDriver info: org.openqa.selenium.chrome.ChromeDriver\nCapabilities {acceptInsecureCerts: false, browserName: chrome, browserVersion: 92.0.4515.159, chrome: {chromedriverVersion: 92.0.4515.107 (87a818b10553..., userDataDir: C:\\Users\\TATSUY~1\\AppData\\L...}, goog:chromeOptions: {debuggerAddress: localhost:52242}, javascriptEnabled: true, networkConnectionEnabled: false, pageLoadStrategy: normal, platform: WINDOWS, platformName: WINDOWS, proxy: Proxy(), setWindowRect: true, strictFileInteractability: false, timeouts: {implicit: 0, pageLoad: 300000, script: 30000}, unhandledPromptBehavior: dismiss and notify, webauthn:extension:credBlob: true, webauthn:extension:largeBlob: true, webauthn:virtualAuthenticators: true}\nSession ID: abb08c4ead794195193b93e042d3b3be",
      "time" : {
        "start" : 1629392159461,
        "stop" : 1629392161538,
        "duration" : 2077
      }
    }, {
      "uid" : "493c809d3361eae3",
      "status" : "broken",
      "statusDetails" : "invalid selector: Unable to locate an element with the xpath expression //*[@id=\\\"maintd\\\"]/form[1]/table/tbody/tr/td[1]/a[4] because of the following error:\nSyntaxError: Failed to execute 'evaluate' on 'Document': The string '//*[@id=\\\"maintd\\\"]/form[1]/table/tbody/tr/td[1]/a[4]' is not a valid XPath expression.\n  (Session info: chrome=92.0.4515.159)\nFor documentation on this error, please visit: https://www.seleniumhq.org/exceptions/invalid_selector_exception.html\nBuild info: version: '3.141.59', revision: 'e82be7d358', time: '2018-11-14T08:17:03'\nSystem info: host: 'DESKTOP-JJVKPMQ', ip: '192.168.56.1', os.name: 'Windows 10', os.arch: 'amd64', os.version: '10.0', java.version: '16.0.2'\nDriver info: org.openqa.selenium.chrome.ChromeDriver\nCapabilities {acceptInsecureCerts: false, browserName: chrome, browserVersion: 92.0.4515.159, chrome: {chromedriverVersion: 92.0.4515.107 (87a818b10553..., userDataDir: C:\\Users\\TATSUY~1\\AppData\\L...}, goog:chromeOptions: {debuggerAddress: localhost:56200}, javascriptEnabled: true, networkConnectionEnabled: false, pageLoadStrategy: normal, platform: WINDOWS, platformName: WINDOWS, proxy: Proxy(), setWindowRect: true, strictFileInteractability: false, timeouts: {implicit: 0, pageLoad: 300000, script: 30000}, unhandledPromptBehavior: dismiss and notify, webauthn:extension:credBlob: true, webauthn:extension:largeBlob: true, webauthn:virtualAuthenticators: true}\nSession ID: 168d53d9257fb1a633264ed7aade1a56\n*** Element info: {Using=xpath, value=//*[@id=\\\"maintd\\\"]/form[1]/table/tbody/tr/td[1]/a[4]}",
      "time" : {
        "start" : 1629391892801,
        "stop" : 1629391894852,
        "duration" : 2051
      }
    }, {
      "uid" : "f9ebbc01cde202b5",
      "status" : "broken",
      "statusDetails" : "Cannot locate an element using xpath=/html/body/div[2]/div/table/tbody/tr[2]/td[2]/form[1]/table/tbody/tr/td[1]/a[7]\nFor documentation on this error, please visit: https://www.seleniumhq.org/exceptions/no_such_element.html\nBuild info: version: '3.141.59', revision: 'e82be7d358', time: '2018-11-14T08:17:03'\nSystem info: host: 'DESKTOP-JJVKPMQ', ip: '192.168.56.1', os.name: 'Windows 10', os.arch: 'amd64', os.version: '10.0', java.version: '16.0.2'\nDriver info: driver.version: RemoteWebDriver",
      "time" : {
        "start" : 1629391364074,
        "stop" : 1629391375389,
        "duration" : 11315
      }
    }, {
      "uid" : "69894b92a0fef104",
      "status" : "broken",
      "statusDetails" : "Cannot locate an element using xpath=/html/body/div[2]/div/table/tbody/tr[2]/td[2]/form[1]/table/tbody/tr/td[1]/a[7]\nFor documentation on this error, please visit: https://www.seleniumhq.org/exceptions/no_such_element.html\nBuild info: version: '3.141.59', revision: 'e82be7d358', time: '2018-11-14T08:17:03'\nSystem info: host: 'DESKTOP-JJVKPMQ', ip: '192.168.56.1', os.name: 'Windows 10', os.arch: 'amd64', os.version: '10.0', java.version: '16.0.2'\nDriver info: driver.version: RemoteWebDriver",
      "time" : {
        "start" : 1629391337838,
        "stop" : 1629391351947,
        "duration" : 14109
      }
    }, {
      "uid" : "af91408594be32a4",
      "status" : "broken",
      "statusDetails" : "Cannot locate an element using xpath=/html/body/div[2]/div/table/tbody/tr[2]/td[2]/form[1]/table/tbody/tr/td[1]/a[7]\nFor documentation on this error, please visit: https://www.seleniumhq.org/exceptions/no_such_element.html\nBuild info: version: '3.141.59', revision: 'e82be7d358', time: '2018-11-14T08:17:03'\nSystem info: host: 'DESKTOP-JJVKPMQ', ip: '192.168.56.1', os.name: 'Windows 10', os.arch: 'amd64', os.version: '10.0', java.version: '16.0.2'\nDriver info: driver.version: RemoteWebDriver",
      "time" : {
        "start" : 1629391158225,
        "stop" : 1629391169686,
        "duration" : 11461
      }
    }, {
      "uid" : "ca7a4c35f0d77f88",
      "status" : "broken",
      "statusDetails" : "unknown error: cannot determine loading status\nfrom unknown error: cannot determine loading status\nfrom disconnected: received Inspector.detached event\n  (Session info: chrome=92.0.4515.159)\nBuild info: version: '3.141.59', revision: 'e82be7d358', time: '2018-11-14T08:17:03'\nSystem info: host: 'DESKTOP-JJVKPMQ', ip: '192.168.56.1', os.name: 'Windows 10', os.arch: 'amd64', os.version: '10.0', java.version: '16.0.2'\nDriver info: org.openqa.selenium.chrome.ChromeDriver\nCapabilities {acceptInsecureCerts: false, browserName: chrome, browserVersion: 92.0.4515.159, chrome: {chromedriverVersion: 92.0.4515.107 (87a818b10553..., userDataDir: C:\\Users\\TATSUY~1\\AppData\\L...}, goog:chromeOptions: {debuggerAddress: localhost:54039}, javascriptEnabled: true, networkConnectionEnabled: false, pageLoadStrategy: normal, platform: WINDOWS, platformName: WINDOWS, proxy: Proxy(), setWindowRect: true, strictFileInteractability: false, timeouts: {implicit: 0, pageLoad: 300000, script: 30000}, unhandledPromptBehavior: dismiss and notify, webauthn:extension:credBlob: true, webauthn:extension:largeBlob: true, webauthn:virtualAuthenticators: true}\nSession ID: a98b326d7520d1dabfe0e37f455b1efe",
      "time" : {
        "start" : 1629391088788,
        "stop" : 1629391093330,
        "duration" : 4542
      }
    }, {
      "uid" : "948a9b4c76aa0e3e",
      "status" : "broken",
      "statusDetails" : "Cannot locate an element using xpath=/html/body/div[2]/div/table/tbody/tr[2]/td[2]/form[1]/table/tbody/tr/td[1]/a[7]\nFor documentation on this error, please visit: https://www.seleniumhq.org/exceptions/no_such_element.html\nBuild info: version: '3.141.59', revision: 'e82be7d358', time: '2018-11-14T08:17:03'\nSystem info: host: 'DESKTOP-JJVKPMQ', ip: '192.168.56.1', os.name: 'Windows 10', os.arch: 'amd64', os.version: '10.0', java.version: '16.0.2'\nDriver info: driver.version: RemoteWebDriver",
      "time" : {
        "start" : 1629390988962,
        "stop" : 1629390999923,
        "duration" : 10961
      }
    }, {
      "uid" : "d32a89cf9bc5ccdc",
      "status" : "broken",
      "statusDetails" : "no such element: Unable to locate element: {\"method\":\"xpath\",\"selector\":\"/html/body/div[2]/div/table/tbody/tr[2]/td[2]/form[1]/table/tbody/tr/td[1]/a[7]\"}\n  (Session info: chrome=92.0.4515.159)\nFor documentation on this error, please visit: https://www.seleniumhq.org/exceptions/no_such_element.html\nBuild info: version: '3.141.59', revision: 'e82be7d358', time: '2018-11-14T08:17:03'\nSystem info: host: 'DESKTOP-JJVKPMQ', ip: '192.168.56.1', os.name: 'Windows 10', os.arch: 'amd64', os.version: '10.0', java.version: '16.0.2'\nDriver info: org.openqa.selenium.chrome.ChromeDriver\nCapabilities {acceptInsecureCerts: false, browserName: chrome, browserVersion: 92.0.4515.159, chrome: {chromedriverVersion: 92.0.4515.107 (87a818b10553..., userDataDir: C:\\Users\\TATSUY~1\\AppData\\L...}, goog:chromeOptions: {debuggerAddress: localhost:59585}, javascriptEnabled: true, networkConnectionEnabled: false, pageLoadStrategy: normal, platform: WINDOWS, platformName: WINDOWS, proxy: Proxy(), setWindowRect: true, strictFileInteractability: false, timeouts: {implicit: 0, pageLoad: 300000, script: 30000}, unhandledPromptBehavior: dismiss and notify, webauthn:extension:credBlob: true, webauthn:extension:largeBlob: true, webauthn:virtualAuthenticators: true}\nSession ID: 19758b2152fe4324057d3459ff69fff9\n*** Element info: {Using=xpath, value=/html/body/div[2]/div/table/tbody/tr[2]/td[2]/form[1]/table/tbody/tr/td[1]/a[7]}",
      "time" : {
        "start" : 1629382298603,
        "stop" : 1629382312033,
        "duration" : 13430
      }
    }, {
      "uid" : "50860625fedebd46",
      "status" : "failed",
      "statusDetails" : "expected:<...opicResult?tr_start=[24]0&tr_step=30&o=10&tq...> but was:<...opicResult?tr_start=[18]0&tr_step=30&o=10&tq...>",
      "time" : {
        "start" : 1629382231866,
        "stop" : 1629382242055,
        "duration" : 10189
      }
    }, {
      "uid" : "38954fe35b4882ea",
      "status" : "broken",
      "statusDetails" : "no such element: Unable to locate element: {\"method\":\"xpath\",\"selector\":\"//*[@id=\"maintd\"]/form[1]/table/tbody/tr/td[1]/a[2]\"}\n  (Session info: chrome=92.0.4515.159)\nFor documentation on this error, please visit: https://www.seleniumhq.org/exceptions/no_such_element.html\nBuild info: version: '3.141.59', revision: 'e82be7d358', time: '2018-11-14T08:17:03'\nSystem info: host: 'DESKTOP-JJVKPMQ', ip: '192.168.56.1', os.name: 'Windows 10', os.arch: 'amd64', os.version: '10.0', java.version: '16.0.2'\nDriver info: org.openqa.selenium.chrome.ChromeDriver\nCapabilities {acceptInsecureCerts: false, browserName: chrome, browserVersion: 92.0.4515.159, chrome: {chromedriverVersion: 92.0.4515.107 (87a818b10553..., userDataDir: C:\\Users\\TATSUY~1\\AppData\\L...}, goog:chromeOptions: {debuggerAddress: localhost:61510}, javascriptEnabled: true, networkConnectionEnabled: false, pageLoadStrategy: normal, platform: WINDOWS, platformName: WINDOWS, proxy: Proxy(), setWindowRect: true, strictFileInteractability: false, timeouts: {implicit: 0, pageLoad: 300000, script: 30000}, unhandledPromptBehavior: dismiss and notify, webauthn:extension:credBlob: true, webauthn:extension:largeBlob: true, webauthn:virtualAuthenticators: true}\nSession ID: bfd8770cc51169eedac90078a7a86c98\n*** Element info: {Using=xpath, value=//*[@id=\"maintd\"]/form[1]/table/tbody/tr/td[1]/a[2]}",
      "time" : {
        "start" : 1629382155105,
        "stop" : 1629382157508,
        "duration" : 2403
      }
    }, {
      "uid" : "6622d9aa22659cb",
      "status" : "broken",
      "statusDetails" : "no such element: Unable to locate element: {\"method\":\"xpath\",\"selector\":\"/html/body/div[2]/div/table/tbody/tr[2]/td[2]/form[1]/table/tbody/tr/td[1]/a[4]\"}\n  (Session info: chrome=92.0.4515.159)\nFor documentation on this error, please visit: https://www.seleniumhq.org/exceptions/no_such_element.html\nBuild info: version: '3.141.59', revision: 'e82be7d358', time: '2018-11-14T08:17:03'\nSystem info: host: 'DESKTOP-JJVKPMQ', ip: '192.168.56.1', os.name: 'Windows 10', os.arch: 'amd64', os.version: '10.0', java.version: '16.0.2'\nDriver info: org.openqa.selenium.chrome.ChromeDriver\nCapabilities {acceptInsecureCerts: false, browserName: chrome, browserVersion: 92.0.4515.159, chrome: {chromedriverVersion: 92.0.4515.107 (87a818b10553..., userDataDir: C:\\Users\\TATSUY~1\\AppData\\L...}, goog:chromeOptions: {debuggerAddress: localhost:58435}, javascriptEnabled: true, networkConnectionEnabled: false, pageLoadStrategy: normal, platform: WINDOWS, platformName: WINDOWS, proxy: Proxy(), setWindowRect: true, strictFileInteractability: false, timeouts: {implicit: 0, pageLoad: 300000, script: 30000}, unhandledPromptBehavior: dismiss and notify, webauthn:extension:credBlob: true, webauthn:extension:largeBlob: true, webauthn:virtualAuthenticators: true}\nSession ID: 5ba8b944917162ed7d39a531df796e4c\n*** Element info: {Using=xpath, value=/html/body/div[2]/div/table/tbody/tr[2]/td[2]/form[1]/table/tbody/tr/td[1]/a[4]}",
      "time" : {
        "start" : 1629382121028,
        "stop" : 1629382123116,
        "duration" : 2088
      }
    }, {
      "uid" : "dcda34a9b5234cec",
      "status" : "broken",
      "statusDetails" : "unknown error: cannot determine loading status\nfrom unknown error: cannot determine loading status\nfrom disconnected: received Inspector.detached event\n  (Session info: chrome=92.0.4515.159)\nBuild info: version: '3.141.59', revision: 'e82be7d358', time: '2018-11-14T08:17:03'\nSystem info: host: 'DESKTOP-JJVKPMQ', ip: '192.168.56.1', os.name: 'Windows 10', os.arch: 'amd64', os.version: '10.0', java.version: '16.0.2'\nDriver info: org.openqa.selenium.chrome.ChromeDriver\nCapabilities {acceptInsecureCerts: false, browserName: chrome, browserVersion: 92.0.4515.159, chrome: {chromedriverVersion: 92.0.4515.107 (87a818b10553..., userDataDir: C:\\Users\\TATSUY~1\\AppData\\L...}, goog:chromeOptions: {debuggerAddress: localhost:58758}, javascriptEnabled: true, networkConnectionEnabled: false, pageLoadStrategy: normal, platform: WINDOWS, platformName: WINDOWS, proxy: Proxy(), setWindowRect: true, strictFileInteractability: false, timeouts: {implicit: 0, pageLoad: 300000, script: 30000}, unhandledPromptBehavior: dismiss and notify, webauthn:extension:credBlob: true, webauthn:extension:largeBlob: true, webauthn:virtualAuthenticators: true}\nSession ID: fca640f72da0fb6e624f965615d5f5d2",
      "time" : {
        "start" : 1629382031527,
        "stop" : 1629382037350,
        "duration" : 5823
      }
    }, {
      "uid" : "81a655d184f92100",
      "status" : "failed",
      "statusDetails" : "expected:<...opicResult?tr_start=[24]0&tr_step=30&o=10&tq...> but was:<...opicResult?tr_start=[18]0&tr_step=30&o=10&tq...>",
      "time" : {
        "start" : 1629381993955,
        "stop" : 1629382004119,
        "duration" : 10164
      }
    }, {
      "uid" : "8371e42e933751a1",
      "status" : "broken",
      "statusDetails" : "unknown error: cannot determine loading status\nfrom disconnected: received Inspector.detached event\n  (Session info: chrome=92.0.4515.159)\nBuild info: version: '3.141.59', revision: 'e82be7d358', time: '2018-11-14T08:17:03'\nSystem info: host: 'DESKTOP-JJVKPMQ', ip: '192.168.56.1', os.name: 'Windows 10', os.arch: 'amd64', os.version: '10.0', java.version: '16.0.2'\nDriver info: org.openqa.selenium.chrome.ChromeDriver\nCapabilities {acceptInsecureCerts: false, browserName: chrome, browserVersion: 92.0.4515.159, chrome: {chromedriverVersion: 92.0.4515.107 (87a818b10553..., userDataDir: C:\\Users\\TATSUY~1\\AppData\\L...}, goog:chromeOptions: {debuggerAddress: localhost:57793}, javascriptEnabled: true, networkConnectionEnabled: false, pageLoadStrategy: normal, platform: WINDOWS, platformName: WINDOWS, proxy: Proxy(), setWindowRect: true, strictFileInteractability: false, timeouts: {implicit: 0, pageLoad: 300000, script: 30000}, unhandledPromptBehavior: dismiss and notify, webauthn:extension:credBlob: true, webauthn:extension:largeBlob: true, webauthn:virtualAuthenticators: true}\nSession ID: cf214827a47defcf0b46c8d470601911",
      "time" : {
        "start" : 1629381857435,
        "stop" : 1629381864297,
        "duration" : 6862
      }
    }, {
      "uid" : "b726b8d07d057bd7",
      "status" : "broken",
      "statusDetails" : "no such element: Unable to locate element: {\"method\":\"xpath\",\"selector\":\"/html/body/div[2]/div/table/tbody/tr[2]/td[2]/form[1]/table/tbody/tr/td[1]/a[4]\"}\n  (Session info: chrome=92.0.4515.159)\nFor documentation on this error, please visit: https://www.seleniumhq.org/exceptions/no_such_element.html\nBuild info: version: '3.141.59', revision: 'e82be7d358', time: '2018-11-14T08:17:03'\nSystem info: host: 'DESKTOP-JJVKPMQ', ip: '192.168.56.1', os.name: 'Windows 10', os.arch: 'amd64', os.version: '10.0', java.version: '16.0.2'\nDriver info: org.openqa.selenium.chrome.ChromeDriver\nCapabilities {acceptInsecureCerts: false, browserName: chrome, browserVersion: 92.0.4515.159, chrome: {chromedriverVersion: 92.0.4515.107 (87a818b10553..., userDataDir: C:\\Users\\TATSUY~1\\AppData\\L...}, goog:chromeOptions: {debuggerAddress: localhost:62983}, javascriptEnabled: true, networkConnectionEnabled: false, pageLoadStrategy: normal, platform: WINDOWS, platformName: WINDOWS, proxy: Proxy(), setWindowRect: true, strictFileInteractability: false, timeouts: {implicit: 0, pageLoad: 300000, script: 30000}, unhandledPromptBehavior: dismiss and notify, webauthn:extension:credBlob: true, webauthn:extension:largeBlob: true, webauthn:virtualAuthenticators: true}\nSession ID: 0db50b9764c29f3a961771ef7ab174d1\n*** Element info: {Using=xpath, value=/html/body/div[2]/div/table/tbody/tr[2]/td[2]/form[1]/table/tbody/tr/td[1]/a[4]}",
      "time" : {
        "start" : 1629381841301,
        "stop" : 1629381843487,
        "duration" : 2186
      }
    }, {
      "uid" : "7ea121de3b5511da",
      "status" : "failed",
      "statusDetails" : "expected:<...opicResult?tr_start=[24]0&tr_step=30&o=10&tq...> but was:<...opicResult?tr_start=[18]0&tr_step=30&o=10&tq...>",
      "time" : {
        "start" : 1629381806135,
        "stop" : 1629381816102,
        "duration" : 9967
      }
    }, {
      "uid" : "742a9a08d45aa1e8",
      "status" : "broken",
      "statusDetails" : "Expected condition failed: waiting for visibility of element located by By.xpath: /html/body/div[2]/div/table/tbody/tr[2]/td[2]/form[1]/table/tbody/tr/td[1]/a[1] (tried for 5 second(s) with 500 milliseconds interval)",
      "time" : {
        "start" : 1629381724571,
        "stop" : 1629381730231,
        "duration" : 5660
      }
    }, {
      "uid" : "51a2ddf8fffaf015",
      "status" : "broken",
      "statusDetails" : "no such element: Unable to locate element: {\"method\":\"xpath\",\"selector\":\"/html/body/div[2]/div/table/tbody/tr[2]/td[2]/form[1]/table/tbody/tr/td[1]/a[1]\"}\n  (Session info: chrome=92.0.4515.159)\nFor documentation on this error, please visit: https://www.seleniumhq.org/exceptions/no_such_element.html\nBuild info: version: '3.141.59', revision: 'e82be7d358', time: '2018-11-14T08:17:03'\nSystem info: host: 'DESKTOP-JJVKPMQ', ip: '192.168.56.1', os.name: 'Windows 10', os.arch: 'amd64', os.version: '10.0', java.version: '16.0.2'\nDriver info: org.openqa.selenium.chrome.ChromeDriver\nCapabilities {acceptInsecureCerts: false, browserName: chrome, browserVersion: 92.0.4515.159, chrome: {chromedriverVersion: 92.0.4515.107 (87a818b10553..., userDataDir: C:\\Users\\TATSUY~1\\AppData\\L...}, goog:chromeOptions: {debuggerAddress: localhost:58242}, javascriptEnabled: true, networkConnectionEnabled: false, pageLoadStrategy: normal, platform: WINDOWS, platformName: WINDOWS, proxy: Proxy(), setWindowRect: true, strictFileInteractability: false, timeouts: {implicit: 0, pageLoad: 300000, script: 30000}, unhandledPromptBehavior: dismiss and notify, webauthn:extension:credBlob: true, webauthn:extension:largeBlob: true, webauthn:virtualAuthenticators: true}\nSession ID: ec8c0d1385ac02c6c3fa5a46d00886d6\n*** Element info: {Using=xpath, value=/html/body/div[2]/div/table/tbody/tr[2]/td[2]/form[1]/table/tbody/tr/td[1]/a[1]}",
      "time" : {
        "start" : 1629381656471,
        "stop" : 1629381658049,
        "duration" : 1578
      }
    }, {
      "uid" : "c948b49bfe62a2fe",
      "status" : "broken",
      "statusDetails" : "no such element: Unable to locate element: {\"method\":\"xpath\",\"selector\":\"/html/body/div[2]/div/table/tbody/tr[2]/td[2]/form[1]/table/tbody/tr/td[1]/a[4]\"}\n  (Session info: chrome=92.0.4515.159)\nFor documentation on this error, please visit: https://www.seleniumhq.org/exceptions/no_such_element.html\nBuild info: version: '3.141.59', revision: 'e82be7d358', time: '2018-11-14T08:17:03'\nSystem info: host: 'DESKTOP-JJVKPMQ', ip: '192.168.56.1', os.name: 'Windows 10', os.arch: 'amd64', os.version: '10.0', java.version: '16.0.2'\nDriver info: org.openqa.selenium.chrome.ChromeDriver\nCapabilities {acceptInsecureCerts: false, browserName: chrome, browserVersion: 92.0.4515.159, chrome: {chromedriverVersion: 92.0.4515.107 (87a818b10553..., userDataDir: C:\\Users\\TATSUY~1\\AppData\\L...}, goog:chromeOptions: {debuggerAddress: localhost:49627}, javascriptEnabled: true, networkConnectionEnabled: false, pageLoadStrategy: normal, platform: WINDOWS, platformName: WINDOWS, proxy: Proxy(), setWindowRect: true, strictFileInteractability: false, timeouts: {implicit: 0, pageLoad: 300000, script: 30000}, unhandledPromptBehavior: dismiss and notify, webauthn:extension:credBlob: true, webauthn:extension:largeBlob: true, webauthn:virtualAuthenticators: true}\nSession ID: e3002ec3dd09b72470f7d2575f6ee6ee\n*** Element info: {Using=xpath, value=/html/body/div[2]/div/table/tbody/tr[2]/td[2]/form[1]/table/tbody/tr/td[1]/a[4]}",
      "time" : {
        "start" : 1629381579082,
        "stop" : 1629381580607,
        "duration" : 1525
      }
    }, {
      "uid" : "5e9b4f5b0609595",
      "status" : "broken",
      "statusDetails" : "no such element: Unable to locate element: {\"method\":\"xpath\",\"selector\":\"/html/body/div[2]/div/table/tbody/tr[2]/td[2]/form[1]/table/tbody/tr/td[1]/a[4]\"}\n  (Session info: chrome=92.0.4515.159)\nFor documentation on this error, please visit: https://www.seleniumhq.org/exceptions/no_such_element.html\nBuild info: version: '3.141.59', revision: 'e82be7d358', time: '2018-11-14T08:17:03'\nSystem info: host: 'DESKTOP-JJVKPMQ', ip: '192.168.56.1', os.name: 'Windows 10', os.arch: 'amd64', os.version: '10.0', java.version: '16.0.2'\nDriver info: org.openqa.selenium.chrome.ChromeDriver\nCapabilities {acceptInsecureCerts: false, browserName: chrome, browserVersion: 92.0.4515.159, chrome: {chromedriverVersion: 92.0.4515.107 (87a818b10553..., userDataDir: C:\\Users\\TATSUY~1\\AppData\\L...}, goog:chromeOptions: {debuggerAddress: localhost:56072}, javascriptEnabled: true, networkConnectionEnabled: false, pageLoadStrategy: normal, platform: WINDOWS, platformName: WINDOWS, proxy: Proxy(), setWindowRect: true, strictFileInteractability: false, timeouts: {implicit: 0, pageLoad: 300000, script: 30000}, unhandledPromptBehavior: dismiss and notify, webauthn:extension:credBlob: true, webauthn:extension:largeBlob: true, webauthn:virtualAuthenticators: true}\nSession ID: dd938694eb9c46b6ad31496567539a1f\n*** Element info: {Using=xpath, value=/html/body/div[2]/div/table/tbody/tr[2]/td[2]/form[1]/table/tbody/tr/td[1]/a[4]}",
      "time" : {
        "start" : 1629381488015,
        "stop" : 1629381489592,
        "duration" : 1577
      }
    }, {
      "uid" : "548ed4951711fe99",
      "status" : "failed",
      "statusDetails" : "expected:<...opicResult?tr_start=[24]0&tr_step=30&o=10&tq...> but was:<...opicResult?tr_start=[18]0&tr_step=30&o=10&tq...>",
      "time" : {
        "start" : 1629381377066,
        "stop" : 1629381386760,
        "duration" : 9694
      }
    }, {
      "uid" : "9b5b26ec72d6ecd7",
      "status" : "broken",
      "statusDetails" : "no such element: Unable to locate element: {\"method\":\"xpath\",\"selector\":\"//*[@id=\"maintd\"]/form[1]/table/tbody/tr/td[1]/a[7]\"}\n  (Session info: chrome=92.0.4515.159)\nFor documentation on this error, please visit: https://www.seleniumhq.org/exceptions/no_such_element.html\nBuild info: version: '3.141.59', revision: 'e82be7d358', time: '2018-11-14T08:17:03'\nSystem info: host: 'DESKTOP-JJVKPMQ', ip: '192.168.56.1', os.name: 'Windows 10', os.arch: 'amd64', os.version: '10.0', java.version: '16.0.2'\nDriver info: org.openqa.selenium.chrome.ChromeDriver\nCapabilities {acceptInsecureCerts: false, browserName: chrome, browserVersion: 92.0.4515.159, chrome: {chromedriverVersion: 92.0.4515.107 (87a818b10553..., userDataDir: C:\\Users\\TATSUY~1\\AppData\\L...}, goog:chromeOptions: {debuggerAddress: localhost:59704}, javascriptEnabled: true, networkConnectionEnabled: false, pageLoadStrategy: normal, platform: WINDOWS, platformName: WINDOWS, proxy: Proxy(), setWindowRect: true, strictFileInteractability: false, timeouts: {implicit: 0, pageLoad: 300000, script: 30000}, unhandledPromptBehavior: dismiss and notify, webauthn:extension:credBlob: true, webauthn:extension:largeBlob: true, webauthn:virtualAuthenticators: true}\nSession ID: 0acb853ef31108ac8d0b4fbef24dafa7\n*** Element info: {Using=xpath, value=//*[@id=\"maintd\"]/form[1]/table/tbody/tr/td[1]/a[7]}",
      "time" : {
        "start" : 1629381316296,
        "stop" : 1629381323783,
        "duration" : 7487
      }
    }, {
      "uid" : "51f2e4413475ae95",
      "status" : "broken",
      "statusDetails" : "no such element: Unable to locate element: {\"method\":\"xpath\",\"selector\":\"//*[@id=\"maintd\"]/form[1]/table/tbody/tr/td[1]/a[5]\"}\n  (Session info: chrome=92.0.4515.159)\nFor documentation on this error, please visit: https://www.seleniumhq.org/exceptions/no_such_element.html\nBuild info: version: '3.141.59', revision: 'e82be7d358', time: '2018-11-14T08:17:03'\nSystem info: host: 'DESKTOP-JJVKPMQ', ip: '192.168.56.1', os.name: 'Windows 10', os.arch: 'amd64', os.version: '10.0', java.version: '16.0.2'\nDriver info: org.openqa.selenium.chrome.ChromeDriver\nCapabilities {acceptInsecureCerts: false, browserName: chrome, browserVersion: 92.0.4515.159, chrome: {chromedriverVersion: 92.0.4515.107 (87a818b10553..., userDataDir: C:\\Users\\TATSUY~1\\AppData\\L...}, goog:chromeOptions: {debuggerAddress: localhost:63601}, javascriptEnabled: true, networkConnectionEnabled: false, pageLoadStrategy: normal, platform: WINDOWS, platformName: WINDOWS, proxy: Proxy(), setWindowRect: true, strictFileInteractability: false, timeouts: {implicit: 0, pageLoad: 300000, script: 30000}, unhandledPromptBehavior: dismiss and notify, webauthn:extension:credBlob: true, webauthn:extension:largeBlob: true, webauthn:virtualAuthenticators: true}\nSession ID: 31b352ab3ad5081a85fc7bd2e4de5408\n*** Element info: {Using=xpath, value=//*[@id=\"maintd\"]/form[1]/table/tbody/tr/td[1]/a[5]}",
      "time" : {
        "start" : 1629381249398,
        "stop" : 1629381255004,
        "duration" : 5606
      }
    }, {
      "uid" : "1a18c7002abe613d",
      "status" : "broken",
      "statusDetails" : "no such element: Unable to locate element: {\"method\":\"xpath\",\"selector\":\"//*[@id=\"maintd\"]/form[1]/table/tbody/tr/td[1]/a[2]\"}\n  (Session info: chrome=92.0.4515.159)\nFor documentation on this error, please visit: https://www.seleniumhq.org/exceptions/no_such_element.html\nBuild info: version: '3.141.59', revision: 'e82be7d358', time: '2018-11-14T08:17:03'\nSystem info: host: 'DESKTOP-JJVKPMQ', ip: '192.168.56.1', os.name: 'Windows 10', os.arch: 'amd64', os.version: '10.0', java.version: '16.0.2'\nDriver info: org.openqa.selenium.chrome.ChromeDriver\nCapabilities {acceptInsecureCerts: false, browserName: chrome, browserVersion: 92.0.4515.159, chrome: {chromedriverVersion: 92.0.4515.107 (87a818b10553..., userDataDir: C:\\Users\\TATSUY~1\\AppData\\L...}, goog:chromeOptions: {debuggerAddress: localhost:50873}, javascriptEnabled: true, networkConnectionEnabled: false, pageLoadStrategy: normal, platform: WINDOWS, platformName: WINDOWS, proxy: Proxy(), setWindowRect: true, strictFileInteractability: false, timeouts: {implicit: 0, pageLoad: 300000, script: 30000}, unhandledPromptBehavior: dismiss and notify, webauthn:extension:credBlob: true, webauthn:extension:largeBlob: true, webauthn:virtualAuthenticators: true}\nSession ID: 6336f15de01a9e5ad56ec91b8cd1ed09\n*** Element info: {Using=xpath, value=//*[@id=\"maintd\"]/form[1]/table/tbody/tr/td[1]/a[2]}",
      "time" : {
        "start" : 1629381150560,
        "stop" : 1629381153046,
        "duration" : 2486
      }
    }, {
      "uid" : "35a0f1f631ece852",
      "status" : "broken",
      "statusDetails" : "no such element: Unable to locate element: {\"method\":\"xpath\",\"selector\":\"//*[@id=\"maintd\"]/form[1]/table/tbody/tr/td[1]/a[3]\"}\n  (Session info: chrome=92.0.4515.159)\nFor documentation on this error, please visit: https://www.seleniumhq.org/exceptions/no_such_element.html\nBuild info: version: '3.141.59', revision: 'e82be7d358', time: '2018-11-14T08:17:03'\nSystem info: host: 'DESKTOP-JJVKPMQ', ip: '192.168.56.1', os.name: 'Windows 10', os.arch: 'amd64', os.version: '10.0', java.version: '16.0.2'\nDriver info: org.openqa.selenium.chrome.ChromeDriver\nCapabilities {acceptInsecureCerts: false, browserName: chrome, browserVersion: 92.0.4515.159, chrome: {chromedriverVersion: 92.0.4515.107 (87a818b10553..., userDataDir: C:\\Users\\TATSUY~1\\AppData\\L...}, goog:chromeOptions: {debuggerAddress: localhost:52509}, javascriptEnabled: true, networkConnectionEnabled: false, pageLoadStrategy: normal, platform: WINDOWS, platformName: WINDOWS, proxy: Proxy(), setWindowRect: true, strictFileInteractability: false, timeouts: {implicit: 0, pageLoad: 300000, script: 30000}, unhandledPromptBehavior: dismiss and notify, webauthn:extension:credBlob: true, webauthn:extension:largeBlob: true, webauthn:virtualAuthenticators: true}\nSession ID: 186160a226cff2c101e120bc991caf2e\n*** Element info: {Using=xpath, value=//*[@id=\"maintd\"]/form[1]/table/tbody/tr/td[1]/a[3]}",
      "time" : {
        "start" : 1629381116700,
        "stop" : 1629381120108,
        "duration" : 3408
      }
    }, {
      "uid" : "f7be447852bc4045",
      "status" : "broken",
      "statusDetails" : "no such element: Unable to locate element: {\"method\":\"xpath\",\"selector\":\"//*[@id=\"maintd\"]/form[1]/table/tbody/tr/td[1]/a[2]\"}\n  (Session info: chrome=92.0.4515.159)\nFor documentation on this error, please visit: https://www.seleniumhq.org/exceptions/no_such_element.html\nBuild info: version: '3.141.59', revision: 'e82be7d358', time: '2018-11-14T08:17:03'\nSystem info: host: 'DESKTOP-JJVKPMQ', ip: '192.168.56.1', os.name: 'Windows 10', os.arch: 'amd64', os.version: '10.0', java.version: '16.0.2'\nDriver info: org.openqa.selenium.chrome.ChromeDriver\nCapabilities {acceptInsecureCerts: false, browserName: chrome, browserVersion: 92.0.4515.159, chrome: {chromedriverVersion: 92.0.4515.107 (87a818b10553..., userDataDir: C:\\Users\\TATSUY~1\\AppData\\L...}, goog:chromeOptions: {debuggerAddress: localhost:63217}, javascriptEnabled: true, networkConnectionEnabled: false, pageLoadStrategy: normal, platform: WINDOWS, platformName: WINDOWS, proxy: Proxy(), setWindowRect: true, strictFileInteractability: false, timeouts: {implicit: 0, pageLoad: 300000, script: 30000}, unhandledPromptBehavior: dismiss and notify, webauthn:extension:credBlob: true, webauthn:extension:largeBlob: true, webauthn:virtualAuthenticators: true}\nSession ID: a690487900a434206e8203f52e517eab\n*** Element info: {Using=xpath, value=//*[@id=\"maintd\"]/form[1]/table/tbody/tr/td[1]/a[2]}",
      "time" : {
        "start" : 1629380975571,
        "stop" : 1629380978176,
        "duration" : 2605
      }
    }, {
      "uid" : "6124e31e03ee88ba",
      "status" : "broken",
      "statusDetails" : "no such element: Unable to locate element: {\"method\":\"xpath\",\"selector\":\"//*[@id=\"maintd\"]/form[1]/table/tbody/tr/td[1]/a[4]\"}\n  (Session info: chrome=92.0.4515.159)\nFor documentation on this error, please visit: https://www.seleniumhq.org/exceptions/no_such_element.html\nBuild info: version: '3.141.59', revision: 'e82be7d358', time: '2018-11-14T08:17:03'\nSystem info: host: 'DESKTOP-JJVKPMQ', ip: '192.168.56.1', os.name: 'Windows 10', os.arch: 'amd64', os.version: '10.0', java.version: '16.0.2'\nDriver info: org.openqa.selenium.chrome.ChromeDriver\nCapabilities {acceptInsecureCerts: false, browserName: chrome, browserVersion: 92.0.4515.159, chrome: {chromedriverVersion: 92.0.4515.107 (87a818b10553..., userDataDir: C:\\Users\\TATSUY~1\\AppData\\L...}, goog:chromeOptions: {debuggerAddress: localhost:57813}, javascriptEnabled: true, networkConnectionEnabled: false, pageLoadStrategy: normal, platform: WINDOWS, platformName: WINDOWS, proxy: Proxy(), setWindowRect: true, strictFileInteractability: false, timeouts: {implicit: 0, pageLoad: 300000, script: 30000}, unhandledPromptBehavior: dismiss and notify, webauthn:extension:credBlob: true, webauthn:extension:largeBlob: true, webauthn:virtualAuthenticators: true}\nSession ID: ff0568e2fd87ce05c8726e138b81fb6e\n*** Element info: {Using=xpath, value=//*[@id=\"maintd\"]/form[1]/table/tbody/tr/td[1]/a[4]}",
      "time" : {
        "start" : 1629380861164,
        "stop" : 1629380863569,
        "duration" : 2405
      }
    }, {
      "uid" : "aa129bb496e37eda",
      "status" : "broken",
      "statusDetails" : "stale element reference: element is not attached to the page document\n  (Session info: chrome=92.0.4515.159)\nFor documentation on this error, please visit: https://www.seleniumhq.org/exceptions/stale_element_reference.html\nBuild info: version: '3.141.59', revision: 'e82be7d358', time: '2018-11-14T08:17:03'\nSystem info: host: 'DESKTOP-JJVKPMQ', ip: '192.168.56.1', os.name: 'Windows 10', os.arch: 'amd64', os.version: '10.0', java.version: '16.0.2'\nDriver info: org.openqa.selenium.chrome.ChromeDriver\nCapabilities {acceptInsecureCerts: false, browserName: chrome, browserVersion: 92.0.4515.159, chrome: {chromedriverVersion: 92.0.4515.107 (87a818b10553..., userDataDir: C:\\Users\\TATSUY~1\\AppData\\L...}, goog:chromeOptions: {debuggerAddress: localhost:61588}, javascriptEnabled: true, networkConnectionEnabled: false, pageLoadStrategy: normal, platform: WINDOWS, platformName: WINDOWS, proxy: Proxy(), setWindowRect: true, strictFileInteractability: false, timeouts: {implicit: 0, pageLoad: 300000, script: 30000}, unhandledPromptBehavior: dismiss and notify, webauthn:extension:credBlob: true, webauthn:extension:largeBlob: true, webauthn:virtualAuthenticators: true}\nSession ID: 6c9c102d3873d9056d4e13909b6fc37f",
      "time" : {
        "start" : 1629380836082,
        "stop" : 1629380838488,
        "duration" : 2406
      }
    }, {
      "uid" : "a4d617a36468b683",
      "status" : "passed",
      "time" : {
        "start" : 1629356535477,
        "stop" : 1629356543040,
        "duration" : 7563
      }
    }, {
      "uid" : "5dd485ab64d33743",
      "status" : "passed",
      "time" : {
        "start" : 1629356276392,
        "stop" : 1629356284046,
        "duration" : 7654
      }
    }, {
      "uid" : "823744178c7a3c8b",
      "status" : "passed",
      "time" : {
        "start" : 1629356153488,
        "stop" : 1629356160277,
        "duration" : 6789
      }
    }, {
      "uid" : "54a8f62b5b97368d",
      "status" : "passed",
      "time" : {
        "start" : 1629356046865,
        "stop" : 1629356054287,
        "duration" : 7422
      }
    }, {
      "uid" : "6fc886268e9f6621",
      "status" : "broken",
      "statusDetails" : "no such element: Unable to locate element: {\"method\":\"xpath\",\"selector\":\"//*[@id=\"maintd\"]/form[1]/table/tbody/tr/td[1]/a[1]\"}\n  (Session info: chrome=92.0.4515.159)\nFor documentation on this error, please visit: https://www.seleniumhq.org/exceptions/no_such_element.html\nBuild info: version: '3.141.59', revision: 'e82be7d358', time: '2018-11-14T08:17:03'\nSystem info: host: 'DESKTOP-JJVKPMQ', ip: '192.168.56.1', os.name: 'Windows 10', os.arch: 'amd64', os.version: '10.0', java.version: '16.0.2'\nDriver info: org.openqa.selenium.chrome.ChromeDriver\nCapabilities {acceptInsecureCerts: false, browserName: chrome, browserVersion: 92.0.4515.159, chrome: {chromedriverVersion: 92.0.4515.107 (87a818b10553..., userDataDir: c:\\Users\\Tatsuya Hiroki\\App...}, goog:chromeOptions: {debuggerAddress: localhost:52542}, javascriptEnabled: true, networkConnectionEnabled: false, pageLoadStrategy: normal, platform: WINDOWS, platformName: WINDOWS, proxy: Proxy(), setWindowRect: true, strictFileInteractability: false, timeouts: {implicit: 0, pageLoad: 300000, script: 30000}, unhandledPromptBehavior: dismiss and notify, webauthn:extension:credBlob: true, webauthn:extension:largeBlob: true, webauthn:virtualAuthenticators: true}\nSession ID: 905160fcb95ef26238e2a39099f92806\n*** Element info: {Using=xpath, value=//*[@id=\"maintd\"]/form[1]/table/tbody/tr/td[1]/a[1]}",
      "time" : {
        "start" : 1629356032818,
        "stop" : 1629356033195,
        "duration" : 377
      }
    }, {
      "uid" : "471817e3273503b6",
      "status" : "passed",
      "time" : {
        "start" : 1629356007957,
        "stop" : 1629356015357,
        "duration" : 7400
      }
    }, {
      "uid" : "262aee6bcd041686",
      "status" : "broken",
      "statusDetails" : "invalid selector: An invalid or illegal selector was specified\n  (Session info: chrome=92.0.4515.159)\nFor documentation on this error, please visit: https://www.seleniumhq.org/exceptions/invalid_selector_exception.html\nBuild info: version: '3.141.59', revision: 'e82be7d358', time: '2018-11-14T08:17:03'\nSystem info: host: 'DESKTOP-JJVKPMQ', ip: '192.168.56.1', os.name: 'Windows 10', os.arch: 'amd64', os.version: '10.0', java.version: '16.0.2'\nDriver info: org.openqa.selenium.chrome.ChromeDriver\nCapabilities {acceptInsecureCerts: false, browserName: chrome, browserVersion: 92.0.4515.159, chrome: {chromedriverVersion: 92.0.4515.107 (87a818b10553..., userDataDir: c:\\Users\\Tatsuya Hiroki\\App...}, goog:chromeOptions: {debuggerAddress: localhost:58129}, javascriptEnabled: true, networkConnectionEnabled: false, pageLoadStrategy: normal, platform: WINDOWS, platformName: WINDOWS, proxy: Proxy(), setWindowRect: true, strictFileInteractability: false, timeouts: {implicit: 0, pageLoad: 300000, script: 30000}, unhandledPromptBehavior: dismiss and notify, webauthn:extension:credBlob: true, webauthn:extension:largeBlob: true, webauthn:virtualAuthenticators: true}\nSession ID: 95dde0115ea61d9881bf5ac595f1c313\n*** Element info: {Using=css selector, value=//*[@id=\"maintd\"]/form[1]/table/tbody/tr/td[1]/a[1]}",
      "time" : {
        "start" : 1629355977020,
        "stop" : 1629355977398,
        "duration" : 378
      }
    }, {
      "uid" : "839e2434d982368e",
      "status" : "broken",
      "statusDetails" : "no such element: Unable to locate element: {\"method\":\"css selector\",\"selector\":\"#maintd > form:nth-child(2) > table:nth-child(2) > tbody:nth-child(1) > tr:nth-child(1) > td:nth-child(1) > a:nth-child(2)\"}\n  (Session info: chrome=92.0.4515.159)\nFor documentation on this error, please visit: https://www.seleniumhq.org/exceptions/no_such_element.html\nBuild info: version: '3.141.59', revision: 'e82be7d358', time: '2018-11-14T08:17:03'\nSystem info: host: 'DESKTOP-JJVKPMQ', ip: '192.168.56.1', os.name: 'Windows 10', os.arch: 'amd64', os.version: '10.0', java.version: '16.0.2'\nDriver info: org.openqa.selenium.chrome.ChromeDriver\nCapabilities {acceptInsecureCerts: false, browserName: chrome, browserVersion: 92.0.4515.159, chrome: {chromedriverVersion: 92.0.4515.107 (87a818b10553..., userDataDir: c:\\Users\\Tatsuya Hiroki\\App...}, goog:chromeOptions: {debuggerAddress: localhost:62404}, javascriptEnabled: true, networkConnectionEnabled: false, pageLoadStrategy: normal, platform: WINDOWS, platformName: WINDOWS, proxy: Proxy(), setWindowRect: true, strictFileInteractability: false, timeouts: {implicit: 0, pageLoad: 300000, script: 30000}, unhandledPromptBehavior: dismiss and notify, webauthn:extension:credBlob: true, webauthn:extension:largeBlob: true, webauthn:virtualAuthenticators: true}\nSession ID: 9d858b269220d776803304cb58b82e75\n*** Element info: {Using=css selector, value=#maintd > form:nth-child(2) > table:nth-child(2) > tbody:nth-child(1) > tr:nth-child(1) > td:nth-child(1) > a:nth-child(2)}",
      "time" : {
        "start" : 1629355838445,
        "stop" : 1629355839638,
        "duration" : 1193
      }
    }, {
      "uid" : "a2bcc17d671dca3",
      "status" : "passed",
      "time" : {
        "start" : 1629355740098,
        "stop" : 1629355747208,
        "duration" : 7110
      }
    }, {
      "uid" : "e5f665c9473f9000",
      "status" : "broken",
      "statusDetails" : "no such element: Unable to locate element: {\"method\":\"css selector\",\"selector\":\"#maintd > form:nth-child(2) > table:nth-child(2) > tbody:nth-child(1) > tr:nth-child(1) > td:nth-child(1) > a:nth-child(2)\"}\n  (Session info: chrome=92.0.4515.159)\nFor documentation on this error, please visit: https://www.seleniumhq.org/exceptions/no_such_element.html\nBuild info: version: '3.141.59', revision: 'e82be7d358', time: '2018-11-14T08:17:03'\nSystem info: host: 'DESKTOP-JJVKPMQ', ip: '192.168.56.1', os.name: 'Windows 10', os.arch: 'amd64', os.version: '10.0', java.version: '16.0.2'\nDriver info: org.openqa.selenium.chrome.ChromeDriver\nCapabilities {acceptInsecureCerts: false, browserName: chrome, browserVersion: 92.0.4515.159, chrome: {chromedriverVersion: 92.0.4515.107 (87a818b10553..., userDataDir: c:\\Users\\Tatsuya Hiroki\\App...}, goog:chromeOptions: {debuggerAddress: localhost:54387}, javascriptEnabled: true, networkConnectionEnabled: false, pageLoadStrategy: normal, platform: WINDOWS, platformName: WINDOWS, proxy: Proxy(), setWindowRect: true, strictFileInteractability: false, timeouts: {implicit: 0, pageLoad: 300000, script: 30000}, unhandledPromptBehavior: dismiss and notify, webauthn:extension:credBlob: true, webauthn:extension:largeBlob: true, webauthn:virtualAuthenticators: true}\nSession ID: 29b5069b4c35a4cd6dc4d35e586ab3fb\n*** Element info: {Using=css selector, value=#maintd > form:nth-child(2) > table:nth-child(2) > tbody:nth-child(1) > tr:nth-child(1) > td:nth-child(1) > a:nth-child(2)}",
      "time" : {
        "start" : 1629355727586,
        "stop" : 1629355727965,
        "duration" : 379
      }
    }, {
      "uid" : "55dc5f9850918efc",
      "status" : "passed",
      "time" : {
        "start" : 1629290799113,
        "stop" : 1629290807383,
        "duration" : 8270
      }
    }, {
      "uid" : "72cde0f1a5899804",
      "status" : "broken",
      "statusDetails" : "Session ID is null. Using WebDriver after calling quit()?\nBuild info: version: '3.141.59', revision: 'e82be7d358', time: '2018-11-14T08:17:03'\nSystem info: host: 'DESKTOP-JJVKPMQ', ip: '192.168.56.1', os.name: 'Windows 10', os.arch: 'amd64', os.version: '10.0', java.version: '16.0.2'\nDriver info: driver.version: RemoteWebDriver",
      "time" : {
        "start" : 1629290700648,
        "stop" : 1629290700654,
        "duration" : 6
      }
    }, {
      "uid" : "ec9b47a882199338",
      "status" : "passed",
      "time" : {
        "start" : 1629102607669,
        "stop" : 1629102614979,
        "duration" : 7310
      }
    } ],
    "categories" : [ ],
    "history" : {
      "statistic" : {
        "failed" : 0,
        "broken" : 0,
        "skipped" : 0,
        "passed" : 9,
        "unknown" : 0,
        "total" : 9
      },
      "items" : [ {
        "uid" : "6cba6373d047a2cb",
        "reportUrl" : "https://Christopher9411.github.io/ExamworkProject/44//#testresult/6cba6373d047a2cb",
        "status" : "passed",
        "time" : {
          "start" : 1629807456637,
          "stop" : 1629807471222,
          "duration" : 14585
        }
      }, {
        "uid" : "ab7b34358a90e4bf",
        "reportUrl" : "https://Christopher9411.github.io/ExamworkProject/43//#testresult/ab7b34358a90e4bf",
        "status" : "passed",
        "time" : {
          "start" : 1629807456637,
          "stop" : 1629807471222,
          "duration" : 14585
        }
      }, {
        "uid" : "41fb69f329fafbb0",
        "reportUrl" : "https://Christopher9411.github.io/ExamworkProject/42//#testresult/41fb69f329fafbb0",
        "status" : "passed",
        "time" : {
          "start" : 1629807456637,
          "stop" : 1629807471222,
          "duration" : 14585
        }
      }, {
        "uid" : "2d4fb9dfa7750dae",
        "reportUrl" : "https://Christopher9411.github.io/ExamworkProject/41//#testresult/2d4fb9dfa7750dae",
        "status" : "passed",
        "time" : {
          "start" : 1629807456637,
          "stop" : 1629807471222,
          "duration" : 14585
        }
      }, {
        "uid" : "9982a2a7e4df70cf",
        "reportUrl" : "https://Christopher9411.github.io/ExamworkProject/40//#testresult/9982a2a7e4df70cf",
        "status" : "passed",
        "time" : {
          "start" : 1629807456637,
          "stop" : 1629807471222,
          "duration" : 14585
        }
      }, {
        "uid" : "7c2c469b4c269715",
        "reportUrl" : "https://Christopher9411.github.io/ExamworkProject/39//#testresult/7c2c469b4c269715",
        "status" : "passed",
        "time" : {
          "start" : 1629807456637,
          "stop" : 1629807471222,
          "duration" : 14585
        }
      }, {
        "uid" : "de08e357a2ac060c",
        "reportUrl" : "https://Christopher9411.github.io/ExamworkProject/38//#testresult/de08e357a2ac060c",
        "status" : "passed",
        "time" : {
          "start" : 1629807456637,
          "stop" : 1629807471222,
          "duration" : 14585
        }
      }, {
        "uid" : "5734da3d0dabee36",
        "reportUrl" : "https://Christopher9411.github.io/ExamworkProject/37//#testresult/5734da3d0dabee36",
        "status" : "passed",
        "time" : {
          "start" : 1629807456637,
          "stop" : 1629807471222,
          "duration" : 14585
        }
      } ]
    },
    "tags" : [ ]
  },
  "source" : "11142882301b09b0.json",
  "parameterValues" : [ ]
}